Log file open, 05/09/23 10:47:42
LogWindows: Failed to load 'aqProf.dll' (GetLastError=126)
LogWindows: File 'aqProf.dll' does not exist
LogWindows: Failed to load 'VSPerf140.dll' (GetLastError=126)
LogWindows: File 'VSPerf140.dll' does not exist
LogWindows: Failed to load 'VtuneApi.dll' (GetLastError=126)
LogWindows: File 'VtuneApi.dll' does not exist
LogWindows: Failed to load 'VtuneApi32e.dll' (GetLastError=126)
LogWindows: File 'VtuneApi32e.dll' does not exist
LogInit: Display: Running engine for game: GameTaisyou_2023
LogPlatformFile: Not using cached read wrapper
LogInit: Display: RandInit(-2064024527) SRandInit(-2064024526).
LogTaskGraph: Started task graph with 5 named threads and 26 total threads with 3 sets of task threads.
LogStats: Stats thread started at 0.556539
LogD3D11RHI: Aftermath initialized
LogPluginManager: Mounting plugin Paper2D
LogPluginManager: Mounting plugin LightPropagationVolume
LogPluginManager: Mounting plugin CodeLiteSourceCodeAccess
LogPluginManager: Mounting plugin GitSourceControl
LogPluginManager: Mounting plugin KDevelopSourceCodeAccess
LogPluginManager: Mounting plugin NullSourceCodeAccess
LogPluginManager: Mounting plugin PerforceSourceControl
LogPluginManager: Mounting plugin SubversionSourceControl
LogPluginManager: Mounting plugin UObjectPlugin
LogPluginManager: Mounting plugin VisualStudioSourceCodeAccess
LogPluginManager: Mounting plugin XCodeSourceCodeAccess
LogPluginManager: Mounting plugin AssetManagerEditor
LogPluginManager: Mounting plugin AudioCapture
LogPluginManager: Mounting plugin FacialAnimation
LogPluginManager: Mounting plugin GameplayTagsEditor
LogPluginManager: Mounting plugin MobileLauncherProfileWizard
LogPluginManager: Mounting plugin PluginBrowser
LogPluginManager: Mounting plugin SpeedTreeImporter
LogPluginManager: Mounting plugin AlembicImporter
LogPluginManager: Mounting plugin CharacterAI
LogPluginManager: Mounting plugin HTML5Networking
LogPluginManager: Mounting plugin AndroidMedia
LogPluginManager: Mounting plugin AvfMedia
LogPluginManager: Mounting plugin MediaPlayerEditor
LogPluginManager: Mounting plugin WmfMedia
LogPluginManager: Mounting plugin TcpMessaging
LogPluginManager: Mounting plugin UdpMessaging
LogPluginManager: Mounting plugin LevelSequenceEditor
LogPluginManager: Mounting plugin MatineeToLevelSequence
LogPluginManager: Mounting plugin OnlineSubsystemGooglePlay
LogPluginManager: Mounting plugin OnlineSubsystemIOS
LogPluginManager: Mounting plugin OnlineSubsystem
LogPluginManager: Mounting plugin OnlineSubsystemNull
LogPluginManager: Mounting plugin OnlineSubsystemUtils
LogPluginManager: Mounting plugin AndroidDeviceProfileSelector
LogPluginManager: Mounting plugin AndroidMoviePlayer
LogPluginManager: Mounting plugin AndroidPermission
LogPluginManager: Mounting plugin AppleMoviePlayer
LogPluginManager: Mounting plugin ArchVisCharacter
LogPluginManager: Mounting plugin CableComponent
LogPluginManager: Mounting plugin CustomMeshComponent
LogPluginManager: Mounting plugin ExampleDeviceProfileSelector
LogPluginManager: Mounting plugin GoogleCloudMessaging
LogPluginManager: Mounting plugin ImmediatePhysics
LogPluginManager: Mounting plugin IOSDeviceProfileSelector
LogPluginManager: Mounting plugin LinuxDeviceProfileSelector
LogPluginManager: Mounting plugin LocationServicesBPLibrary
LogPluginManager: Mounting plugin MobilePatchingUtils
LogPluginManager: Mounting plugin OculusVR
LogPluginManager: Mounting plugin PhysXVehicles
LogPluginManager: Mounting plugin ProceduralMeshComponent
LogPluginManager: Mounting plugin RuntimePhysXCooking
LogPluginManager: Mounting plugin SteamVR
LogPluginManager: Mounting plugin WindowsMoviePlayer
LogInit: Using libcurl 7.47.1
LogInit:  - built for x86_64-pc-win32
LogInit:  - supports SSL with OpenSSL/1.0.2g
LogInit:  - supports HTTP deflate (compression) using libz 1.2.8
LogInit:  - other features:
LogInit:      CURL_VERSION_SSL
LogInit:      CURL_VERSION_LIBZ
LogInit:      CURL_VERSION_IPV6
LogInit:      CURL_VERSION_ASYNCHDNS
LogInit:      CURL_VERSION_LARGEFILE
LogInit:      CURL_VERSION_IDN
LogInit:  CurlRequestOptions (configurable via config and command line):
LogInit:  - bVerifyPeer = false  - Libcurl will NOT verify peer certificate
LogInit:  - bUseHttpProxy = false  - Libcurl will NOT use HTTP proxy
LogInit:  - bDontReuseConnections = false  - Libcurl will reuse connections
LogInit:  - CertBundlePath = nullptr  - Libcurl will use whatever was configured at build time.
LogInit: Build: ++UE4+Release-4.17-CL-3658906
LogInit: Engine Version: 4.17.2-3658906+++UE4+Release-4.17
LogInit: Compatible Engine Version: 4.17.0-3573198+++UE4+Release-4.17
LogInit: Net CL: 3573198
LogDevObjectVersion: Number of dev versions registered: 16
LogDevObjectVersion:   Dev-Blueprints (B0D832E4-1F89-4F0D-ACCF-7EB736FD4AA2): 10
LogDevObjectVersion:   Dev-Build (E1C64328-A22C-4D53-A36C-8E866417BD8C): 0
LogDevObjectVersion:   Dev-Core (375EC13C-06E4-48FB-B500-84F0262A717E): 2
LogDevObjectVersion:   Dev-Editor (E4B068ED-F494-42E9-A231-DA0B2E46BB41): 20
LogDevObjectVersion:   Dev-Framework (CFFC743F-43B0-4480-9391-14DF171D2073): 28
LogDevObjectVersion:   Dev-Mobile (B02B49B5-BB20-44E9-A304-32B752E40360): 0
LogDevObjectVersion:   Dev-Networking (A4E4105C-59A1-49B5-A7C5-40C4547EDFEE): 0
LogDevObjectVersion:   Dev-Online (39C831C9-5AE6-47DC-9A44-9C173E1C8E7C): 0
LogDevObjectVersion:   Dev-Physics (78F01B33-EBEA-4F98-B9B4-84EACCB95AA2): 0
LogDevObjectVersion:   Dev-Platform (6631380F-2D4D-43E0-8009-CF276956A95A): 0
LogDevObjectVersion:   Dev-Rendering (12F88B9F-8875-4AFC-A67C-D90C383ABD29): 19
LogDevObjectVersion:   Dev-Sequencer (7B5AE74C-D270-4C10-A958-57980B212A5A): 4
LogDevObjectVersion:   Dev-VR (D7296918-1DD6-4BDD-9DE2-64A83CC13884): 0
LogDevObjectVersion:   Dev-LoadTimes (C2A15278-BFE7-4AFE-6C17-90FF531DF755): 1
LogDevObjectVersion:   Private-Geometry (6EACA3D4-40EC-4CC1-B786-8BED09428FC5): 1
LogDevObjectVersion:   Dev-AnimPhys (29E575DD-E0A3-4627-9D10-D276232CDCEA): 7
LogInit: Compiled (64-bit): Sep 22 2017 13:47:16
LogInit: Compiled with Visual C++: 19.00.24215.01
LogInit: Build Configuration: Development
LogInit: Branch Name: ++UE4+Release-4.17
LogInit: Command line: 
LogInit: Base directory: C:/Program Files/Epic Games/UE_4.17/Engine/Binaries/Win64/
LogInit: Installed Engine Build: 1
LogInit: Presizing for max 8388607 objects, including 0 objects not considered by GC, pre-allocating 0 bytes for permanent pool.
LogInit: Object subsystem initialized
[2023.05.09-01.47.43:079][  0]LogInit: Selected Device Profile: [Windows]
[2023.05.09-01.47.43:079][  0]LogInit: Applying CVar settings loaded from the selected device profile: [Windows]
[2023.05.09-01.47.43:104][  0]LogInit: Computer: KBC12006017
[2023.05.09-01.47.43:104][  0]LogInit: User: 小浜大和
[2023.05.09-01.47.43:104][  0]LogInit: CPU Page size=4096, Cores=8
[2023.05.09-01.47.43:104][  0]LogInit: High frequency timer resolution =10.000000 MHz
[2023.05.09-01.47.43:104][  0]LogMemory: Memory total: Physical=63.9GB (64GB approx)
[2023.05.09-01.47.43:104][  0]LogMemory: Platform Memory Stats for Windows
[2023.05.09-01.47.43:104][  0]LogMemory: Process Physical Memory: 282.62 MB used, 282.62 MB peak
[2023.05.09-01.47.43:104][  0]LogMemory: Process Virtual Memory: 285.21 MB used, 285.21 MB peak
[2023.05.09-01.47.43:104][  0]LogMemory: Physical Memory: 11600.57 MB used,  53827.59 MB free, 65428.15 MB total
[2023.05.09-01.47.43:104][  0]LogMemory: Virtual Memory: 4808.66 MB used,  53827.59 MB free, 134217728.00 MB total
[2023.05.09-01.47.43:398][  0]LogInit: Using OS detected language (ja-JP).
[2023.05.09-01.47.43:398][  0]LogInit: Using OS detected locale (ja-JP).
[2023.05.09-01.47.43:402][  0]LogTextLocalizationManager: No specific localization for 'ja-JP' exists, so the 'ja' localization will be used.
[2023.05.09-01.47.49:778][  0]LogD3D11RHI: D3D11 adapters:
[2023.05.09-01.47.49:855][  0]LogD3D11RHI:    0. 'AMD Radeon Pro 5500M' (Feature Level 11_0)
[2023.05.09-01.47.49:855][  0]LogD3D11RHI:       8151/0/32714 MB DedicatedVideo/DedicatedSystem/SharedSystem, Outputs:1, VendorId:0x1002
[2023.05.09-01.47.49:857][  0]LogD3D11RHI:    1. 'Microsoft Basic Render Driver' (Feature Level 11_0)
[2023.05.09-01.47.49:857][  0]LogD3D11RHI:       0/0/32714 MB DedicatedVideo/DedicatedSystem/SharedSystem, Outputs:0, VendorId:0x1414
[2023.05.09-01.47.49:857][  0]LogD3D11RHI: Chosen D3D11 Adapter: 0
[2023.05.09-01.47.49:863][  0]LogD3D11RHI: Creating new Direct3DDevice
[2023.05.09-01.47.49:863][  0]LogD3D11RHI:     GPU DeviceId: 0x7340 (for the marketing name, search the web for "GPU Device Id")
[2023.05.09-01.47.49:863][  0]LogWindows: EnumDisplayDevices:
[2023.05.09-01.47.49:863][  0]LogWindows:    0. 'AMD Radeon Pro 5500M' (P:1 D:1)
[2023.05.09-01.47.49:864][  0]LogWindows:    1. 'AMD Radeon Pro 5500M' (P:0 D:0)
[2023.05.09-01.47.49:864][  0]LogWindows:    2. 'AMD Radeon Pro 5500M' (P:0 D:0)
[2023.05.09-01.47.49:864][  0]LogWindows:    3. 'AMD Radeon Pro 5500M' (P:0 D:0)
[2023.05.09-01.47.49:864][  0]LogWindows:    4. 'AMD Radeon Pro 5500M' (P:0 D:0)
[2023.05.09-01.47.49:864][  0]LogWindows:    5. 'AMD Radeon Pro 5500M' (P:0 D:0)
[2023.05.09-01.47.49:864][  0]LogWindows:    6. 'AMD Radeon Pro 5500M' (P:0 D:0)
[2023.05.09-01.47.49:865][  0]LogWindows: DebugString: GetVideoDriverDetailsInvalid PrimaryIsNotTheChoosenAdapter GetVideoDriverDetailsInvalid PrimaryIsNotTheChoosenAdapter GetVideoDriverDetailsInvalid PrimaryIsNotTheChoosenAdapter GetVideoDriverDetailsInvalid PrimaryIsNotTheChoosenAdapter GetVideoDriverDetailsInvalid PrimaryIsNotTheChoosenAdapter GetVideoDriverDetailsInvalid PrimaryIsNotTheChoosenAdapter GetVideoDriverDetailsInvalid PrimaryIsNotTheChoosenAdapter FoundDriverCount:0 
[2023.05.09-01.47.49:865][  0]LogD3D11RHI:     Adapter Name: AMD Radeon Pro 5500M
[2023.05.09-01.47.49:865][  0]LogD3D11RHI:   Driver Version: Unknown (internal:Unknown, unified:Unknown)
[2023.05.09-01.47.49:865][  0]LogD3D11RHI:      Driver Date: Unknown
[2023.05.09-01.47.49:865][  0]LogRHI: Texture pool is 1361 MB (70% of 1945 MB)
[2023.05.09-01.47.49:939][  0]LogD3D11RHI: Async texture creation enabled
[2023.05.09-01.47.49:962][  0]LogD3D11RHI: GPU Timing Frequency: 100.000000 (Debug: 2 1)
[2023.05.09-01.47.49:965][  0]LogShaderCompilers: Guid format shader working directory is -37 characters bigger than the processId version (../../../../../../Users/81806/OneDrive/ドキュメント/4-4_GameTaisyou_2023/GameTaisyou_2023/Intermediate/Shaders/WorkingDirectory/6836/).
[2023.05.09-01.47.49:965][  0]LogShaderCompilers: Cleaned the shader compiler working directory 'C:/Users/81806/AppData/Local/Temp/UnrealShaderWorkingDir/36E6FB5247F346836A30D5A93AE2F2DF/'.
[2023.05.09-01.47.49:965][  0]LogShaderCompilers: Display: Using Local Shader Compiler.
[2023.05.09-01.47.54:657][  0]LogTemp: Display: Loaded TP AllDesktopTargetPlatform
[2023.05.09-01.47.54:992][  0]LogTemp: Display: Loaded TP MacClientTargetPlatform
[2023.05.09-01.47.55:336][  0]LogTemp: Display: Loaded TP MacNoEditorTargetPlatform
[2023.05.09-01.47.55:672][  0]LogTemp: Display: Loaded TP MacServerTargetPlatform
[2023.05.09-01.47.56:024][  0]LogTemp: Display: Loaded TP MacTargetPlatform
[2023.05.09-01.47.56:373][  0]LogTemp: Display: Loaded TP WindowsClientTargetPlatform
[2023.05.09-01.47.56:736][  0]LogTemp: Display: Loaded TP WindowsNoEditorTargetPlatform
[2023.05.09-01.47.57:073][  0]LogTemp: Display: Loaded TP WindowsServerTargetPlatform
[2023.05.09-01.47.57:396][  0]LogTemp: Display: Loaded TP WindowsTargetPlatform
[2023.05.09-01.47.57:746][  0]LogTemp: Display: Loaded TP AndroidTargetPlatform
[2023.05.09-01.47.58:088][  0]LogTemp: Display: Loaded TP Android_ASTCTargetPlatform
[2023.05.09-01.47.58:413][  0]LogTemp: Display: Loaded TP Android_ATCTargetPlatform
[2023.05.09-01.47.58:633][  0]LogTemp: Display: Loaded TP Android_DXTTargetPlatform
[2023.05.09-01.47.58:709][  0]LogTemp: Display: Loaded TP Android_ETC1TargetPlatform
[2023.05.09-01.47.58:785][  0]LogTemp: Display: Loaded TP Android_ETC2TargetPlatform
[2023.05.09-01.47.58:939][  0]LogTemp: Display: Loaded TP Android_MultiTargetPlatform
[2023.05.09-01.47.58:939][  0]LogTemp: Display: Loaded TP Android_PVRTCTargetPlatform
[2023.05.09-01.47.59:006][  0]LogTemp: Display: Loaded TP HTML5TargetPlatform
[2023.05.09-01.47.59:143][  0]LogTemp: Display: Loaded TP IOSTargetPlatform
[2023.05.09-01.47.59:189][  0]LogTemp: Display: Loaded TP TVOSTargetPlatform
[2023.05.09-01.47.59:262][  0]LogTemp: Display: Loaded TP LinuxClientTargetPlatform
[2023.05.09-01.47.59:338][  0]LogTemp: Display: Loaded TP LinuxNoEditorTargetPlatform
[2023.05.09-01.47.59:423][  0]LogTemp: Display: Loaded TP LinuxServerTargetPlatform
[2023.05.09-01.47.59:510][  0]LogTemp: Display: Loaded TP LinuxTargetPlatform
[2023.05.09-01.47.59:510][  0]LogTargetPlatformManager: Display: Building Assets For Windows
[2023.05.09-01.48.00:404][  0]LogDerivedDataCache: Display: Max Cache Size: 512 MB
[2023.05.09-01.48.00:492][  0]LogDerivedDataCache: Loaded boot cache 0.09s 93MB C:/Users/81806/AppData/Local/UnrealEngine/4.17/DerivedDataCache/Boot.ddc.
[2023.05.09-01.48.00:492][  0]LogDerivedDataCache: Display: Loaded Boot cache: C:/Users/81806/AppData/Local/UnrealEngine/4.17/DerivedDataCache/Boot.ddc
[2023.05.09-01.48.00:492][  0]LogDerivedDataCache: FDerivedDataBackendGraph:  Pak pak cache file ../../../../../../Users/81806/OneDrive/ドキュメント/4-4_GameTaisyou_2023/GameTaisyou_2023/DerivedDataCache/DDC.ddp not found, will not use a pak cache.
[2023.05.09-01.48.00:492][  0]LogDerivedDataCache: Unable to find inner node Pak for hierarchical cache Hierarchy.
[2023.05.09-01.48.00:492][  0]LogDerivedDataCache: FDerivedDataBackendGraph:  CompressedPak pak cache file ../../../../../../Users/81806/OneDrive/ドキュメント/4-4_GameTaisyou_2023/GameTaisyou_2023/DerivedDataCache/Compressed.ddp not found, will not use a pak cache.
[2023.05.09-01.48.00:492][  0]LogDerivedDataCache: Unable to find inner node CompressedPak for hierarchical cache Hierarchy.
[2023.05.09-01.48.00:514][  0]LogDerivedDataCache: Display: Pak cache opened for reading ../../../Engine/DerivedDataCache/Compressed.ddp.
[2023.05.09-01.48.00:526][  0]LogDerivedDataCache: Using Local data cache path C:/Users/81806/AppData/Local/UnrealEngine/Common/DerivedDataCache: Writable
[2023.05.09-01.48.00:535][  0]LogMaterial: Verifying Global Shaders for PCD3D_SM5
[2023.05.09-01.48.00:535][  0]LogSlate: Using Freetype 2.6.0
[2023.05.09-01.48.00:535][  0]LogSlate: SlateFontCache - WITH_FREETYPE: 1, WITH_HARFBUZZ: 1
[2023.05.09-01.48.00:535][  0]LogSlate: SlateFontCache - WITH_FREETYPE: 1, WITH_HARFBUZZ: 1
[2023.05.09-01.48.00:781][  0]LogAssetRegistry: FAssetRegistry took 0.0254 seconds to start up
[2023.05.09-01.48.00:924][  0]LogInit: Selected Device Profile: [Windows]
[2023.05.09-01.48.03:058][  0]LogSimplygon: Simplygon DLL not present - disabling.
[2023.05.09-01.48.03:335][  0]LogMeshReduction: Using SimplygonSwarm for distributed automatic mesh merging
[2023.05.09-01.48.03:335][  0]LogMeshReduction: Using QuadricMeshReduction for automatic static mesh reduction
[2023.05.09-01.48.03:335][  0]LogMeshReduction: No automatic skeletal mesh reduction module available
[2023.05.09-01.48.03:336][  0]LogMeshReduction: No automatic mesh merging module available
[2023.05.09-01.48.03:336][  0]LogMeshMerging: No automatic mesh merging module available
[2023.05.09-01.48.03:424][  0]LogContentStreaming: Texture pool size is 0.00 MB
[2023.05.09-01.48.06:088][  0]LogNetVersion: GameTaisyou_2023 , NetCL: 3573198, EngineNetVer: 2, GameNetVer: 0 (Checksum: 2042799889)
[2023.05.09-01.48.06:567][  0]LogPackageLocalizationCache: Processed 5 localized package path(s) for 2 prioritized culture(s) in 0.053165 seconds
[2023.05.09-01.48.06:572][  0]LogUObjectArray: 35825 objects as part of root set at end of initial load.
[2023.05.09-01.48.06:572][  0]LogUObjectAllocator: 7529104 out of 0 bytes used by permanent object pool.
[2023.05.09-01.48.06:572][  0]LogUObjectArray: CloseDisregardForGC: 0/0 objects in disregard for GC pool
[2023.05.09-01.48.06:678][  0]LogInit: WinSock: version 1.1 (2.2), MaxSocks=32767, MaxUdp=65467
[2023.05.09-01.48.11:648][  0]LogTcpMessaging: Initializing TcpMessaging bridge
[2023.05.09-01.48.11:853][  0]LogUdpMessaging: Initializing bridge on interface 0.0.0.0:0 to multicast group 230.0.0.1:6666.
[2023.05.09-01.48.15:060][  0]LogMaterial: Uniform references updated for custom material expression Custom.
[2023.05.09-01.48.15:691][  0]SourceControl: ソースコントロールは無効です
[2023.05.09-01.48.15:691][  0]SourceControl: ソースコントロールは無効です
[2023.05.09-01.48.15:761][  0]SourceControl: ソースコントロールは無効です
[2023.05.09-01.48.15:829][  0]SourceControl: ソースコントロールは無効です
[2023.05.09-01.48.16:644][  0]LogAndroidPermission: UAndroidPermissionCallbackProxy::GetInstance
[2023.05.09-01.48.16:969][  0]LogOcInput: OculusInput pre-init called
[2023.05.09-01.48.17:319][  0]LogEngine: Initializing Engine...
[2023.05.09-01.48.17:320][  0]LogHMD: Failed to initialize OpenVR with code 110
[2023.05.09-01.48.17:623][  0]LogStats: UGameplayTagsManager::ConstructGameplayTagTree: Construct from data asset -  0.000 s
[2023.05.09-01.48.17:623][  0]LogStats: UGameplayTagsManager::ConstructGameplayTagTree: GameplayTagTreeChangedEvent.Broadcast -  0.000 s
[2023.05.09-01.48.17:795][  0]LogAIModule: Creating AISystem for world Untitled
[2023.05.09-01.48.17:821][  0]LogInit: XAudio2 using 'ヘッドホン (Apple Audio Device)' : 2 channels at 48 kHz using 16 bits per sample (channel mask 0x3)
[2023.05.09-01.48.17:836][  0]LogInit: FAudioDevice initialized.
[2023.05.09-01.48.17:889][  0]LogDerivedDataCache: Saved boot cache 0.05s 93MB C:/Users/81806/AppData/Local/UnrealEngine/4.17/DerivedDataCache/Boot.ddc.
[2023.05.09-01.48.17:896][  0]LogInit: Texture streaming: Enabled
[2023.05.09-01.48.18:080][  0]LogEngineSessionManager: EngineSessionManager initialized
[2023.05.09-01.48.18:080][  0]LogEngineSessionManager: EngineSessionManager sent abnormal shutdown report. Type=Crashed, SessionId={B9EEF80B-4A45-9E37-C96F-4EA5604AFA95}
[2023.05.09-01.48.18:449][  0]LogInit: Transaction tracking system initialized
[2023.05.09-01.48.18:926][  0]BlueprintLog: New page: エディタの読み込み
[2023.05.09-01.48.23:780][  0]LocalizationService: ローカライズのサービスが無効になりました
[2023.05.09-01.48.24:511][  0]LogLinker: Warning: ファイル '/Game/ThirdPersonBP/ThirdPersonOverview' が見つかりません
[2023.05.09-01.48.24:511][  0]LogLinker: Warning: ファイル '/Game/ThirdPersonBP/ThirdPersonOverview' が見つかりません
[2023.05.09-01.48.24:511][  0]LogUObjectGlobals: Warning: オブジェクト 'Class /Game/ThirdPersonBP/ThirdPersonOverview.ThirdPersonOverview_C' が見つかりませんでした
[2023.05.09-01.48.24:761][  0]LogConsoleResponse: Display: 
[2023.05.09-01.48.25:092][  0]LogCook: Display: Max memory allowance for cook 16384mb min free memory 0mb
[2023.05.09-01.48.25:092][  0]LogCook: Display: Mobile HDR setting 1
[2023.05.09-01.48.25:092][  0]LogGameplayTags: Display: UGameplayTagsManager::DoneAddingNativeTags. DelegateIsBound: 0
[2023.05.09-01.48.25:659][  0]LogFileCache: Scanning file cache for directory 'C:/Users/81806/OneDrive/ドキュメント/4-4_GameTaisyou_2023/GameTaisyou_2023/Content/' took 0.02s
[2023.05.09-01.48.26:572][  0]SourceControl: ソースコントロールは無効です
[2023.05.09-01.48.26:572][  0]Cmd: MAP LOAD FILE="../../../../../../Users/81806/OneDrive/ドキュメント/4-4_GameTaisyou_2023/GameTaisyou_2023/Content/Map/LastBattleMap.umap" TEMPLATE=0 SHOWPROGRESS=1 FEATURELEVEL=3
[2023.05.09-01.48.26:572][  0]LightingResults: New page: ライティングのビルド
[2023.05.09-01.48.26:630][  0]MapCheck: New page: マップをチェック
[2023.05.09-01.48.26:630][  0]LightingResults: New page: <何も選択されていません>
[2023.05.09-01.48.27:180][  0]LogAIModule: Creating AISystem for world LastBattleMap
[2023.05.09-01.48.27:189][  0]LogEditorServer: Finished looking for orphan Actors (0.000 secs)
[2023.05.09-01.48.27:208][  0]Cmd: MAP CHECKDEP NOCLEARLOG
[2023.05.09-01.48.27:279][  0]MapCheck: マップチェックが完了: 0 エラー、 0 警告、完了に 71.042ミリ秒かかりました。
[2023.05.09-01.48.27:279][  0]LogFileHelpers: Loading map 'LastBattleMap' took 0.708
[2023.05.09-01.48.27:423][  0]LogCollectionManager: Loaded 0 collections in 0.001609 seconds
[2023.05.09-01.48.27:525][  0]LogFileCache: Scanning file cache for directory 'C:/Users/81806/OneDrive/ドキュメント/4-4_GameTaisyou_2023/GameTaisyou_2023/Saved/Collections/' took 0.01s
[2023.05.09-01.48.27:525][  0]LogFileCache: Scanning file cache for directory 'C:/Users/81806/OneDrive/ドキュメント/4-4_GameTaisyou_2023/GameTaisyou_2023/Content/Developers/小浜大和/Collections/' took 0.01s
[2023.05.09-01.48.27:525][  0]LogFileCache: Scanning file cache for directory 'C:/Users/81806/OneDrive/ドキュメント/4-4_GameTaisyou_2023/GameTaisyou_2023/Content/Collections/' took 0.01s
[2023.05.09-01.48.27:525][  0]LogCollectionManager: Rebuilt the GUID cache for 0 collections in 0.000000 seconds
[2023.05.09-01.48.27:532][  0]LogContentBrowser: Native class hierarchy populated in 0.0066 seconds. Added 2386 classes and 500 folders.
[2023.05.09-01.48.27:629][  0]LogContentBrowser: Native class hierarchy updated for 'WidgetCarousel' in 0.0006 seconds. Added 0 classes and 0 folders.
[2023.05.09-01.48.27:858][  0]LogContentBrowser: Native class hierarchy updated for 'AddContentDialog' in 0.0006 seconds. Added 0 classes and 0 folders.
[2023.05.09-01.48.27:977][  0]LogContentBrowser: Native class hierarchy updated for 'SceneOutliner' in 0.0007 seconds. Added 1 classes and 2 folders.
[2023.05.09-01.48.28:040][  0]LogContentBrowser: Native class hierarchy updated for 'WorldBrowser' in 0.0005 seconds. Added 2 classes and 3 folders.
[2023.05.09-01.48.30:424][  0]LogSlate: Took 0.000576 seconds to synchronously load lazily loaded font '../../../Engine/Content/Slate/Fonts/Roboto-Regular.ttf' (155K)
[2023.05.09-01.48.30:453][  0]LogSlate: Took 0.024249 seconds to synchronously load lazily loaded font '../../../Engine/Content/Slate/Fonts/DroidSansFallback.ttf' (3848K)
[2023.05.09-01.48.30:456][  0]LogSlate: Took 0.000518 seconds to synchronously load lazily loaded font '../../../Engine/Content/Slate/Fonts/Roboto-Bold.ttf' (160K)
[2023.05.09-01.48.30:480][  0]LogSlate: Took 0.015875 seconds to synchronously load lazily loaded font '../../../Engine/Content/Editor/Slate/Fonts/FontAwesome.ttf' (139K)
[2023.05.09-01.48.31:029][  0]LogTemp: Executing iPhonePackager certificates Engine -bundlename com.YourCompany.GameTaisyou2023
[2023.05.09-01.48.31:029][  0]LogTemp: CWD: C:\Program Files\Epic Games\UE_4.17\Engine\Binaries\DotNET\IOS
[2023.05.09-01.48.31:030][  0]LogTemp: Initial Dir: C:\Program Files\Epic Games\UE_4.17
[2023.05.09-01.48.31:030][  0]LogTemp: Env CWD: C:\Program Files\Epic Games\UE_4.17\Engine\Binaries\DotNET\IOS
[2023.05.09-01.48.31:030][  0]LogTemp: BranchPath = KBC12006017/C/Program Files/Epic Games/UE_4.17/Engine/Binaries --- GameBranchPath = KBC12006017/C/Program Files/Epic Games/UE_4.17/Engine/Binaries
[2023.05.09-01.48.31:030][  0]LogTemp: IPP ERROR: Could not find provision directory 'C:\Users\81806\AppData\Local/Apple Computer/MobileDevice/Provisioning Profiles/'.
[2023.05.09-01.48.31:030][  0]LogRenderer: Reallocating scene render targets to support 924x476 Format 10 NumSamples 1 (Frame:1).
[2023.05.09-01.48.31:829][  0]LogContentBrowser: Native class hierarchy updated for 'HierarchicalLODOutliner' in 0.0029 seconds. Added 1 classes and 2 folders.
[2023.05.09-01.48.31:831][  0]LogLoad: (Engine Initialization) Total time: 53.48 seconds
[2023.05.09-01.48.31:831][  0]LogLoad: (Engine Initialization) Total Blueprint compile time: 0.00 seconds
[2023.05.09-01.48.31:832][  0]LogExternalProfiler: No external profilers were discovered.  External profiling features will not be available.
[2023.05.09-01.48.31:907][  0]LogContentStreaming: Texture pool size now 1000 MB
[2023.05.09-01.48.32:146][  0]LogSlate: Took 0.015284 seconds to synchronously load lazily loaded font '../../../Engine/Content/Slate/Fonts/Roboto-Light.ttf' (159K)
[2023.05.09-01.48.32:558][  3]LogAssetRegistry: Asset discovery search completed in 31.7991 seconds
[2023.05.09-01.48.32:563][  3]LogCollectionManager: Rebuilt the object cache for 0 collections in 0.000001 seconds (found 0 objects)
[2023.05.09-01.48.32:564][  3]LogCollectionManager: Fixed up redirectors for 0 collections in 0.000193 seconds (updated 0 objects)
[2023.05.09-01.48.32:954][  5]LogSlate: Took 0.000710 seconds to synchronously load lazily loaded font '../../../Engine/Content/Slate/Fonts/Roboto-Light.ttf' (159K)
[2023.05.09-01.48.34:681][ 91]LogLinker: Warning: アセット名を解決できません
[2023.05.09-01.48.34:786][ 91]LogSlate: Took 0.000530 seconds to synchronously load lazily loaded font '../../../Engine/Content/Slate/Fonts/Roboto-Light.ttf' (159K)
[2023.05.09-01.48.35:176][ 91]LogContentBrowser: Native class hierarchy updated for 'BlueprintGraph' in 0.0010 seconds. Added 113 classes and 0 folders.
[2023.05.09-01.48.36:093][ 91]LogSlate: Took 0.004497 seconds to synchronously load lazily loaded font '../../../Engine/Content/Editor/Slate/Fonts/Roboto-BoldCondensed.ttf' (158K)
[2023.05.09-01.48.36:467][ 92]LogSlate: Took 0.004175 seconds to synchronously load lazily loaded font '../../../Engine/Content/Editor/Slate/Fonts/Roboto-Italic.ttf' (157K)
[2023.05.09-01.49.29:886][684]LogEditorTransaction: Undo 選択対象を削除
[2023.05.09-01.50.12:524][864]LogLinker: ファイル '/Game/One_v_One/BP/BP_Item' が見つかりません
[2023.05.09-01.50.12:526][864]LogLinker: ファイル '/Game/One_v_One/BP/BP_Item' が見つかりません
[2023.05.09-01.50.12:526][864]LogProperty: Warning: ObjectProperty /Script/BlueprintGraph.K2Node_StructOperation:StructType: unresolved reference to 'UserDefinedStruct'/Game/One_v_One/BP/BP_Item.BP_Item''
[2023.05.09-01.50.12:533][864]LogLinker: ファイル '/Game/One_v_One/BP/BP_Character' が見つかりません
[2023.05.09-01.50.12:534][864]LogLinker: ファイル '/Game/One_v_One/BP/BP_Character' が見つかりません
[2023.05.09-01.50.12:534][864]LogProperty: Warning: ObjectProperty /Script/BlueprintGraph.K2Node_StructOperation:StructType: unresolved reference to 'UserDefinedStruct'/Game/One_v_One/BP/BP_Character.BP_Character''
[2023.05.09-01.50.12:540][864]LogProperty: Warning: ObjectProperty /Script/BlueprintGraph.K2Node_StructOperation:StructType: unresolved reference to 'UserDefinedStruct'/Game/One_v_One/BP/BP_Character.BP_Character''
[2023.05.09-01.50.12:547][864]LogLinker: ファイル '/Game/One_v_One/BP/BP_One_V_OneInstance' が見つかりません
[2023.05.09-01.50.12:548][864]LogLinker: ファイル '/Game/One_v_One/BP/BP_One_V_OneInstance' が見つかりません
[2023.05.09-01.50.12:549][864]LogProperty: Warning: ClassProperty /Script/BlueprintGraph.K2Node_DynamicCast:TargetType: unresolved reference to 'BlueprintGeneratedClass'/Game/One_v_One/BP/BP_One_V_OneInstance.BP_One_V_OneInstance_C''
[2023.05.09-01.50.12:552][864]LogProperty: Warning: ObjectProperty /Script/Engine.MemberReference:MemberParent: unresolved reference to 'BlueprintGeneratedClass'/Game/One_v_One/BP/BP_One_V_OneInstance.BP_One_V_OneInstance_C',MemberName="EnemyA",MemberGuid=A7174414434A923E3845A5937D5361A5)'
[2023.05.09-01.50.12:560][864]LogProperty: Warning: ObjectProperty /Script/BlueprintGraph.K2Node_StructOperation:StructType: unresolved reference to 'UserDefinedStruct'/Game/One_v_One/BP/BP_Character.BP_Character''
[2023.05.09-01.50.12:566][864]LogProperty: Warning: ObjectProperty /Script/BlueprintGraph.K2Node_StructOperation:StructType: unresolved reference to 'UserDefinedStruct'/Game/One_v_One/BP/BP_Character.BP_Character''
[2023.05.09-01.50.12:572][864]LogProperty: Warning: ClassProperty /Script/BlueprintGraph.K2Node_DynamicCast:TargetType: unresolved reference to 'BlueprintGeneratedClass'/Game/One_v_One/BP/BP_One_V_OneInstance.BP_One_V_OneInstance_C''
[2023.05.09-01.50.12:575][864]LogProperty: Warning: ObjectProperty /Script/Engine.MemberReference:MemberParent: unresolved reference to 'BlueprintGeneratedClass'/Game/One_v_One/BP/BP_One_V_OneInstance.BP_One_V_OneInstance_C',MemberName="EnemyA",MemberGuid=A7174414434A923E3845A5937D5361A5)'
[2023.05.09-01.50.12:591][864]LogProperty: Warning: ObjectProperty /Script/BlueprintGraph.K2Node_StructOperation:StructType: unresolved reference to 'UserDefinedStruct'/Game/One_v_One/BP/BP_Character.BP_Character''
[2023.05.09-01.50.12:600][864]LogProperty: Warning: ObjectProperty /Script/BlueprintGraph.K2Node_StructOperation:StructType: unresolved reference to 'UserDefinedStruct'/Game/One_v_One/BP/BP_Character.BP_Character''
[2023.05.09-01.50.12:612][864]LogProperty: Warning: ObjectProperty /Script/BlueprintGraph.K2Node_StructOperation:StructType: unresolved reference to 'UserDefinedStruct'/Game/One_v_One/BP/BP_Character.BP_Character''
[2023.05.09-01.50.12:620][864]LogProperty: Warning: ObjectProperty /Script/BlueprintGraph.K2Node_StructOperation:StructType: unresolved reference to 'UserDefinedStruct'/Game/One_v_One/BP/BP_Character.BP_Character''
[2023.05.09-01.50.12:627][864]LogProperty: Warning: ClassProperty /Script/BlueprintGraph.K2Node_DynamicCast:TargetType: unresolved reference to 'BlueprintGeneratedClass'/Game/One_v_One/BP/BP_One_V_OneInstance.BP_One_V_OneInstance_C''
[2023.05.09-01.50.12:630][864]LogProperty: Warning: ObjectProperty /Script/Engine.MemberReference:MemberParent: unresolved reference to 'BlueprintGeneratedClass'/Game/One_v_One/BP/BP_One_V_OneInstance.BP_One_V_OneInstance_C',MemberName="Hero",MemberGuid=5D4893024BE393F7F95BF4B473AE2201)'
[2023.05.09-01.50.12:635][864]LogProperty: Warning: ObjectProperty /Script/Engine.MemberReference:MemberParent: unresolved reference to 'BlueprintGeneratedClass'/Game/One_v_One/BP/BP_One_V_OneInstance.BP_One_V_OneInstance_C',MemberName="Hero",MemberGuid=5D4893024BE393F7F95BF4B473AE2201)'
[2023.05.09-01.50.12:639][864]LogProperty: Warning: ObjectProperty /Script/Engine.MemberReference:MemberParent: unresolved reference to 'BlueprintGeneratedClass'/Game/One_v_One/BP/BP_One_V_OneInstance.BP_One_V_OneInstance_C',MemberName="Hero",MemberGuid=5D4893024BE393F7F95BF4B473AE2201)'
[2023.05.09-01.50.12:644][864]LogProperty: Warning: ObjectProperty /Script/Engine.MemberReference:MemberParent: unresolved reference to 'BlueprintGeneratedClass'/Game/One_v_One/BP/BP_One_V_OneInstance.BP_One_V_OneInstance_C',MemberName="Hero",MemberGuid=5D4893024BE393F7F95BF4B473AE2201)'
[2023.05.09-01.50.12:656][864]LogBlueprint: Warning: [BP_Item] 'EnemyA' variable not found. Base class was probably changed.
[2023.05.09-01.50.12:656][864]LogBlueprint: Warning: [BP_Item] 'EnemyA' variable not found. Base class was probably changed.
[2023.05.09-01.50.12:657][864]LogBlueprint: Warning: [BP_Item] 'EnemyA' variable not found. Base class was probably changed.
[2023.05.09-01.50.12:657][864]LogBlueprint: Warning: [BP_Item] 'EnemyA' variable not found. Base class was probably changed.
[2023.05.09-01.50.12:660][864]LogBlueprint: Warning: [BP_Item] 'Hero' variable not found. Base class was probably changed.
[2023.05.09-01.50.12:660][864]LogBlueprint: Warning: [BP_Item] 'Hero' variable not found. Base class was probably changed.
[2023.05.09-01.50.12:660][864]LogBlueprint: Warning: [BP_Item] 'Hero' variable not found. Base class was probably changed.
[2023.05.09-01.50.12:660][864]LogBlueprint: Warning: [BP_Item] 'Hero' variable not found. Base class was probably changed.
[2023.05.09-01.50.12:660][864]LogBlueprint: Warning: [BP_Item] 'Hero' variable not found. Base class was probably changed.
[2023.05.09-01.50.12:660][864]LogBlueprint: Warning: [BP_Item] 'Hero' variable not found. Base class was probably changed.
[2023.05.09-01.50.12:660][864]LogBlueprint: Warning: [BP_Item] 'Hero' variable not found. Base class was probably changed.
[2023.05.09-01.50.12:661][864]LogBlueprint: Warning: [BP_Item] 'Hero' variable not found. Base class was probably changed.
[2023.05.09-01.50.18:685][159]LogEditorTransaction: Undo ノードを移動
[2023.05.09-01.51.11:713][179]LogWindows: Windows GetLastError: この操作を正しく終了しました。 (0)
[2023.05.09-01.51.13:892][179]LogWindows: Error: === Critical error: ===
[2023.05.09-01.51.13:892][179]LogWindows: Error: 
[2023.05.09-01.51.13:892][179]LogWindows: Error: Assertion failed: !PinRef->bWasTrashed [File:D:\Build\++UE4+Release-4.17+Compile\Sync\Engine\Source\Runtime\Engine\Private\EdGraph\EdGraphPin.cpp] [Line: 1679] 
[2023.05.09-01.51.13:892][179]LogWindows: Error: 
[2023.05.09-01.51.13:892][179]LogWindows: Error: 
[2023.05.09-01.51.13:892][179]LogWindows: Error: 
[2023.05.09-01.51.13:892][179]LogWindows: Error: KERNELBASE.dll!0x00000000E309CB69
[2023.05.09-01.51.13:892][179]LogWindows: Error: UE4Editor-Core.dll!0x000000004A1F1CE4
[2023.05.09-01.51.13:892][179]LogWindows: Error: UE4Editor-Core.dll!0x0000000049FDAD5B
[2023.05.09-01.51.13:892][179]LogWindows: Error: UE4Editor-Core.dll!0x0000000049F70179
[2023.05.09-01.51.13:892][179]LogWindows: Error: UE4Editor-Engine.dll!0x0000000046AA5CCA
[2023.05.09-01.51.13:893][179]LogWindows: Error: UE4Editor-Engine.dll!0x0000000046AA5848
[2023.05.09-01.51.13:893][179]LogWindows: Error: UE4Editor-Engine.dll!0x0000000046AA6520
[2023.05.09-01.51.13:893][179]LogWindows: Error: UE4Editor-Engine.dll!0x0000000046AA67CB
[2023.05.09-01.51.13:893][179]LogWindows: Error: UE4Editor-Engine.dll!0x0000000046AA56DB
[2023.05.09-01.51.13:893][179]LogWindows: Error: UE4Editor-BlueprintGraph.dll!0x0000000042F98C9B
[2023.05.09-01.51.13:893][179]LogWindows: Error: UE4Editor-BlueprintGraph.dll!0x000000004305C686
[2023.05.09-01.51.13:893][179]LogWindows: Error: UE4Editor-BlueprintGraph.dll!0x000000004303855F
[2023.05.09-01.51.13:893][179]LogWindows: Error: UE4Editor-UnrealEd.dll!0x00000000445E672A
[2023.05.09-01.51.13:893][179]LogWindows: Error: UE4Editor-UnrealEd.dll!0x0000000044594173
[2023.05.09-01.51.13:893][179]LogWindows: Error: UE4Editor-UnrealEd.dll!0x00000000445E36FC
[2023.05.09-01.51.13:893][179]LogWindows: Error: UE4Editor-CoreUObject.dll!0x0000000049B06872
[2023.05.09-01.51.13:893][179]LogWindows: Error: UE4Editor-CoreUObject.dll!0x0000000049A45D82
[2023.05.09-01.51.13:894][179]LogWindows: Error: UE4Editor-UnrealEd.dll!0x00000000448E8654
[2023.05.09-01.51.13:894][179]LogWindows: Error: UE4Editor-Kismet.dll!0x000000004163DB07
[2023.05.09-01.51.13:894][179]LogWindows: Error: UE4Editor-Kismet.dll!0x0000000041649451
[2023.05.09-01.51.13:894][179]LogWindows: Error: UE4Editor-Kismet.dll!0x000000004164E1B6
[2023.05.09-01.51.13:894][179]LogWindows: Error: UE4Editor-Slate.dll!0x0000000045D053FF
[2023.05.09-01.51.13:894][179]LogWindows: Error: UE4Editor-Slate.dll!0x0000000045E08FC2
[2023.05.09-01.51.13:894][179]LogWindows: Error: UE4Editor-Slate.dll!0x0000000045E0F368
[2023.05.09-01.51.13:894][179]LogWindows: Error: UE4Editor-Slate.dll!0x0000000045D66522
[2023.05.09-01.51.13:894][179]LogWindows: Error: UE4Editor-Slate.dll!0x0000000045D679B9
[2023.05.09-01.51.13:894][179]LogWindows: Error: UE4Editor-Slate.dll!0x0000000045DE6265
[2023.05.09-01.51.13:894][179]LogWindows: Error: UE4Editor-Slate.dll!0x0000000045E9B967
[2023.05.09-01.51.13:894][179]LogWindows: Error: UE4Editor-Slate.dll!0x0000000045EC74D4
[2023.05.09-01.51.13:894][179]LogWindows: Error: UE4Editor-Slate.dll!0x0000000045E1153D
[2023.05.09-01.51.13:895][179]LogWindows: Error: UE4Editor-Slate.dll!0x0000000045CE42BC
[2023.05.09-01.51.13:895][179]LogWindows: Error: UE4Editor-Slate.dll!0x0000000045CB7145
[2023.05.09-01.51.13:895][179]LogWindows: Error: UE4Editor-Slate.dll!0x0000000045D51452
[2023.05.09-01.51.13:895][179]LogWindows: Error: UE4Editor-Slate.dll!0x0000000045D39C92
[2023.05.09-01.51.13:895][179]LogWindows: Error: UE4Editor-Slate.dll!0x0000000045D2B68F
[2023.05.09-01.51.13:895][179]LogWindows: Error: UE4Editor-Core.dll!0x000000004A1CB759
[2023.05.09-01.51.13:895][179]LogWindows: Error: UE4Editor-Core.dll!0x000000004A1B3EE1
[2023.05.09-01.51.13:895][179]LogWindows: Error: UE4Editor-Core.dll!0x000000004A1CD5BB
[2023.05.09-01.51.13:895][179]LogWindows: Error: UE4Editor-Core.dll!0x000000004A1AF042
[2023.05.09-01.51.13:895][179]LogWindows: Error: USER32.dll!0x00000000E384E858
[2023.05.09-01.51.13:895][179]LogWindows: Error: USER32.dll!0x00000000E384E299
[2023.05.09-01.51.13:895][179]LogWindows: Error: UE4Editor-Core.dll!0x000000004A1CDCC6
[2023.05.09-01.51.13:895][179]LogWindows: Error: UE4Editor.exe!0x00000000EA944BE2
[2023.05.09-01.51.13:896][179]LogWindows: Error: UE4Editor.exe!0x00000000EA953970
[2023.05.09-01.51.13:896][179]LogWindows: Error: UE4Editor.exe!0x00000000EA9539EA
[2023.05.09-01.51.13:896][179]LogWindows: Error: UE4Editor.exe!0x00000000EA9602D9
[2023.05.09-01.51.13:896][179]LogWindows: Error: UE4Editor.exe!0x00000000EA961C47
[2023.05.09-01.51.13:896][179]LogWindows: Error: KERNEL32.DLL!0x00000000E52F7604
[2023.05.09-01.51.13:896][179]LogWindows: Error: ntdll.dll!0x00000000E57826A1
[2023.05.09-01.51.13:896][179]LogWindows: Error: ntdll.dll!0x00000000E57826A1
[2023.05.09-01.51.13:896][179]LogWindows: Error: 
[2023.05.09-01.51.14:174][179]LogExit: Executing StaticShutdownAfterError
[2023.05.09-01.51.14:188][179]LogWindows: FPlatformMisc::RequestExit(1)
[2023.05.09-01.51.14:188][179]Log file closed, 05/09/23 10:51:14
