Log file open, 05/11/23 14:03:31
LogWindows: Failed to load 'aqProf.dll' (GetLastError=126)
LogWindows: File 'aqProf.dll' does not exist
LogWindows: Failed to load 'VSPerf140.dll' (GetLastError=126)
LogWindows: File 'VSPerf140.dll' does not exist
LogWindows: Failed to load 'VtuneApi.dll' (GetLastError=126)
LogWindows: File 'VtuneApi.dll' does not exist
LogWindows: Failed to load 'VtuneApi32e.dll' (GetLastError=126)
LogWindows: File 'VtuneApi32e.dll' does not exist
LogInit: Display: Running engine for game: GameTaisyou_2023
LogPlatformFile: Not using cached read wrapper
LogInit: Display: RandInit(-1496935071) SRandInit(-1496935071).
LogTaskGraph: Started task graph with 5 named threads and 26 total threads with 3 sets of task threads.
LogStats: Stats thread started at 1.064601
LogD3D11RHI: Aftermath initialized
LogPluginManager: Mounting plugin Paper2D
LogPluginManager: Mounting plugin LightPropagationVolume
LogPluginManager: Mounting plugin CodeLiteSourceCodeAccess
LogPluginManager: Mounting plugin GitSourceControl
LogPluginManager: Mounting plugin KDevelopSourceCodeAccess
LogPluginManager: Mounting plugin NullSourceCodeAccess
LogPluginManager: Mounting plugin PerforceSourceControl
LogPluginManager: Mounting plugin SubversionSourceControl
LogPluginManager: Mounting plugin UObjectPlugin
LogPluginManager: Mounting plugin VisualStudioSourceCodeAccess
LogPluginManager: Mounting plugin XCodeSourceCodeAccess
LogPluginManager: Mounting plugin AssetManagerEditor
LogPluginManager: Mounting plugin AudioCapture
LogPluginManager: Mounting plugin FacialAnimation
LogPluginManager: Mounting plugin GameplayTagsEditor
LogPluginManager: Mounting plugin MobileLauncherProfileWizard
LogPluginManager: Mounting plugin PluginBrowser
LogPluginManager: Mounting plugin SpeedTreeImporter
LogPluginManager: Mounting plugin AlembicImporter
LogPluginManager: Mounting plugin CharacterAI
LogPluginManager: Mounting plugin HTML5Networking
LogPluginManager: Mounting plugin AndroidMedia
LogPluginManager: Mounting plugin AvfMedia
LogPluginManager: Mounting plugin MediaPlayerEditor
LogPluginManager: Mounting plugin WmfMedia
LogPluginManager: Mounting plugin TcpMessaging
LogPluginManager: Mounting plugin UdpMessaging
LogPluginManager: Mounting plugin LevelSequenceEditor
LogPluginManager: Mounting plugin MatineeToLevelSequence
LogPluginManager: Mounting plugin OnlineSubsystemGooglePlay
LogPluginManager: Mounting plugin OnlineSubsystemIOS
LogPluginManager: Mounting plugin OnlineSubsystem
LogPluginManager: Mounting plugin OnlineSubsystemNull
LogPluginManager: Mounting plugin OnlineSubsystemUtils
LogPluginManager: Mounting plugin AndroidDeviceProfileSelector
LogPluginManager: Mounting plugin AndroidMoviePlayer
LogPluginManager: Mounting plugin AndroidPermission
LogPluginManager: Mounting plugin AppleMoviePlayer
LogPluginManager: Mounting plugin ArchVisCharacter
LogPluginManager: Mounting plugin CableComponent
LogPluginManager: Mounting plugin CustomMeshComponent
LogPluginManager: Mounting plugin ExampleDeviceProfileSelector
LogPluginManager: Mounting plugin GoogleCloudMessaging
LogPluginManager: Mounting plugin ImmediatePhysics
LogPluginManager: Mounting plugin IOSDeviceProfileSelector
LogPluginManager: Mounting plugin LinuxDeviceProfileSelector
LogPluginManager: Mounting plugin LocationServicesBPLibrary
LogPluginManager: Mounting plugin MobilePatchingUtils
LogPluginManager: Mounting plugin OculusVR
LogPluginManager: Mounting plugin PhysXVehicles
LogPluginManager: Mounting plugin ProceduralMeshComponent
LogPluginManager: Mounting plugin RuntimePhysXCooking
LogPluginManager: Mounting plugin SteamVR
LogPluginManager: Mounting plugin WindowsMoviePlayer
LogInit: Using libcurl 7.47.1
LogInit:  - built for x86_64-pc-win32
LogInit:  - supports SSL with OpenSSL/1.0.2g
LogInit:  - supports HTTP deflate (compression) using libz 1.2.8
LogInit:  - other features:
LogInit:      CURL_VERSION_SSL
LogInit:      CURL_VERSION_LIBZ
LogInit:      CURL_VERSION_IPV6
LogInit:      CURL_VERSION_ASYNCHDNS
LogInit:      CURL_VERSION_LARGEFILE
LogInit:      CURL_VERSION_IDN
LogInit:  CurlRequestOptions (configurable via config and command line):
LogInit:  - bVerifyPeer = false  - Libcurl will NOT verify peer certificate
LogInit:  - bUseHttpProxy = false  - Libcurl will NOT use HTTP proxy
LogInit:  - bDontReuseConnections = false  - Libcurl will reuse connections
LogInit:  - CertBundlePath = nullptr  - Libcurl will use whatever was configured at build time.
LogInit: Build: ++UE4+Release-4.17-CL-3658906
LogInit: Engine Version: 4.17.2-3658906+++UE4+Release-4.17
LogInit: Compatible Engine Version: 4.17.0-3573198+++UE4+Release-4.17
LogInit: Net CL: 3573198
LogDevObjectVersion: Number of dev versions registered: 16
LogDevObjectVersion:   Dev-Blueprints (B0D832E4-1F89-4F0D-ACCF-7EB736FD4AA2): 10
LogDevObjectVersion:   Dev-Build (E1C64328-A22C-4D53-A36C-8E866417BD8C): 0
LogDevObjectVersion:   Dev-Core (375EC13C-06E4-48FB-B500-84F0262A717E): 2
LogDevObjectVersion:   Dev-Editor (E4B068ED-F494-42E9-A231-DA0B2E46BB41): 20
LogDevObjectVersion:   Dev-Framework (CFFC743F-43B0-4480-9391-14DF171D2073): 28
LogDevObjectVersion:   Dev-Mobile (B02B49B5-BB20-44E9-A304-32B752E40360): 0
LogDevObjectVersion:   Dev-Networking (A4E4105C-59A1-49B5-A7C5-40C4547EDFEE): 0
LogDevObjectVersion:   Dev-Online (39C831C9-5AE6-47DC-9A44-9C173E1C8E7C): 0
LogDevObjectVersion:   Dev-Physics (78F01B33-EBEA-4F98-B9B4-84EACCB95AA2): 0
LogDevObjectVersion:   Dev-Platform (6631380F-2D4D-43E0-8009-CF276956A95A): 0
LogDevObjectVersion:   Dev-Rendering (12F88B9F-8875-4AFC-A67C-D90C383ABD29): 19
LogDevObjectVersion:   Dev-Sequencer (7B5AE74C-D270-4C10-A958-57980B212A5A): 4
LogDevObjectVersion:   Dev-VR (D7296918-1DD6-4BDD-9DE2-64A83CC13884): 0
LogDevObjectVersion:   Dev-LoadTimes (C2A15278-BFE7-4AFE-6C17-90FF531DF755): 1
LogDevObjectVersion:   Private-Geometry (6EACA3D4-40EC-4CC1-B786-8BED09428FC5): 1
LogDevObjectVersion:   Dev-AnimPhys (29E575DD-E0A3-4627-9D10-D276232CDCEA): 7
LogInit: Compiled (64-bit): Sep 22 2017 13:47:16
LogInit: Compiled with Visual C++: 19.00.24215.01
LogInit: Build Configuration: Development
LogInit: Branch Name: ++UE4+Release-4.17
LogInit: Command line:  
LogInit: Base directory: C:/Program Files/Epic Games/UE_4.17/Engine/Binaries/Win64/
LogInit: Installed Engine Build: 1
LogInit: Presizing for max 8388607 objects, including 0 objects not considered by GC, pre-allocating 0 bytes for permanent pool.
LogInit: Object subsystem initialized
[2023.05.11-05.03.32:577][  0]LogInit: Selected Device Profile: [Windows]
[2023.05.11-05.03.32:577][  0]LogInit: Applying CVar settings loaded from the selected device profile: [Windows]
[2023.05.11-05.03.32:605][  0]LogInit: Computer: KBC12006017
[2023.05.11-05.03.32:605][  0]LogInit: User: 小浜大和
[2023.05.11-05.03.32:605][  0]LogInit: CPU Page size=4096, Cores=8
[2023.05.11-05.03.32:605][  0]LogInit: High frequency timer resolution =10.000000 MHz
[2023.05.11-05.03.32:605][  0]LogMemory: Memory total: Physical=63.9GB (64GB approx)
[2023.05.11-05.03.32:605][  0]LogMemory: Platform Memory Stats for Windows
[2023.05.11-05.03.32:605][  0]LogMemory: Process Physical Memory: 282.46 MB used, 282.46 MB peak
[2023.05.11-05.03.32:605][  0]LogMemory: Process Virtual Memory: 281.23 MB used, 281.23 MB peak
[2023.05.11-05.03.32:605][  0]LogMemory: Physical Memory: 12170.68 MB used,  53257.48 MB free, 65428.15 MB total
[2023.05.11-05.03.32:605][  0]LogMemory: Virtual Memory: 4804.54 MB used,  53257.48 MB free, 134217728.00 MB total
[2023.05.11-05.03.32:953][  0]LogInit: Using OS detected language (ja-JP).
[2023.05.11-05.03.32:953][  0]LogInit: Using OS detected locale (ja-JP).
[2023.05.11-05.03.32:997][  0]LogTextLocalizationManager: No specific localization for 'ja-JP' exists, so the 'ja' localization will be used.
[2023.05.11-05.03.35:336][  0]LogD3D11RHI: D3D11 adapters:
[2023.05.11-05.03.35:401][  0]LogD3D11RHI:    0. 'AMD Radeon Pro 5500M' (Feature Level 11_0)
[2023.05.11-05.03.35:401][  0]LogD3D11RHI:       8151/0/32714 MB DedicatedVideo/DedicatedSystem/SharedSystem, Outputs:1, VendorId:0x1002
[2023.05.11-05.03.35:404][  0]LogD3D11RHI:    1. 'Microsoft Basic Render Driver' (Feature Level 11_0)
[2023.05.11-05.03.35:404][  0]LogD3D11RHI:       0/0/32714 MB DedicatedVideo/DedicatedSystem/SharedSystem, Outputs:0, VendorId:0x1414
[2023.05.11-05.03.35:404][  0]LogD3D11RHI: Chosen D3D11 Adapter: 0
[2023.05.11-05.03.35:413][  0]LogD3D11RHI: Creating new Direct3DDevice
[2023.05.11-05.03.35:413][  0]LogD3D11RHI:     GPU DeviceId: 0x7340 (for the marketing name, search the web for "GPU Device Id")
[2023.05.11-05.03.35:413][  0]LogWindows: EnumDisplayDevices:
[2023.05.11-05.03.35:413][  0]LogWindows:    0. 'AMD Radeon Pro 5500M' (P:1 D:1)
[2023.05.11-05.03.35:413][  0]LogWindows:    1. 'AMD Radeon Pro 5500M' (P:0 D:0)
[2023.05.11-05.03.35:413][  0]LogWindows:    2. 'AMD Radeon Pro 5500M' (P:0 D:0)
[2023.05.11-05.03.35:413][  0]LogWindows:    3. 'AMD Radeon Pro 5500M' (P:0 D:0)
[2023.05.11-05.03.35:413][  0]LogWindows:    4. 'AMD Radeon Pro 5500M' (P:0 D:0)
[2023.05.11-05.03.35:414][  0]LogWindows:    5. 'AMD Radeon Pro 5500M' (P:0 D:0)
[2023.05.11-05.03.35:414][  0]LogWindows:    6. 'AMD Radeon Pro 5500M' (P:0 D:0)
[2023.05.11-05.03.35:414][  0]LogWindows: DebugString: GetVideoDriverDetailsInvalid PrimaryIsNotTheChoosenAdapter GetVideoDriverDetailsInvalid PrimaryIsNotTheChoosenAdapter GetVideoDriverDetailsInvalid PrimaryIsNotTheChoosenAdapter GetVideoDriverDetailsInvalid PrimaryIsNotTheChoosenAdapter GetVideoDriverDetailsInvalid PrimaryIsNotTheChoosenAdapter GetVideoDriverDetailsInvalid PrimaryIsNotTheChoosenAdapter GetVideoDriverDetailsInvalid PrimaryIsNotTheChoosenAdapter FoundDriverCount:0 
[2023.05.11-05.03.35:414][  0]LogD3D11RHI:     Adapter Name: AMD Radeon Pro 5500M
[2023.05.11-05.03.35:414][  0]LogD3D11RHI:   Driver Version: Unknown (internal:Unknown, unified:Unknown)
[2023.05.11-05.03.35:414][  0]LogD3D11RHI:      Driver Date: Unknown
[2023.05.11-05.03.35:414][  0]LogRHI: Texture pool is 1361 MB (70% of 1945 MB)
[2023.05.11-05.03.35:464][  0]LogD3D11RHI: Async texture creation enabled
[2023.05.11-05.03.35:508][  0]LogD3D11RHI: GPU Timing Frequency: 100.000000 (Debug: 2 1)
[2023.05.11-05.03.35:516][  0]LogShaderCompilers: Guid format shader working directory is -37 characters bigger than the processId version (../../../../../../Users/81806/OneDrive/ドキュメント/4-4_GameTaisyou_2023/GameTaisyou_2023/Intermediate/Shaders/WorkingDirectory/5032/).
[2023.05.11-05.03.35:516][  0]LogShaderCompilers: Cleaned the shader compiler working directory 'C:/Users/81806/AppData/Local/Temp/UnrealShaderWorkingDir/0A1EA6F94E9DCA92CB3E34B90DA39C94/'.
[2023.05.11-05.03.35:517][  0]LogShaderCompilers: Display: Using Local Shader Compiler.
[2023.05.11-05.03.37:582][  0]LogTemp: Display: Loaded TP AllDesktopTargetPlatform
[2023.05.11-05.03.37:646][  0]LogTemp: Display: Loaded TP MacClientTargetPlatform
[2023.05.11-05.03.37:714][  0]LogTemp: Display: Loaded TP MacNoEditorTargetPlatform
[2023.05.11-05.03.37:778][  0]LogTemp: Display: Loaded TP MacServerTargetPlatform
[2023.05.11-05.03.37:848][  0]LogTemp: Display: Loaded TP MacTargetPlatform
[2023.05.11-05.03.37:914][  0]LogTemp: Display: Loaded TP WindowsClientTargetPlatform
[2023.05.11-05.03.37:981][  0]LogTemp: Display: Loaded TP WindowsNoEditorTargetPlatform
[2023.05.11-05.03.38:045][  0]LogTemp: Display: Loaded TP WindowsServerTargetPlatform
[2023.05.11-05.03.38:104][  0]LogTemp: Display: Loaded TP WindowsTargetPlatform
[2023.05.11-05.03.38:173][  0]LogTemp: Display: Loaded TP AndroidTargetPlatform
[2023.05.11-05.03.38:237][  0]LogTemp: Display: Loaded TP Android_ASTCTargetPlatform
[2023.05.11-05.03.38:301][  0]LogTemp: Display: Loaded TP Android_ATCTargetPlatform
[2023.05.11-05.03.38:367][  0]LogTemp: Display: Loaded TP Android_DXTTargetPlatform
[2023.05.11-05.03.38:434][  0]LogTemp: Display: Loaded TP Android_ETC1TargetPlatform
[2023.05.11-05.03.38:498][  0]LogTemp: Display: Loaded TP Android_ETC2TargetPlatform
[2023.05.11-05.03.38:631][  0]LogTemp: Display: Loaded TP Android_MultiTargetPlatform
[2023.05.11-05.03.38:631][  0]LogTemp: Display: Loaded TP Android_PVRTCTargetPlatform
[2023.05.11-05.03.38:686][  0]LogTemp: Display: Loaded TP HTML5TargetPlatform
[2023.05.11-05.03.38:810][  0]LogTemp: Display: Loaded TP IOSTargetPlatform
[2023.05.11-05.03.38:853][  0]LogTemp: Display: Loaded TP TVOSTargetPlatform
[2023.05.11-05.03.38:916][  0]LogTemp: Display: Loaded TP LinuxClientTargetPlatform
[2023.05.11-05.03.38:980][  0]LogTemp: Display: Loaded TP LinuxNoEditorTargetPlatform
[2023.05.11-05.03.39:042][  0]LogTemp: Display: Loaded TP LinuxServerTargetPlatform
[2023.05.11-05.03.39:110][  0]LogTemp: Display: Loaded TP LinuxTargetPlatform
[2023.05.11-05.03.39:110][  0]LogTargetPlatformManager: Display: Building Assets For Windows
[2023.05.11-05.03.39:891][  0]LogDerivedDataCache: Display: Max Cache Size: 512 MB
[2023.05.11-05.03.40:583][  0]LogDerivedDataCache: Loaded boot cache 0.69s 93MB C:/Users/81806/AppData/Local/UnrealEngine/4.17/DerivedDataCache/Boot.ddc.
[2023.05.11-05.03.40:583][  0]LogDerivedDataCache: Display: Loaded Boot cache: C:/Users/81806/AppData/Local/UnrealEngine/4.17/DerivedDataCache/Boot.ddc
[2023.05.11-05.03.40:583][  0]LogDerivedDataCache: FDerivedDataBackendGraph:  Pak pak cache file ../../../../../../Users/81806/OneDrive/ドキュメント/4-4_GameTaisyou_2023/GameTaisyou_2023/DerivedDataCache/DDC.ddp not found, will not use a pak cache.
[2023.05.11-05.03.40:584][  0]LogDerivedDataCache: Unable to find inner node Pak for hierarchical cache Hierarchy.
[2023.05.11-05.03.40:584][  0]LogDerivedDataCache: FDerivedDataBackendGraph:  CompressedPak pak cache file ../../../../../../Users/81806/OneDrive/ドキュメント/4-4_GameTaisyou_2023/GameTaisyou_2023/DerivedDataCache/Compressed.ddp not found, will not use a pak cache.
[2023.05.11-05.03.40:584][  0]LogDerivedDataCache: Unable to find inner node CompressedPak for hierarchical cache Hierarchy.
[2023.05.11-05.03.40:608][  0]LogDerivedDataCache: Display: Pak cache opened for reading ../../../Engine/DerivedDataCache/Compressed.ddp.
[2023.05.11-05.03.40:620][  0]LogDerivedDataCache: Using Local data cache path C:/Users/81806/AppData/Local/UnrealEngine/Common/DerivedDataCache: Writable
[2023.05.11-05.03.40:631][  0]LogMaterial: Verifying Global Shaders for PCD3D_SM5
[2023.05.11-05.03.40:637][  0]LogSlate: Using Freetype 2.6.0
[2023.05.11-05.03.40:650][  0]LogSlate: SlateFontCache - WITH_FREETYPE: 1, WITH_HARFBUZZ: 1
[2023.05.11-05.03.40:651][  0]LogSlate: SlateFontCache - WITH_FREETYPE: 1, WITH_HARFBUZZ: 1
[2023.05.11-05.03.41:497][  0]LogAssetRegistry: FAssetRegistry took 0.0296 seconds to start up
[2023.05.11-05.03.41:685][  0]LogInit: Selected Device Profile: [Windows]
[2023.05.11-05.03.42:166][  0]LogContentStreaming: Texture pool size is 0.00 MB
[2023.05.11-05.03.42:624][  0]LogSimplygon: Simplygon DLL not present - disabling.
[2023.05.11-05.03.42:687][  0]LogMeshReduction: Using SimplygonSwarm for distributed automatic mesh merging
[2023.05.11-05.03.42:687][  0]LogMeshReduction: Using QuadricMeshReduction for automatic static mesh reduction
[2023.05.11-05.03.42:687][  0]LogMeshReduction: No automatic skeletal mesh reduction module available
[2023.05.11-05.03.42:687][  0]LogMeshReduction: No automatic mesh merging module available
[2023.05.11-05.03.42:687][  0]LogMeshMerging: No automatic mesh merging module available
[2023.05.11-05.03.43:325][  0]LogNetVersion: GameTaisyou_2023 , NetCL: 3573198, EngineNetVer: 2, GameNetVer: 0 (Checksum: 2042799889)
[2023.05.11-05.03.43:685][  0]LogPackageLocalizationCache: Processed 5 localized package path(s) for 2 prioritized culture(s) in 0.062110 seconds
[2023.05.11-05.03.43:691][  0]LogUObjectArray: 35825 objects as part of root set at end of initial load.
[2023.05.11-05.03.43:691][  0]LogUObjectAllocator: 7529104 out of 0 bytes used by permanent object pool.
[2023.05.11-05.03.43:691][  0]LogUObjectArray: CloseDisregardForGC: 0/0 objects in disregard for GC pool
[2023.05.11-05.03.43:793][  0]LogInit: WinSock: version 1.1 (2.2), MaxSocks=32767, MaxUdp=65467
[2023.05.11-05.03.48:742][  0]LogTcpMessaging: Initializing TcpMessaging bridge
[2023.05.11-05.03.48:795][  0]LogUdpMessaging: Initializing bridge on interface 0.0.0.0:0 to multicast group 230.0.0.1:6666.
[2023.05.11-05.03.49:676][  0]LogMaterial: Uniform references updated for custom material expression Custom.
[2023.05.11-05.03.50:205][  0]SourceControl: ソースコントロールは無効です
[2023.05.11-05.03.50:206][  0]SourceControl: ソースコントロールは無効です
[2023.05.11-05.03.50:277][  0]SourceControl: ソースコントロールは無効です
[2023.05.11-05.03.50:342][  0]SourceControl: ソースコントロールは無効です
[2023.05.11-05.03.51:184][  0]LogAndroidPermission: UAndroidPermissionCallbackProxy::GetInstance
[2023.05.11-05.03.51:509][  0]LogOcInput: OculusInput pre-init called
[2023.05.11-05.03.51:858][  0]LogEngine: Initializing Engine...
[2023.05.11-05.03.51:860][  0]LogHMD: Failed to initialize OpenVR with code 110
[2023.05.11-05.03.52:043][  0]LogStats: UGameplayTagsManager::ConstructGameplayTagTree: Construct from data asset -  0.000 s
[2023.05.11-05.03.52:043][  0]LogStats: UGameplayTagsManager::ConstructGameplayTagTree: GameplayTagTreeChangedEvent.Broadcast -  0.000 s
[2023.05.11-05.03.52:243][  0]LogAIModule: Creating AISystem for world Untitled
[2023.05.11-05.03.52:278][  0]LogInit: XAudio2 using 'ヘッドホン (Apple Audio Device)' : 2 channels at 48 kHz using 16 bits per sample (channel mask 0x3)
[2023.05.11-05.03.52:370][  0]LogInit: FAudioDevice initialized.
[2023.05.11-05.03.52:419][  0]LogDerivedDataCache: Saved boot cache 0.05s 93MB C:/Users/81806/AppData/Local/UnrealEngine/4.17/DerivedDataCache/Boot.ddc.
[2023.05.11-05.03.52:424][  0]LogInit: Texture streaming: Enabled
[2023.05.11-05.03.52:608][  0]LogEngineSessionManager: EngineSessionManager initialized
[2023.05.11-05.03.52:937][  0]LogInit: Transaction tracking system initialized
[2023.05.11-05.03.53:400][  0]BlueprintLog: New page: エディタの読み込み
[2023.05.11-05.03.54:716][  0]LocalizationService: ローカライズのサービスが無効になりました
[2023.05.11-05.03.55:438][  0]LogLinker: Warning: ファイル '/Game/ThirdPersonBP/ThirdPersonOverview' が見つかりません
[2023.05.11-05.03.55:438][  0]LogLinker: Warning: ファイル '/Game/ThirdPersonBP/ThirdPersonOverview' が見つかりません
[2023.05.11-05.03.55:438][  0]LogUObjectGlobals: Warning: オブジェクト 'Class /Game/ThirdPersonBP/ThirdPersonOverview.ThirdPersonOverview_C' が見つかりませんでした
[2023.05.11-05.03.55:688][  0]LogConsoleResponse: Display: 
[2023.05.11-05.03.55:929][  0]LogFileCache: Scanning file cache for directory 'C:/Users/81806/OneDrive/ドキュメント/4-4_GameTaisyou_2023/GameTaisyou_2023/Content/' took 0.02s
[2023.05.11-05.03.55:929][  0]LogCook: Display: Max memory allowance for cook 16384mb min free memory 0mb
[2023.05.11-05.03.55:929][  0]LogCook: Display: Mobile HDR setting 1
[2023.05.11-05.03.55:931][  0]LogGameplayTags: Display: UGameplayTagsManager::DoneAddingNativeTags. DelegateIsBound: 0
[2023.05.11-05.03.57:459][  0]SourceControl: ソースコントロールは無効です
[2023.05.11-05.03.57:461][  0]Cmd: MAP LOAD FILE="../../../../../../Users/81806/OneDrive/ドキュメント/4-4_GameTaisyou_2023/GameTaisyou_2023/Content/Map/LastBattleMap.umap" TEMPLATE=0 SHOWPROGRESS=1 FEATURELEVEL=3
[2023.05.11-05.03.57:463][  0]LightingResults: New page: ライティングのビルド
[2023.05.11-05.03.57:520][  0]MapCheck: New page: マップをチェック
[2023.05.11-05.03.57:520][  0]LightingResults: New page: <何も選択されていません>
[2023.05.11-05.03.57:917][  0]LogProperty: Error: UStructProperty::Serialize Loading: Property 'StructProperty /Game/UI/W_SpeCommand.W_SpeCommand_C:GetText_4.CallFunc_Array_Get_Item'. Unknown structure.
[2023.05.11-05.03.57:917][  0]LogProperty: Error: UStructProperty::Serialize Loading: Property 'StructProperty /Game/UI/W_SpeCommand.W_SpeCommand_C:GetText_3.CallFunc_Array_Get_Item'. Unknown structure.
[2023.05.11-05.03.57:918][  0]LogProperty: Error: UStructProperty::Serialize Loading: Property 'StructProperty /Game/UI/W_SpeCommand.W_SpeCommand_C:GetText_2.CallFunc_Array_Get_Item'. Unknown structure.
[2023.05.11-05.03.57:919][  0]LogProperty: Error: UStructProperty::Serialize Loading: Property 'StructProperty /Game/UI/W_SpeCommand.W_SpeCommand_C:GetText_1.CallFunc_Array_Get_Item'. Unknown structure.
[2023.05.11-05.03.57:919][  0]LogProperty: Error: UStructProperty::Serialize Loading: Property 'StructProperty /Game/UI/W_SpeCommand.W_SpeCommand_C:GetText_0.CallFunc_Array_Get_Item'. Unknown structure.
[2023.05.11-05.03.58:403][  0]LogAIModule: Creating AISystem for world LastBattleMap
[2023.05.11-05.03.58:420][  0]LogEditorServer: Finished looking for orphan Actors (0.000 secs)
[2023.05.11-05.03.58:446][  0]Cmd: MAP CHECKDEP NOCLEARLOG
[2023.05.11-05.03.58:520][  0]MapCheck: マップチェックが完了: 0 エラー、 0 警告、完了に 74.321ミリ秒かかりました。
[2023.05.11-05.03.58:520][  0]LogFileHelpers: Loading map 'LastBattleMap' took 1.061
[2023.05.11-05.03.58:724][  0]LogCollectionManager: Loaded 0 collections in 0.001444 seconds
[2023.05.11-05.03.58:838][  0]LogFileCache: Scanning file cache for directory 'C:/Users/81806/OneDrive/ドキュメント/4-4_GameTaisyou_2023/GameTaisyou_2023/Saved/Collections/' took 0.01s
[2023.05.11-05.03.58:838][  0]LogFileCache: Scanning file cache for directory 'C:/Users/81806/OneDrive/ドキュメント/4-4_GameTaisyou_2023/GameTaisyou_2023/Content/Developers/小浜大和/Collections/' took 0.01s
[2023.05.11-05.03.58:838][  0]LogFileCache: Scanning file cache for directory 'C:/Users/81806/OneDrive/ドキュメント/4-4_GameTaisyou_2023/GameTaisyou_2023/Content/Collections/' took 0.01s
[2023.05.11-05.03.58:838][  0]LogCollectionManager: Rebuilt the GUID cache for 0 collections in 0.000001 seconds
[2023.05.11-05.03.58:847][  0]LogContentBrowser: Native class hierarchy populated in 0.0075 seconds. Added 2386 classes and 500 folders.
[2023.05.11-05.03.58:946][  0]LogContentBrowser: Native class hierarchy updated for 'WidgetCarousel' in 0.0009 seconds. Added 0 classes and 0 folders.
[2023.05.11-05.03.59:295][  0]LogContentBrowser: Native class hierarchy updated for 'AddContentDialog' in 0.0007 seconds. Added 0 classes and 0 folders.
[2023.05.11-05.03.59:449][  0]LogContentBrowser: Native class hierarchy updated for 'SceneOutliner' in 0.0005 seconds. Added 1 classes and 2 folders.
[2023.05.11-05.03.59:531][  0]LogContentBrowser: Native class hierarchy updated for 'WorldBrowser' in 0.0005 seconds. Added 2 classes and 3 folders.
[2023.05.11-05.03.59:743][  0]LogSlate: Took 0.006300 seconds to synchronously load lazily loaded font '../../../Engine/Content/Slate/Fonts/Roboto-Regular.ttf' (155K)
[2023.05.11-05.03.59:772][  0]LogSlate: Took 0.028504 seconds to synchronously load lazily loaded font '../../../Engine/Content/Slate/Fonts/DroidSansFallback.ttf' (3848K)
[2023.05.11-05.03.59:777][  0]LogSlate: Took 0.004019 seconds to synchronously load lazily loaded font '../../../Engine/Content/Slate/Fonts/Roboto-Bold.ttf' (160K)
[2023.05.11-05.03.59:785][  0]LogSlate: Took 0.003902 seconds to synchronously load lazily loaded font '../../../Engine/Content/Editor/Slate/Fonts/FontAwesome.ttf' (139K)
[2023.05.11-05.03.59:932][  0]LogRenderer: Reallocating scene render targets to support 924x476 Format 10 NumSamples 1 (Frame:1).
[2023.05.11-05.04.00:260][  0]LogContentBrowser: Native class hierarchy updated for 'HierarchicalLODOutliner' in 0.0005 seconds. Added 1 classes and 2 folders.
[2023.05.11-05.04.00:260][  0]LogLoad: (Engine Initialization) Total time: 31.71 seconds
[2023.05.11-05.04.00:260][  0]LogLoad: (Engine Initialization) Total Blueprint compile time: 0.00 seconds
[2023.05.11-05.04.00:260][  0]LogExternalProfiler: No external profilers were discovered.  External profiling features will not be available.
[2023.05.11-05.04.00:303][  0]LogAssetRegistry: Asset discovery search completed in 18.8285 seconds
[2023.05.11-05.04.00:304][  0]LogCollectionManager: Rebuilt the object cache for 0 collections in 0.000001 seconds (found 0 objects)
[2023.05.11-05.04.00:304][  0]LogCollectionManager: Fixed up redirectors for 0 collections in 0.000044 seconds (updated 0 objects)
[2023.05.11-05.04.00:308][  0]LogContentStreaming: Texture pool size now 1000 MB
[2023.05.11-05.04.00:375][  0]LogSlate: Took 0.012053 seconds to synchronously load lazily loaded font '../../../Engine/Content/Slate/Fonts/Roboto-Light.ttf' (159K)
[2023.05.11-05.04.01:296][ 38]LogSlate: Took 0.000245 seconds to synchronously load lazily loaded font '../../../Engine/Content/Slate/Fonts/Roboto-Light.ttf' (159K)
[2023.05.11-05.04.10:519][588]LogSlate: Took 0.000112 seconds to synchronously load lazily loaded font '../../../Engine/Content/Slate/Fonts/Roboto-Light.ttf' (159K)
[2023.05.11-05.04.10:903][588]LogContentBrowser: Native class hierarchy updated for 'BlueprintGraph' in 0.0010 seconds. Added 113 classes and 0 folders.
[2023.05.11-05.04.12:312][588]LogLinker: Warning: アセット名を解決できません
[2023.05.11-05.04.12:544][588]LogSlate: Took 0.006159 seconds to synchronously load lazily loaded font '../../../Engine/Content/Editor/Slate/Fonts/Roboto-BoldCondensed.ttf' (158K)
[2023.05.11-05.04.13:048][589]LogSlate: Took 0.004245 seconds to synchronously load lazily loaded font '../../../Engine/Content/Editor/Slate/Fonts/Roboto-Italic.ttf' (157K)
[2023.05.11-05.16.32:483][ 56]LogFileHelpers: Editor autosave (incl. sublevels) for '/Game/Map/LastBattleMap' took 0.033
[2023.05.11-05.16.32:487][ 56]OBJ SavePackage: Generating thumbnails for [0] asset(s) in package [/Game/BP/BP_Item] ([1] browsable assets)...
[2023.05.11-05.16.32:487][ 56]OBJ SavePackage: Finished generating thumbnails for package [/Game/BP/BP_Item]
[2023.05.11-05.16.32:590][ 56]LogSavePackage: Save=82.07ms
[2023.05.11-05.16.32:591][ 56]LogSavePackage: Moving '../../../../../../Users/81806/OneDrive/ドキュメント/4-4_GameTaisyou_2023/GameTaisyou_2023/Saved/BP_Item_Auto16136126F46EEECC997A22D8FABA36C24.tmp' to '../../../../../../Users/81806/OneDrive/ドキュメント/4-4_GameTaisyou_2023/GameTaisyou_2023/Saved/Autosaves/Game/BP/BP_Item_Auto1.uasset'
[2023.05.11-05.16.32:595][ 56]LogSavePackage: Display: Finished SavePackage ../../../../../../Users/81806/OneDrive/ドキュメント/4-4_GameTaisyou_2023/GameTaisyou_2023/Saved/Autosaves/Game/BP/BP_Item_Auto1.uasset
[2023.05.11-05.16.32:595][ 56]LogFileHelpers: Auto-saving content packages took 0.109
[2023.05.11-05.23.24:382][395]BlueprintLog: New page: BP_Item をコンパイル
[2023.05.11-05.27.24:422][331]LogSavePackage: Save=546.93ms
[2023.05.11-05.27.24:422][331]LogSavePackage: Moving '../../../../../../Users/81806/OneDrive/ドキュメント/4-4_GameTaisyou_2023/GameTaisyou_2023/Saved/LastBattleMap_Auto242143FAC463A892A72F9AAAB1A345C10.tmp' to '../../../../../../Users/81806/OneDrive/ドキュメント/4-4_GameTaisyou_2023/GameTaisyou_2023/Saved/Autosaves/Game/Map/LastBattleMap_Auto2.umap'
[2023.05.11-05.27.24:424][331]LogSavePackage: Display: Finished SavePackage ../../../../../../Users/81806/OneDrive/ドキュメント/4-4_GameTaisyou_2023/GameTaisyou_2023/Saved/Autosaves/Game/Map/LastBattleMap_Auto2.umap
[2023.05.11-05.27.24:426][331]LogFileHelpers: Editor autosave (incl. sublevels) for '/Game/Map/LastBattleMap' took 0.630
[2023.05.11-05.27.24:426][331]LogFileHelpers: Editor autosave (incl. sublevels) for all levels took 0.630
[2023.05.11-05.27.24:430][331]OBJ SavePackage: Generating thumbnails for [0] asset(s) in package [/Game/BP/BP_One_v_One_GameInstance] ([1] browsable assets)...
[2023.05.11-05.27.24:430][331]OBJ SavePackage: Finished generating thumbnails for package [/Game/BP/BP_One_v_One_GameInstance]
[2023.05.11-05.27.24:520][331]LogSavePackage: Save=78.59ms
[2023.05.11-05.27.24:521][331]LogSavePackage: Moving '../../../../../../Users/81806/OneDrive/ドキュメント/4-4_GameTaisyou_2023/GameTaisyou_2023/Saved/BP_One_v_One_GameInstance_Auto230A57D744BDE431FE98FF58853AE3162.tmp' to '../../../../../../Users/81806/OneDrive/ドキュメント/4-4_GameTaisyou_2023/GameTaisyou_2023/Saved/Autosaves/Game/BP/BP_One_v_One_GameInstance_Auto2.uasset'
[2023.05.11-05.27.24:523][331]LogSavePackage: Display: Finished SavePackage ../../../../../../Users/81806/OneDrive/ドキュメント/4-4_GameTaisyou_2023/GameTaisyou_2023/Saved/Autosaves/Game/BP/BP_One_v_One_GameInstance_Auto2.uasset
[2023.05.11-05.27.24:523][331]OBJ SavePackage: Generating thumbnails for [0] asset(s) in package [/Game/BP/BP_Item] ([1] browsable assets)...
[2023.05.11-05.27.24:523][331]OBJ SavePackage: Finished generating thumbnails for package [/Game/BP/BP_Item]
[2023.05.11-05.27.24:616][331]LogSavePackage: Save=78.99ms
[2023.05.11-05.27.24:616][331]LogSavePackage: Moving '../../../../../../Users/81806/OneDrive/ドキュメント/4-4_GameTaisyou_2023/GameTaisyou_2023/Saved/BP_Item_Auto21FA39B2940FC897B8EA3128448E80B46.tmp' to '../../../../../../Users/81806/OneDrive/ドキュメント/4-4_GameTaisyou_2023/GameTaisyou_2023/Saved/Autosaves/Game/BP/BP_Item_Auto2.uasset'
[2023.05.11-05.27.24:617][331]LogSavePackage: Display: Finished SavePackage ../../../../../../Users/81806/OneDrive/ドキュメント/4-4_GameTaisyou_2023/GameTaisyou_2023/Saved/Autosaves/Game/BP/BP_Item_Auto2.uasset
[2023.05.11-05.27.24:617][331]LogFileHelpers: Auto-saving content packages took 0.189
[2023.05.11-05.45.30:521][181]LogFileHelpers: Editor autosave (incl. sublevels) for '/Game/Map/LastBattleMap' took 0.029
[2023.05.11-05.45.30:523][181]OBJ SavePackage: Generating thumbnails for [0] asset(s) in package [/Game/BP/BP_One_v_One_GameInstance] ([1] browsable assets)...
[2023.05.11-05.45.30:523][181]OBJ SavePackage: Finished generating thumbnails for package [/Game/BP/BP_One_v_One_GameInstance]
[2023.05.11-05.45.30:615][181]LogSavePackage: Save=76.97ms
[2023.05.11-05.45.30:615][181]LogSavePackage: Moving '../../../../../../Users/81806/OneDrive/ドキュメント/4-4_GameTaisyou_2023/GameTaisyou_2023/Saved/BP_One_v_One_GameInstance_Auto32FC1A5674358C8ECAF2731926623D46A.tmp' to '../../../../../../Users/81806/OneDrive/ドキュメント/4-4_GameTaisyou_2023/GameTaisyou_2023/Saved/Autosaves/Game/BP/BP_One_v_One_GameInstance_Auto3.uasset'
[2023.05.11-05.45.30:616][181]LogSavePackage: Display: Finished SavePackage ../../../../../../Users/81806/OneDrive/ドキュメント/4-4_GameTaisyou_2023/GameTaisyou_2023/Saved/Autosaves/Game/BP/BP_One_v_One_GameInstance_Auto3.uasset
[2023.05.11-05.45.30:616][181]LogFileHelpers: Auto-saving content packages took 0.094
[2023.05.11-05.55.30:772][646]LogFileHelpers: Editor autosave (incl. sublevels) for '/Game/Map/LastBattleMap' took 0.031
[2023.05.11-05.55.30:774][646]OBJ SavePackage: Generating thumbnails for [0] asset(s) in package [/Game/BP/BP_Item] ([1] browsable assets)...
[2023.05.11-05.55.30:774][646]OBJ SavePackage: Finished generating thumbnails for package [/Game/BP/BP_Item]
[2023.05.11-05.55.30:869][646]LogSavePackage: Save=81.04ms
[2023.05.11-05.55.30:869][646]LogSavePackage: Moving '../../../../../../Users/81806/OneDrive/ドキュメント/4-4_GameTaisyou_2023/GameTaisyou_2023/Saved/BP_Item_Auto4C11BA1E145A99C08A1FEFE8171CFA9B8.tmp' to '../../../../../../Users/81806/OneDrive/ドキュメント/4-4_GameTaisyou_2023/GameTaisyou_2023/Saved/Autosaves/Game/BP/BP_Item_Auto4.uasset'
[2023.05.11-05.55.30:870][646]LogSavePackage: Display: Finished SavePackage ../../../../../../Users/81806/OneDrive/ドキュメント/4-4_GameTaisyou_2023/GameTaisyou_2023/Saved/Autosaves/Game/BP/BP_Item_Auto4.uasset
[2023.05.11-05.55.30:870][646]LogFileHelpers: Auto-saving content packages took 0.097
[2023.05.11-06.09.33:941][873]LogRenderer: Reallocating scene render targets to support 924x616 Format 10 NumSamples 1 (Frame:1).
[2023.05.11-06.10.26:535][999]LogActorComponent: UnregisterComponent: (/Engine/Transient.EditorFloorComp) Not registered. Aborting.
[2023.05.11-06.10.27:063][ 27]LogActorComponent: UnregisterComponent: (/Engine/Transient.EditorFloorComp) Not registered. Aborting.
[2023.05.11-06.10.28:880][132]LogActorComponent: UnregisterComponent: (/Engine/Transient.EditorFloorComp) Not registered. Aborting.
[2023.05.11-06.18.26:822][979]LogFileHelpers: Editor autosave (incl. sublevels) for '/Game/Map/LastBattleMap' took 0.125
[2023.05.11-06.18.26:827][979]OBJ SavePackage: Generating thumbnails for [0] asset(s) in package [/Game/BP/BP_One_v_One_GameMode] ([1] browsable assets)...
[2023.05.11-06.18.26:827][979]OBJ SavePackage: Finished generating thumbnails for package [/Game/BP/BP_One_v_One_GameMode]
[2023.05.11-06.18.26:927][979]LogSavePackage: Save=37.51ms
[2023.05.11-06.18.26:928][979]LogSavePackage: Moving '../../../../../../Users/81806/OneDrive/ドキュメント/4-4_GameTaisyou_2023/GameTaisyou_2023/Saved/BP_One_v_One_GameMode_Auto51ECC8D2A4B142D1FC3E3DCA0C1974401.tmp' to '../../../../../../Users/81806/OneDrive/ドキュメント/4-4_GameTaisyou_2023/GameTaisyou_2023/Saved/Autosaves/Game/BP/BP_One_v_One_GameMode_Auto5.uasset'
[2023.05.11-06.18.26:931][979]LogSavePackage: Display: Finished SavePackage ../../../../../../Users/81806/OneDrive/ドキュメント/4-4_GameTaisyou_2023/GameTaisyou_2023/Saved/Autosaves/Game/BP/BP_One_v_One_GameMode_Auto5.uasset
[2023.05.11-06.18.26:932][979]LogFileHelpers: Auto-saving content packages took 0.108
[2023.05.11-06.28.27:746][984]Cmd: QUIT_EDITOR
[2023.05.11-06.28.27:843][984]LogWindowsTextInputMethodSystem: Display: IME system now activated using TSF (Microsoft IME).
[2023.05.11-06.28.27:855][984]LogExit: Preparing to exit.
[2023.05.11-06.28.28:589][984]LogDirectoryWatcher: A directory notification for 'C:/Users/81806/OneDrive/ドキュメント/4-4_GameTaisyou_2023/GameTaisyou_2023/Content/' was aborted.
[2023.05.11-06.28.28:628][984]LogExit: Editor shut down
[2023.05.11-06.28.28:632][984]LogExit: Transaction tracking system shut down
[2023.05.11-06.28.28:745][984]LogDirectoryWatcher: A directory notification for '../../../Engine/Content/' was aborted.
[2023.05.11-06.28.28:745][984]LogDirectoryWatcher: A directory notification for '../../../../../../Users/81806/OneDrive/ドキュメント/4-4_GameTaisyou_2023/GameTaisyou_2023/Content/' was aborted.
[2023.05.11-06.28.28:745][984]LogDirectoryWatcher: A directory notification for '../../../Engine/Plugins/2D/Paper2D/Content/' was aborted.
[2023.05.11-06.28.28:745][984]LogDirectoryWatcher: A directory notification for '../../../Engine/Plugins/Runtime/Oculus/OculusVR/Content/' was aborted.
[2023.05.11-06.28.28:745][984]LogDirectoryWatcher: A directory notification for '../../../Engine/Plugins/Runtime/Steam/SteamVR/Content/' was aborted.
[2023.05.11-06.28.28:823][984]LogExit: Object subsystem successfully closed.
[2023.05.11-06.28.28:842][984]LogD3D11RHI: Shutdown
[2023.05.11-06.28.28:842][984]LogD3D11RHI: CleanupD3DDevice
[2023.05.11-06.28.29:026][984]LogD3D11RHI: ~FD3D11DynamicRHI
[2023.05.11-06.28.29:048][984]LogModuleManager: Shutting down and abandoning module BlueprintGraph (536)
[2023.05.11-06.28.29:048][984]LogModuleManager: Shutting down and abandoning module BlueprintProfiler (534)
[2023.05.11-06.28.29:049][984]LogModuleManager: Shutting down and abandoning module HierarchicalLODOutliner (532)
[2023.05.11-06.28.29:049][984]LogModuleManager: Shutting down and abandoning module WorldBrowser (530)
[2023.05.11-06.28.29:049][984]LogModuleManager: Shutting down and abandoning module SceneOutliner (528)
[2023.05.11-06.28.29:049][984]LogModuleManager: Shutting down and abandoning module AddContentDialog (526)
[2023.05.11-06.28.29:049][984]LogDirectoryWatcher: A directory notification for 'C:/Program Files/Epic Games/UE_4.17/FeaturePacks/' was aborted.
[2023.05.11-06.28.29:050][984]LogModuleManager: Shutting down and abandoning module WidgetCarousel (525)
[2023.05.11-06.28.29:050][984]LogModuleManager: Shutting down and abandoning module EditorWidgets (522)
[2023.05.11-06.28.29:050][984]LogModuleManager: Shutting down and abandoning module CollectionManager (520)
[2023.05.11-06.28.29:050][984]LogDirectoryWatcher: A directory notification for 'C:/Users/81806/OneDrive/ドキュメント/4-4_GameTaisyou_2023/GameTaisyou_2023/Content/Collections/' was aborted.
[2023.05.11-06.28.29:050][984]LogDirectoryWatcher: A directory notification for 'C:/Users/81806/OneDrive/ドキュメント/4-4_GameTaisyou_2023/GameTaisyou_2023/Content/Developers/小浜大和/Collections/' was aborted.
[2023.05.11-06.28.29:050][984]LogDirectoryWatcher: A directory notification for 'C:/Users/81806/OneDrive/ドキュメント/4-4_GameTaisyou_2023/GameTaisyou_2023/Saved/Collections/' was aborted.
[2023.05.11-06.28.29:050][984]LogModuleManager: Shutting down and abandoning module StatsViewer (518)
[2023.05.11-06.28.29:050][984]LogModuleManager: Shutting down and abandoning module FoliageEdit (516)
[2023.05.11-06.28.29:050][984]LogModuleManager: Shutting down and abandoning module LandscapeEditor (514)
[2023.05.11-06.28.29:050][984]LogModuleManager: Shutting down and abandoning module MeshPaintMode (512)
[2023.05.11-06.28.29:051][984]LogModuleManager: Shutting down and abandoning module SceneDepthPickerMode (510)
[2023.05.11-06.28.29:051][984]LogModuleManager: Shutting down and abandoning module ActorPickerMode (508)
[2023.05.11-06.28.29:051][984]LogModuleManager: Shutting down and abandoning module GeometryMode (506)
[2023.05.11-06.28.29:051][984]LogModuleManager: Shutting down and abandoning module TextureAlignMode (504)
[2023.05.11-06.28.29:051][984]LogModuleManager: Shutting down and abandoning module BspMode (502)
[2023.05.11-06.28.29:051][984]LogModuleManager: Shutting down and abandoning module PIEPreviewDeviceProfileSelector (500)
[2023.05.11-06.28.29:051][984]LogModuleManager: Shutting down and abandoning module HardwareSurvey (498)
[2023.05.11-06.28.29:051][984]LogModuleManager: Shutting down and abandoning module SequenceRecorderSections (496)
[2023.05.11-06.28.29:051][984]LogModuleManager: Shutting down and abandoning module AutomationWorker (494)
[2023.05.11-06.28.29:051][984]LogModuleManager: Shutting down and abandoning module MatineeToLevelSequence (492)
[2023.05.11-06.28.29:051][984]LogModuleManager: Shutting down and abandoning module LevelSequenceEditor (490)
[2023.05.11-06.28.29:052][984]LogModuleManager: Shutting down and abandoning module PlacementMode (489)
[2023.05.11-06.28.29:052][984]LogModuleManager: Shutting down and abandoning module WmfMediaFactory (486)
[2023.05.11-06.28.29:052][984]LogModuleManager: Shutting down and abandoning module WmfMediaEditor (484)
[2023.05.11-06.28.29:052][984]LogModuleManager: Shutting down and abandoning module AvfMediaFactory (482)
[2023.05.11-06.28.29:052][984]LogModuleManager: Shutting down and abandoning module AvfMediaEditor (480)
[2023.05.11-06.28.29:052][984]LogModuleManager: Shutting down and abandoning module AndroidMediaFactory (478)
[2023.05.11-06.28.29:052][984]LogModuleManager: Shutting down and abandoning module Media (477)
[2023.05.11-06.28.29:052][984]LogModuleManager: Shutting down and abandoning module AndroidMediaEditor (474)
[2023.05.11-06.28.29:052][984]LogModuleManager: Shutting down and abandoning module CharacterAI (472)
[2023.05.11-06.28.29:052][984]LogModuleManager: Shutting down and abandoning module AudioCapture (470)
[2023.05.11-06.28.29:052][984]LogModuleManager: Shutting down and abandoning module SequenceRecorder (469)
[2023.05.11-06.28.29:052][984]LogModuleManager: Shutting down and abandoning module SmartSnapping (466)
[2023.05.11-06.28.29:052][984]LogModuleManager: Shutting down and abandoning module SessionServices (464)
[2023.05.11-06.28.29:052][984]LogModuleManager: Shutting down and abandoning module ViewportSnapping (462)
[2023.05.11-06.28.29:052][984]LogModuleManager: Shutting down and abandoning module ViewportInteraction (460)
[2023.05.11-06.28.29:052][984]LogModuleManager: Shutting down and abandoning module ClothPainter (458)
[2023.05.11-06.28.29:052][984]LogModuleManager: Shutting down and abandoning module LogVisualizer (456)
[2023.05.11-06.28.29:052][984]LogModuleManager: Shutting down and abandoning module IntroTutorials (454)
[2023.05.11-06.28.29:052][984]LogModuleManager: Shutting down and abandoning module GameProjectGeneration (453)
[2023.05.11-06.28.29:053][984]LogModuleManager: Shutting down and abandoning module IOSPlatformEditor (450)
[2023.05.11-06.28.29:053][984]LogModuleManager: Shutting down and abandoning module HTML5PlatformEditor (448)
[2023.05.11-06.28.29:053][984]LogModuleManager: Shutting down and abandoning module AndroidPlatformEditor (446)
[2023.05.11-06.28.29:053][984]LogModuleManager: Shutting down and abandoning module AndroidDeviceDetection (445)
[2023.05.11-06.28.29:988][984]LogModuleManager: Shutting down and abandoning module WindowsPlatformEditor (442)
[2023.05.11-06.28.29:988][984]LogModuleManager: Shutting down and abandoning module IOSRuntimeSettings (440)
[2023.05.11-06.28.29:988][984]LogModuleManager: Shutting down and abandoning module AndroidRuntimeSettings (438)
[2023.05.11-06.28.29:988][984]LogModuleManager: Shutting down and abandoning module InputBindingEditor (436)
[2023.05.11-06.28.29:989][984]LogModuleManager: Shutting down and abandoning module MergeActors (434)
[2023.05.11-06.28.29:989][984]LogModuleManager: Shutting down and abandoning module SizeMap (432)
[2023.05.11-06.28.29:989][984]LogModuleManager: Shutting down and abandoning module TreeMap (430)
[2023.05.11-06.28.29:989][984]LogModuleManager: Shutting down and abandoning module ReferenceViewer (428)
[2023.05.11-06.28.29:989][984]LogModuleManager: Shutting down and abandoning module LocalizationDashboard (426)
[2023.05.11-06.28.29:990][984]LogModuleManager: Shutting down and abandoning module LocalizationService (425)
[2023.05.11-06.28.29:990][984]LogModuleManager: Shutting down and abandoning module HardwareTargeting (422)
[2023.05.11-06.28.29:990][984]LogModuleManager: Shutting down and abandoning module DeviceProfileEditor (420)
[2023.05.11-06.28.29:990][984]LogModuleManager: Shutting down and abandoning module UndoHistory (418)
[2023.05.11-06.28.29:990][984]LogModuleManager: Shutting down and abandoning module XmlParser (416)
[2023.05.11-06.28.29:990][984]LogModuleManager: Shutting down and abandoning module Blutility (414)
[2023.05.11-06.28.29:990][984]LogModuleManager: Shutting down and abandoning module ProjectSettingsViewer (412)
[2023.05.11-06.28.29:990][984]LogModuleManager: Shutting down and abandoning module ProjectTargetPlatformEditor (411)
[2023.05.11-06.28.29:990][984]LogModuleManager: Shutting down and abandoning module EditorSettingsViewer (408)
[2023.05.11-06.28.29:990][984]LogModuleManager: Shutting down and abandoning module SettingsEditor (406)
[2023.05.11-06.28.29:991][984]LogModuleManager: Shutting down and abandoning module ProjectLauncher (404)
[2023.05.11-06.28.29:991][984]LogModuleManager: Shutting down and abandoning module SessionFrontend (402)
[2023.05.11-06.28.29:991][984]LogModuleManager: Shutting down and abandoning module ProfilerClient (400)
[2023.05.11-06.28.29:992][984]LogModuleManager: Shutting down and abandoning module DeviceManager (398)
[2023.05.11-06.28.29:992][984]LogModuleManager: Shutting down and abandoning module TargetDeviceServices (397)
[2023.05.11-06.28.30:047][984]LogModuleManager: Shutting down and abandoning module AutomationController (394)
[2023.05.11-06.28.30:047][984]LogModuleManager: Shutting down and abandoning module AutomationWindow (392)
[2023.05.11-06.28.30:048][984]LogModuleManager: Shutting down and abandoning module Layers (390)
[2023.05.11-06.28.30:049][984]LogModuleManager: Shutting down and abandoning module ComponentVisualizers (388)
[2023.05.11-06.28.30:050][984]LogModuleManager: Shutting down and abandoning module DetailCustomizations (386)
[2023.05.11-06.28.30:050][984]LogModuleManager: Shutting down and abandoning module PackagesDialog (384)
[2023.05.11-06.28.30:050][984]LogModuleManager: Shutting down and abandoning module Persona (382)
[2023.05.11-06.28.30:051][984]LogModuleManager: Shutting down and abandoning module AdvancedPreviewScene (381)
[2023.05.11-06.28.30:051][984]LogModuleManager: Shutting down and abandoning module AnimGraph (379)
[2023.05.11-06.28.30:051][984]LogModuleManager: Shutting down and abandoning module Kismet (376)
[2023.05.11-06.28.30:057][984]LogModuleManager: Shutting down and abandoning module ClassViewer (374)
[2023.05.11-06.28.30:057][984]LogModuleManager: Shutting down and abandoning module Toolbox (372)
[2023.05.11-06.28.30:057][984]LogModuleManager: Shutting down and abandoning module ModuleUI (370)
[2023.05.11-06.28.30:057][984]LogModuleManager: Shutting down and abandoning module MovieSceneTools (368)
[2023.05.11-06.28.30:058][984]LogModuleManager: Shutting down and abandoning module OutputLog (366)
[2023.05.11-06.28.30:058][984]LogModuleManager: Shutting down and abandoning module GammaUI (364)
[2023.05.11-06.28.30:058][984]LogModuleManager: Shutting down and abandoning module Documentation (362)
[2023.05.11-06.28.30:058][984]LogModuleManager: Shutting down and abandoning module MovieSceneTracks (360)
[2023.05.11-06.28.30:059][984]LogModuleManager: Shutting down and abandoning module MovieScene (358)
[2023.05.11-06.28.30:059][984]LogModuleManager: Shutting down and abandoning module Niagara (356)
[2023.05.11-06.28.30:059][984]LogModuleManager: Shutting down and abandoning module NiagaraEditor (355)
[2023.05.11-06.28.30:059][984]LogModuleManager: Shutting down and abandoning module StreamingPauseRendering (352)
[2023.05.11-06.28.30:059][984]LogModuleManager: Shutting down and abandoning module LauncherPlatform (350)
[2023.05.11-06.28.30:059][984]LogModuleManager: Shutting down and abandoning module AnalyticsET (348)
[2023.05.11-06.28.30:059][984]LogModuleManager: Shutting down and abandoning module PortalServices (346)
[2023.05.11-06.28.30:059][984]LogModuleManager: Shutting down and abandoning module PortalRpc (344)
[2023.05.11-06.28.30:059][984]LogModuleManager: Shutting down and abandoning module MessagingRpc (342)
[2023.05.11-06.28.30:059][984]LogModuleManager: Shutting down and abandoning module AIModule (340)
[2023.05.11-06.28.30:059][984]LogModuleManager: Shutting down and abandoning module GameplayDebugger (339)
[2023.05.11-06.28.30:059][984]LogModuleManager: Shutting down and abandoning module AITestSuite (337)
[2023.05.11-06.28.30:059][984]LogModuleManager: Shutting down and abandoning module ProfilerService (334)
[2023.05.11-06.28.30:288][984]LogModuleManager: Shutting down and abandoning module TaskGraph (332)
[2023.05.11-06.28.30:289][984]LogModuleManager: Shutting down and abandoning module SteamVRController (330)
[2023.05.11-06.28.30:289][984]LogModuleManager: Shutting down and abandoning module ProceduralMeshComponentEditor (328)
[2023.05.11-06.28.30:289][984]LogModuleManager: Shutting down and abandoning module ProceduralMeshComponent (326)
[2023.05.11-06.28.30:289][984]LogModuleManager: Shutting down and abandoning module OculusInput (324)
[2023.05.11-06.28.30:289][984]LogModuleManager: Shutting down and abandoning module MobilePatchingUtils (322)
[2023.05.11-06.28.30:289][984]LogModuleManager: Shutting down and abandoning module CustomMeshComponent (320)
[2023.05.11-06.28.30:289][984]LogModuleManager: Shutting down and abandoning module CableComponent (318)
[2023.05.11-06.28.30:289][984]LogModuleManager: Shutting down and abandoning module ArchVisCharacter (316)
[2023.05.11-06.28.30:289][984]LogModuleManager: Shutting down and abandoning module AndroidPermission (314)
[2023.05.11-06.28.30:289][984]LogModuleManager: Shutting down and abandoning module MediaPlayerEditor (310)
[2023.05.11-06.28.30:289][984]LogModuleManager: Shutting down and abandoning module HTML5Networking (308)
[2023.05.11-06.28.30:290][984]LogModuleManager: Shutting down and abandoning module AlembicImporter (306)
[2023.05.11-06.28.30:290][984]LogModuleManager: Shutting down and abandoning module AlembicLibrary (305)
[2023.05.11-06.28.30:290][984]LogModuleManager: Shutting down and abandoning module GeometryCache (304)
[2023.05.11-06.28.30:290][984]LogModuleManager: Shutting down and abandoning module GeometryCacheEd (303)
[2023.05.11-06.28.30:290][984]LogModuleManager: Shutting down and abandoning module SpeedTreeImporter (298)
[2023.05.11-06.28.30:290][984]LogModuleManager: Shutting down and abandoning module PluginBrowser (296)
[2023.05.11-06.28.30:290][984]LogModuleManager: Shutting down and abandoning module MobileLauncherProfileWizard (294)
[2023.05.11-06.28.30:291][984]LogModuleManager: Shutting down and abandoning module VisualStudioSourceCodeAccess (292)
[2023.05.11-06.28.30:291][984]LogModuleManager: Shutting down and abandoning module DesktopPlatform (291)
[2023.05.11-06.28.30:291][984]LogModuleManager: Shutting down and abandoning module UObjectPlugin (288)
[2023.05.11-06.28.30:291][984]LogModuleManager: Shutting down and abandoning module SubversionSourceControl (286)
[2023.05.11-06.28.30:291][984]LogModuleManager: Shutting down and abandoning module PerforceSourceControl (284)
[2023.05.11-06.28.30:291][984]LogModuleManager: Shutting down and abandoning module GitSourceControl (282)
[2023.05.11-06.28.30:291][984]LogModuleManager: Shutting down and abandoning module SourceControl (281)
[2023.05.11-06.28.30:292][984]LogModuleManager: Shutting down and abandoning module LightPropagationVolumeEditor (278)
[2023.05.11-06.28.30:292][984]LogModuleManager: Shutting down and abandoning module PaperTiledImporter (276)
[2023.05.11-06.28.30:292][984]LogModuleManager: Shutting down and abandoning module PaperSpriteSheetImporter (274)
[2023.05.11-06.28.30:292][984]LogModuleManager: Shutting down and abandoning module Paper2DEditor (272)
[2023.05.11-06.28.30:292][984]LogModuleManager: Shutting down and abandoning module MeshPaint (271)
[2023.05.11-06.28.30:292][984]LogModuleManager: Shutting down and abandoning module LevelEditor (269)
[2023.05.11-06.28.30:293][984]LogModuleManager: Shutting down and abandoning module PixelInspectorModule (268)
[2023.05.11-06.28.30:293][984]LogModuleManager: Shutting down and abandoning module MainFrame (266)
[2023.05.11-06.28.30:293][984]LogModuleManager: Shutting down and abandoning module HotReload (265)
[2023.05.11-06.28.30:293][984]LogModuleManager: Shutting down and abandoning module RuntimePhysXCooking (260)
[2023.05.11-06.28.30:293][984]LogModuleManager: Shutting down and abandoning module PhysXVehiclesEditor (258)
[2023.05.11-06.28.30:293][984]LogModuleManager: Shutting down and abandoning module PhysXVehicles (256)
[2023.05.11-06.28.30:293][984]LogModuleManager: Shutting down and abandoning module OculusEditor (254)
[2023.05.11-06.28.30:293][984]LogModuleManager: Shutting down and abandoning module LocationServicesBPLibrary (252)
[2023.05.11-06.28.30:293][984]LogModuleManager: Shutting down and abandoning module ImmediatePhysicsEditor (250)
[2023.05.11-06.28.30:293][984]LogModuleManager: Shutting down and abandoning module ImmediatePhysics (248)
[2023.05.11-06.28.30:293][984]LogModuleManager: Shutting down and abandoning module UdpMessaging (246)
[2023.05.11-06.28.30:395][984]LogModuleManager: Shutting down and abandoning module TcpMessaging (244)
[2023.05.11-06.28.30:496][984]LogModuleManager: Shutting down and abandoning module GameplayTagsEditor (242)
[2023.05.11-06.28.30:497][984]LogModuleManager: Shutting down and abandoning module FacialAnimationEditor (240)
[2023.05.11-06.28.30:497][984]LogModuleManager: Shutting down and abandoning module FacialAnimation (238)
[2023.05.11-06.28.30:497][984]LogModuleManager: Shutting down and abandoning module AssetManagerEditor (236)
[2023.05.11-06.28.30:497][984]LogModuleManager: Shutting down and abandoning module GraphEditor (235)
[2023.05.11-06.28.30:497][984]LogModuleManager: Shutting down and abandoning module ContentBrowser (233)
[2023.05.11-06.28.30:497][984]LogModuleManager: Shutting down and abandoning module LightPropagationVolumeRuntime (230)
[2023.05.11-06.28.30:497][984]LogModuleManager: Shutting down and abandoning module Paper2D (228)
[2023.05.11-06.28.30:497][984]LogModuleManager: Shutting down and abandoning module WindowsMoviePlayer (226)
[2023.05.11-06.28.30:497][984]LogModuleManager: Shutting down and abandoning module WmfMedia (224)
[2023.05.11-06.28.30:499][984]LogModuleManager: Shutting down and abandoning module PacketHandler (222)
[2023.05.11-06.28.30:499][984]LogModuleManager: Shutting down and abandoning module ClothingSystemEditor (220)
[2023.05.11-06.28.30:499][984]LogModuleManager: Shutting down and abandoning module ClothingSystemRuntime (218)
[2023.05.11-06.28.30:500][984]LogModuleManager: Shutting down and abandoning module Overlay (216)
[2023.05.11-06.28.30:500][984]LogModuleManager: Shutting down and abandoning module OverlayEditor (215)
[2023.05.11-06.28.30:500][984]LogModuleManager: Shutting down and abandoning module MediaAssets (212)
[2023.05.11-06.28.30:500][984]LogModuleManager: Shutting down and abandoning module VREditor (210)
[2023.05.11-06.28.30:500][984]LogModuleManager: Shutting down and abandoning module StringTableEditor (208)
[2023.05.11-06.28.30:500][984]LogModuleManager: Shutting down and abandoning module GameplayTasksEditor (206)
[2023.05.11-06.28.30:500][984]LogModuleManager: Shutting down and abandoning module BehaviorTreeEditor (204)
[2023.05.11-06.28.30:501][984]LogModuleManager: Shutting down and abandoning module FunctionalTesting (202)
[2023.05.11-06.28.30:501][984]LogModuleManager: Shutting down and abandoning module CollisionAnalyzer (200)
[2023.05.11-06.28.30:501][984]LogModuleManager: Shutting down and abandoning module WorkspaceMenuStructure (199)
[2023.05.11-06.28.30:501][984]LogModuleManager: Shutting down and abandoning module UMG (196)
[2023.05.11-06.28.30:502][984]LogModuleManager: Shutting down and abandoning module UMGEditor (195)
[2023.05.11-06.28.30:502][984]LogModuleManager: Shutting down and abandoning module Sequencer (194)
[2023.05.11-06.28.30:502][984]LogModuleManager: Shutting down and abandoning module MessageLog (191)
[2023.05.11-06.28.30:502][984]LogModuleManager: Shutting down and abandoning module SlateReflector (186)
[2023.05.11-06.28.30:503][984]LogModuleManager: Shutting down and abandoning module Slate (184)
[2023.05.11-06.28.30:503][984]LogModuleManager: Shutting down and abandoning module EditorStyle (182)
[2023.05.11-06.28.30:505][984]LogModuleManager: Shutting down and abandoning module MRMesh (180)
[2023.05.11-06.28.30:505][984]LogModuleManager: Shutting down and abandoning module SourceCodeAccess (178)
[2023.05.11-06.28.30:505][984]LogModuleManager: Shutting down and abandoning module HeadMountedDisplay (176)
[2023.05.11-06.28.30:505][984]LogModuleManager: Shutting down and abandoning module XAudio2 (174)
[2023.05.11-06.28.30:505][984]LogModuleManager: Shutting down and abandoning module Networking (172)
[2023.05.11-06.28.30:506][984]LogModuleManager: Shutting down and abandoning module Core (168)
[2023.05.11-06.28.30:506][984]LogModuleManager: Shutting down and abandoning module KismetCompiler (164)
[2023.05.11-06.28.30:506][984]LogModuleManager: Shutting down and abandoning module LevelSequence (162)
[2023.05.11-06.28.30:506][984]LogModuleManager: Shutting down and abandoning module MeshUtilities (160)
[2023.05.11-06.28.30:506][984]LogModuleManager: Shutting down and abandoning module MeshMergeUtilities (159)
[2023.05.11-06.28.30:506][984]LogModuleManager: Shutting down and abandoning module MeshReductionInterface (158)
[2023.05.11-06.28.30:506][984]LogModuleManager: Shutting down and abandoning module SimplygonSwarm (157)
[2023.05.11-06.28.30:507][984]LogModuleManager: Shutting down and abandoning module SimplygonMeshReduction (155)
[2023.05.11-06.28.30:507][984]LogModuleManager: Shutting down and abandoning module QuadricMeshReduction (153)
[2023.05.11-06.28.30:507][984]LogModuleManager: Shutting down and abandoning module MaterialBaking (149)
[2023.05.11-06.28.30:507][984]LogModuleManager: Shutting down and abandoning module DirectoryWatcher (146)
[2023.05.11-06.28.30:507][984]LogModuleManager: Shutting down and abandoning module DerivedDataCache (144)
[2023.05.11-06.28.30:576][984]LogDerivedDataCache: Shutdown
[2023.05.11-06.28.30:576][984]LogModuleManager: Shutting down and abandoning module TargetPlatform (142)
[2023.05.11-06.28.30:576][984]LogModuleManager: Shutting down and abandoning module VulkanShaderFormat (141)
[2023.05.11-06.28.30:576][984]LogModuleManager: Shutting down and abandoning module ShaderFormatVectorVM (139)
[2023.05.11-06.28.30:577][984]LogModuleManager: Shutting down and abandoning module ShaderFormatOpenGL (137)
[2023.05.11-06.28.30:577][984]LogModuleManager: Shutting down and abandoning module ShaderFormatD3D (135)
[2023.05.11-06.28.30:577][984]LogModuleManager: Shutting down and abandoning module MetalShaderFormat (133)
[2023.05.11-06.28.30:578][984]LogModuleManager: Shutting down and abandoning module TextureFormatUncompressed (131)
[2023.05.11-06.28.30:578][984]LogModuleManager: Shutting down and abandoning module TextureFormatPVR (129)
[2023.05.11-06.28.30:578][984]LogModuleManager: Shutting down and abandoning module TextureFormatDXT (127)
[2023.05.11-06.28.30:578][984]LogModuleManager: Shutting down and abandoning module TextureFormatIntelISPCTexComp (125)
[2023.05.11-06.28.30:578][984]LogModuleManager: Shutting down and abandoning module TextureFormatASTC (123)
[2023.05.11-06.28.30:578][984]LogModuleManager: Shutting down and abandoning module ImageWrapper (122)
[2023.05.11-06.28.30:578][984]LogModuleManager: Shutting down and abandoning module TextureFormatAndroid (119)
[2023.05.11-06.28.30:578][984]LogModuleManager: Shutting down and abandoning module AudioFormatOpus (117)
[2023.05.11-06.28.30:578][984]LogModuleManager: Shutting down and abandoning module AudioFormatOgg (115)
[2023.05.11-06.28.30:578][984]LogModuleManager: Shutting down and abandoning module AudioFormatADPCM (113)
[2023.05.11-06.28.30:578][984]LogModuleManager: Shutting down and abandoning module LinuxTargetPlatform (111)
[2023.05.11-06.28.30:578][984]LogModuleManager: Shutting down and abandoning module LinuxServerTargetPlatform (109)
[2023.05.11-06.28.30:578][984]LogModuleManager: Shutting down and abandoning module LinuxNoEditorTargetPlatform (107)
[2023.05.11-06.28.30:578][984]LogModuleManager: Shutting down and abandoning module LinuxClientTargetPlatform (105)
[2023.05.11-06.28.30:578][984]LogModuleManager: Shutting down and abandoning module TVOSTargetPlatform (103)
[2023.05.11-06.28.30:578][984]LogModuleManager: Shutting down and abandoning module Messaging (101)
[2023.05.11-06.28.30:578][984]LogModuleManager: Shutting down and abandoning module IOSTargetPlatform (99)
[2023.05.11-06.28.30:578][984]LogModuleManager: Shutting down and abandoning module HTML5TargetPlatform (97)
[2023.05.11-06.28.30:578][984]LogModuleManager: Shutting down and abandoning module Android_PVRTCTargetPlatform (95)
[2023.05.11-06.28.30:579][984]LogModuleManager: Shutting down and abandoning module Android_MultiTargetPlatform (93)
[2023.05.11-06.28.30:579][984]LogModuleManager: Shutting down and abandoning module Android_ETC2TargetPlatform (91)
[2023.05.11-06.28.30:579][984]LogModuleManager: Shutting down and abandoning module Android_ETC1TargetPlatform (89)
[2023.05.11-06.28.30:579][984]LogModuleManager: Shutting down and abandoning module Android_DXTTargetPlatform (87)
[2023.05.11-06.28.30:579][984]LogModuleManager: Shutting down and abandoning module Android_ATCTargetPlatform (85)
[2023.05.11-06.28.30:579][984]LogModuleManager: Shutting down and abandoning module Android_ASTCTargetPlatform (83)
[2023.05.11-06.28.30:579][984]LogModuleManager: Shutting down and abandoning module AndroidTargetPlatform (81)
[2023.05.11-06.28.30:579][984]LogModuleManager: Shutting down and abandoning module WindowsTargetPlatform (79)
[2023.05.11-06.28.30:579][984]LogModuleManager: Shutting down and abandoning module WindowsServerTargetPlatform (77)
[2023.05.11-06.28.30:579][984]LogModuleManager: Shutting down and abandoning module WindowsNoEditorTargetPlatform (75)
[2023.05.11-06.28.30:579][984]LogModuleManager: Shutting down and abandoning module WindowsClientTargetPlatform (73)
[2023.05.11-06.28.30:579][984]LogModuleManager: Shutting down and abandoning module MacTargetPlatform (71)
[2023.05.11-06.28.30:579][984]LogModuleManager: Shutting down and abandoning module MacServerTargetPlatform (69)
[2023.05.11-06.28.30:579][984]LogModuleManager: Shutting down and abandoning module MacNoEditorTargetPlatform (67)
[2023.05.11-06.28.30:579][984]LogModuleManager: Shutting down and abandoning module MacClientTargetPlatform (65)
[2023.05.11-06.28.30:579][984]LogModuleManager: Shutting down and abandoning module AllDesktopTargetPlatform (63)
[2023.05.11-06.28.30:579][984]LogModuleManager: Shutting down and abandoning module InputCore (60)
[2023.05.11-06.28.30:579][984]LogModuleManager: Shutting down and abandoning module Settings (58)
[2023.05.11-06.28.30:579][984]LogModuleManager: Shutting down and abandoning module PhysXCooking (56)
[2023.05.11-06.28.30:579][984]LogModuleManager: Shutting down and abandoning module SteamVR (54)
[2023.05.11-06.28.30:579][984]LogModuleManager: Shutting down and abandoning module OculusHMD (52)
[2023.05.11-06.28.30:579][984]LogModuleManager: Shutting down and abandoning module ExampleDeviceProfileSelector (50)
[2023.05.11-06.28.30:579][984]LogModuleManager: Shutting down and abandoning module OnlineBlueprintSupport (48)
[2023.05.11-06.28.30:579][984]LogModuleManager: Shutting down and abandoning module OnlineSubsystem (44)
[2023.05.11-06.28.30:579][984]LogOnline: Display: Unloading online subsystem: NULL
[2023.05.11-06.28.30:580][984]LogModuleManager: Shutting down and abandoning module XMPP (43)
[2023.05.11-06.28.30:580][984]LogModuleManager: Shutting down and abandoning module HTTP (41)
[2023.05.11-06.28.30:580][984]LogHttp: Display: Http module shutting down, but needs to wait on 1 outstanding Http requests:
[2023.05.11-06.28.30:580][984]LogHttp: Display: 	verb=[POST] url=[https://datarouter.ol.epicgames.com/datarouter/api/v1/public/data?SessionID=%7BAD018724-448A-6EF1-C99A-6C981895434F%7D&AppID=UEEditor.Rocket.Release&AppVersion=4.17.2-3658906%2B%2B%2BUE4%2BRelease-4.17&UserID=b6570c5e438d4fb6a2e65a812a875c71%7Cd72d33c051974a0fad240c181fec4aeb%7C893d782e-80dc-4de3-9a84-1c2b7ea5ccde&AppEnvironment=datacollector-binary&UploadType=eteventstream] status=Processing
[2023.05.11-06.28.30:615][984]LogModuleManager: Shutting down and abandoning module SSL (40)
[2023.05.11-06.28.30:617][984]LogModuleManager: Shutting down and abandoning module AnimationModifiers (36)
[2023.05.11-06.28.30:617][984]LogModuleManager: Shutting down and abandoning module PropertyEditor (35)
[2023.05.11-06.28.30:617][984]LogModuleManager: Shutting down and abandoning module AudioEditor (32)
[2023.05.11-06.28.30:617][984]LogModuleManager: Shutting down and abandoning module TextureCompressor (30)
[2023.05.11-06.28.30:618][984]LogModuleManager: Shutting down and abandoning module ShaderCore (28)
[2023.05.11-06.28.30:618][984]LogModuleManager: Shutting down and abandoning module Landscape (26)
[2023.05.11-06.28.30:618][984]LogModuleManager: Shutting down and abandoning module SlateRHIRenderer (24)
[2023.05.11-06.28.30:620][984]LogModuleManager: Shutting down and abandoning module OpenGLDrv (22)
[2023.05.11-06.28.30:620][984]LogModuleManager: Shutting down and abandoning module D3D11RHI (20)
[2023.05.11-06.28.30:620][984]LogModuleManager: Shutting down and abandoning module AnimGraphRuntime (18)
[2023.05.11-06.28.30:620][984]LogModuleManager: Shutting down and abandoning module Renderer (16)
[2023.05.11-06.28.30:620][984]LogModuleManager: Shutting down and abandoning module Engine (14)
[2023.05.11-06.28.30:620][984]LogModuleManager: Shutting down and abandoning module CoreUObject (12)
[2023.05.11-06.28.30:620][984]LogModuleManager: Shutting down and abandoning module NetworkFile (10)
[2023.05.11-06.28.30:620][984]LogModuleManager: Shutting down and abandoning module CookedIterativeFile (8)
[2023.05.11-06.28.30:620][984]LogModuleManager: Shutting down and abandoning module StreamingFile (6)
[2023.05.11-06.28.30:620][984]LogModuleManager: Shutting down and abandoning module SandboxFile (4)
[2023.05.11-06.28.30:620][984]LogModuleManager: Shutting down and abandoning module PakFile (2)
[2023.05.11-06.28.30:628][984]LogExit: Exiting.
[2023.05.11-06.28.30:638][984]Log file closed, 05/11/23 15:28:30
