Log file open, 05/12/23 11:48:54
LogWindows: Failed to load 'aqProf.dll' (GetLastError=126)
LogWindows: File 'aqProf.dll' does not exist
LogWindows: Failed to load 'VSPerf140.dll' (GetLastError=126)
LogWindows: File 'VSPerf140.dll' does not exist
LogWindows: Failed to load 'VtuneApi.dll' (GetLastError=126)
LogWindows: File 'VtuneApi.dll' does not exist
LogWindows: Failed to load 'VtuneApi32e.dll' (GetLastError=126)
LogWindows: File 'VtuneApi32e.dll' does not exist
LogInit: Display: Running engine for game: GameTaisyou_2023
LogPlatformFile: Not using cached read wrapper
LogInit: Display: RandInit(-1680022213) SRandInit(-1680022213).
LogTaskGraph: Started task graph with 5 named threads and 26 total threads with 3 sets of task threads.
LogStats: Stats thread started at 0.400360
LogD3D11RHI: Aftermath initialized
LogPluginManager: Mounting plugin Paper2D
LogPluginManager: Mounting plugin LightPropagationVolume
LogPluginManager: Mounting plugin CodeLiteSourceCodeAccess
LogPluginManager: Mounting plugin GitSourceControl
LogPluginManager: Mounting plugin KDevelopSourceCodeAccess
LogPluginManager: Mounting plugin NullSourceCodeAccess
LogPluginManager: Mounting plugin PerforceSourceControl
LogPluginManager: Mounting plugin SubversionSourceControl
LogPluginManager: Mounting plugin UObjectPlugin
LogPluginManager: Mounting plugin VisualStudioSourceCodeAccess
LogPluginManager: Mounting plugin XCodeSourceCodeAccess
LogPluginManager: Mounting plugin AssetManagerEditor
LogPluginManager: Mounting plugin AudioCapture
LogPluginManager: Mounting plugin FacialAnimation
LogPluginManager: Mounting plugin GameplayTagsEditor
LogPluginManager: Mounting plugin MobileLauncherProfileWizard
LogPluginManager: Mounting plugin PluginBrowser
LogPluginManager: Mounting plugin SpeedTreeImporter
LogPluginManager: Mounting plugin AlembicImporter
LogPluginManager: Mounting plugin CharacterAI
LogPluginManager: Mounting plugin HTML5Networking
LogPluginManager: Mounting plugin AndroidMedia
LogPluginManager: Mounting plugin AvfMedia
LogPluginManager: Mounting plugin MediaPlayerEditor
LogPluginManager: Mounting plugin WmfMedia
LogPluginManager: Mounting plugin TcpMessaging
LogPluginManager: Mounting plugin UdpMessaging
LogPluginManager: Mounting plugin LevelSequenceEditor
LogPluginManager: Mounting plugin MatineeToLevelSequence
LogPluginManager: Mounting plugin OnlineSubsystemGooglePlay
LogPluginManager: Mounting plugin OnlineSubsystemIOS
LogPluginManager: Mounting plugin OnlineSubsystem
LogPluginManager: Mounting plugin OnlineSubsystemNull
LogPluginManager: Mounting plugin OnlineSubsystemUtils
LogPluginManager: Mounting plugin AndroidDeviceProfileSelector
LogPluginManager: Mounting plugin AndroidMoviePlayer
LogPluginManager: Mounting plugin AndroidPermission
LogPluginManager: Mounting plugin AppleMoviePlayer
LogPluginManager: Mounting plugin ArchVisCharacter
LogPluginManager: Mounting plugin CableComponent
LogPluginManager: Mounting plugin CustomMeshComponent
LogPluginManager: Mounting plugin ExampleDeviceProfileSelector
LogPluginManager: Mounting plugin GoogleCloudMessaging
LogPluginManager: Mounting plugin ImmediatePhysics
LogPluginManager: Mounting plugin IOSDeviceProfileSelector
LogPluginManager: Mounting plugin LinuxDeviceProfileSelector
LogPluginManager: Mounting plugin LocationServicesBPLibrary
LogPluginManager: Mounting plugin MobilePatchingUtils
LogPluginManager: Mounting plugin OculusVR
LogPluginManager: Mounting plugin PhysXVehicles
LogPluginManager: Mounting plugin ProceduralMeshComponent
LogPluginManager: Mounting plugin RuntimePhysXCooking
LogPluginManager: Mounting plugin SteamVR
LogPluginManager: Mounting plugin WindowsMoviePlayer
LogInit: Using libcurl 7.47.1
LogInit:  - built for x86_64-pc-win32
LogInit:  - supports SSL with OpenSSL/1.0.2g
LogInit:  - supports HTTP deflate (compression) using libz 1.2.8
LogInit:  - other features:
LogInit:      CURL_VERSION_SSL
LogInit:      CURL_VERSION_LIBZ
LogInit:      CURL_VERSION_IPV6
LogInit:      CURL_VERSION_ASYNCHDNS
LogInit:      CURL_VERSION_LARGEFILE
LogInit:      CURL_VERSION_IDN
LogInit:  CurlRequestOptions (configurable via config and command line):
LogInit:  - bVerifyPeer = false  - Libcurl will NOT verify peer certificate
LogInit:  - bUseHttpProxy = false  - Libcurl will NOT use HTTP proxy
LogInit:  - bDontReuseConnections = false  - Libcurl will reuse connections
LogInit:  - CertBundlePath = nullptr  - Libcurl will use whatever was configured at build time.
LogInit: Build: ++UE4+Release-4.17-CL-3658906
LogInit: Engine Version: 4.17.2-3658906+++UE4+Release-4.17
LogInit: Compatible Engine Version: 4.17.0-3573198+++UE4+Release-4.17
LogInit: Net CL: 3573198
LogDevObjectVersion: Number of dev versions registered: 16
LogDevObjectVersion:   Dev-Blueprints (B0D832E4-1F89-4F0D-ACCF-7EB736FD4AA2): 10
LogDevObjectVersion:   Dev-Build (E1C64328-A22C-4D53-A36C-8E866417BD8C): 0
LogDevObjectVersion:   Dev-Core (375EC13C-06E4-48FB-B500-84F0262A717E): 2
LogDevObjectVersion:   Dev-Editor (E4B068ED-F494-42E9-A231-DA0B2E46BB41): 20
LogDevObjectVersion:   Dev-Framework (CFFC743F-43B0-4480-9391-14DF171D2073): 28
LogDevObjectVersion:   Dev-Mobile (B02B49B5-BB20-44E9-A304-32B752E40360): 0
LogDevObjectVersion:   Dev-Networking (A4E4105C-59A1-49B5-A7C5-40C4547EDFEE): 0
LogDevObjectVersion:   Dev-Online (39C831C9-5AE6-47DC-9A44-9C173E1C8E7C): 0
LogDevObjectVersion:   Dev-Physics (78F01B33-EBEA-4F98-B9B4-84EACCB95AA2): 0
LogDevObjectVersion:   Dev-Platform (6631380F-2D4D-43E0-8009-CF276956A95A): 0
LogDevObjectVersion:   Dev-Rendering (12F88B9F-8875-4AFC-A67C-D90C383ABD29): 19
LogDevObjectVersion:   Dev-Sequencer (7B5AE74C-D270-4C10-A958-57980B212A5A): 4
LogDevObjectVersion:   Dev-VR (D7296918-1DD6-4BDD-9DE2-64A83CC13884): 0
LogDevObjectVersion:   Dev-LoadTimes (C2A15278-BFE7-4AFE-6C17-90FF531DF755): 1
LogDevObjectVersion:   Private-Geometry (6EACA3D4-40EC-4CC1-B786-8BED09428FC5): 1
LogDevObjectVersion:   Dev-AnimPhys (29E575DD-E0A3-4627-9D10-D276232CDCEA): 7
LogInit: Compiled (64-bit): Sep 22 2017 13:47:16
LogInit: Compiled with Visual C++: 19.00.24215.01
LogInit: Build Configuration: Development
LogInit: Branch Name: ++UE4+Release-4.17
LogInit: Command line:  
LogInit: Base directory: C:/Program Files/Epic Games/UE_4.17/Engine/Binaries/Win64/
LogInit: Installed Engine Build: 1
LogInit: Presizing for max 8388607 objects, including 0 objects not considered by GC, pre-allocating 0 bytes for permanent pool.
LogInit: Object subsystem initialized
[2023.05.12-02.48.54:810][  0]LogInit: Selected Device Profile: [Windows]
[2023.05.12-02.48.54:810][  0]LogInit: Applying CVar settings loaded from the selected device profile: [Windows]
[2023.05.12-02.48.54:836][  0]LogInit: Computer: KBC12006017
[2023.05.12-02.48.54:836][  0]LogInit: User: 小浜大和
[2023.05.12-02.48.54:836][  0]LogInit: CPU Page size=4096, Cores=8
[2023.05.12-02.48.54:836][  0]LogInit: High frequency timer resolution =10.000000 MHz
[2023.05.12-02.48.54:836][  0]LogMemory: Memory total: Physical=63.9GB (64GB approx)
[2023.05.12-02.48.54:836][  0]LogMemory: Platform Memory Stats for Windows
[2023.05.12-02.48.54:836][  0]LogMemory: Process Physical Memory: 281.57 MB used, 281.57 MB peak
[2023.05.12-02.48.54:836][  0]LogMemory: Process Virtual Memory: 281.25 MB used, 281.25 MB peak
[2023.05.12-02.48.54:836][  0]LogMemory: Physical Memory: 6891.59 MB used,  58536.56 MB free, 65428.15 MB total
[2023.05.12-02.48.54:836][  0]LogMemory: Virtual Memory: 4804.71 MB used,  58536.56 MB free, 134217728.00 MB total
[2023.05.12-02.48.55:075][  0]LogInit: Using OS detected language (ja-JP).
[2023.05.12-02.48.55:075][  0]LogInit: Using OS detected locale (ja-JP).
[2023.05.12-02.48.55:114][  0]LogTextLocalizationManager: No specific localization for 'ja-JP' exists, so the 'ja' localization will be used.
[2023.05.12-02.48.57:382][  0]LogD3D11RHI: D3D11 adapters:
[2023.05.12-02.48.57:443][  0]LogD3D11RHI:    0. 'AMD Radeon Pro 5500M' (Feature Level 11_0)
[2023.05.12-02.48.57:443][  0]LogD3D11RHI:       8151/0/32714 MB DedicatedVideo/DedicatedSystem/SharedSystem, Outputs:1, VendorId:0x1002
[2023.05.12-02.48.57:445][  0]LogD3D11RHI:    1. 'Microsoft Basic Render Driver' (Feature Level 11_0)
[2023.05.12-02.48.57:445][  0]LogD3D11RHI:       0/0/32714 MB DedicatedVideo/DedicatedSystem/SharedSystem, Outputs:0, VendorId:0x1414
[2023.05.12-02.48.57:445][  0]LogD3D11RHI: Chosen D3D11 Adapter: 0
[2023.05.12-02.48.57:449][  0]LogD3D11RHI: Creating new Direct3DDevice
[2023.05.12-02.48.57:449][  0]LogD3D11RHI:     GPU DeviceId: 0x7340 (for the marketing name, search the web for "GPU Device Id")
[2023.05.12-02.48.57:449][  0]LogWindows: EnumDisplayDevices:
[2023.05.12-02.48.57:450][  0]LogWindows:    0. 'AMD Radeon Pro 5500M' (P:1 D:1)
[2023.05.12-02.48.57:450][  0]LogWindows:    1. 'AMD Radeon Pro 5500M' (P:0 D:0)
[2023.05.12-02.48.57:450][  0]LogWindows:    2. 'AMD Radeon Pro 5500M' (P:0 D:0)
[2023.05.12-02.48.57:450][  0]LogWindows:    3. 'AMD Radeon Pro 5500M' (P:0 D:0)
[2023.05.12-02.48.57:450][  0]LogWindows:    4. 'AMD Radeon Pro 5500M' (P:0 D:0)
[2023.05.12-02.48.57:450][  0]LogWindows:    5. 'AMD Radeon Pro 5500M' (P:0 D:0)
[2023.05.12-02.48.57:450][  0]LogWindows:    6. 'AMD Radeon Pro 5500M' (P:0 D:0)
[2023.05.12-02.48.57:450][  0]LogWindows: DebugString: GetVideoDriverDetailsInvalid PrimaryIsNotTheChoosenAdapter GetVideoDriverDetailsInvalid PrimaryIsNotTheChoosenAdapter GetVideoDriverDetailsInvalid PrimaryIsNotTheChoosenAdapter GetVideoDriverDetailsInvalid PrimaryIsNotTheChoosenAdapter GetVideoDriverDetailsInvalid PrimaryIsNotTheChoosenAdapter GetVideoDriverDetailsInvalid PrimaryIsNotTheChoosenAdapter GetVideoDriverDetailsInvalid PrimaryIsNotTheChoosenAdapter FoundDriverCount:0 
[2023.05.12-02.48.57:450][  0]LogD3D11RHI:     Adapter Name: AMD Radeon Pro 5500M
[2023.05.12-02.48.57:450][  0]LogD3D11RHI:   Driver Version: Unknown (internal:Unknown, unified:Unknown)
[2023.05.12-02.48.57:450][  0]LogD3D11RHI:      Driver Date: Unknown
[2023.05.12-02.48.57:450][  0]LogRHI: Texture pool is 1361 MB (70% of 1945 MB)
[2023.05.12-02.48.57:517][  0]LogD3D11RHI: Async texture creation enabled
[2023.05.12-02.48.57:543][  0]LogD3D11RHI: GPU Timing Frequency: 100.000000 (Debug: 2 1)
[2023.05.12-02.48.57:545][  0]LogShaderCompilers: Guid format shader working directory is -38 characters bigger than the processId version (../../../../../../Users/81806/OneDrive/ドキュメント/4-4_GameTaisyou_2023/GameTaisyou_2023/Intermediate/Shaders/WorkingDirectory/17596/).
[2023.05.12-02.48.57:545][  0]LogShaderCompilers: Cleaned the shader compiler working directory 'C:/Users/81806/AppData/Local/Temp/UnrealShaderWorkingDir/868A310244527C5EFA649E84303647B8/'.
[2023.05.12-02.48.57:545][  0]LogShaderCompilers: Display: Using Local Shader Compiler.
[2023.05.12-02.49.01:787][  0]LogTemp: Display: Loaded TP AllDesktopTargetPlatform
[2023.05.12-02.49.02:094][  0]LogTemp: Display: Loaded TP MacClientTargetPlatform
[2023.05.12-02.49.02:172][  0]LogTemp: Display: Loaded TP MacNoEditorTargetPlatform
[2023.05.12-02.49.02:234][  0]LogTemp: Display: Loaded TP MacServerTargetPlatform
[2023.05.12-02.49.02:299][  0]LogTemp: Display: Loaded TP MacTargetPlatform
[2023.05.12-02.49.02:364][  0]LogTemp: Display: Loaded TP WindowsClientTargetPlatform
[2023.05.12-02.49.02:423][  0]LogTemp: Display: Loaded TP WindowsNoEditorTargetPlatform
[2023.05.12-02.49.02:482][  0]LogTemp: Display: Loaded TP WindowsServerTargetPlatform
[2023.05.12-02.49.02:536][  0]LogTemp: Display: Loaded TP WindowsTargetPlatform
[2023.05.12-02.49.02:600][  0]LogTemp: Display: Loaded TP AndroidTargetPlatform
[2023.05.12-02.49.02:661][  0]LogTemp: Display: Loaded TP Android_ASTCTargetPlatform
[2023.05.12-02.49.02:719][  0]LogTemp: Display: Loaded TP Android_ATCTargetPlatform
[2023.05.12-02.49.02:778][  0]LogTemp: Display: Loaded TP Android_DXTTargetPlatform
[2023.05.12-02.49.02:837][  0]LogTemp: Display: Loaded TP Android_ETC1TargetPlatform
[2023.05.12-02.49.02:897][  0]LogTemp: Display: Loaded TP Android_ETC2TargetPlatform
[2023.05.12-02.49.03:016][  0]LogTemp: Display: Loaded TP Android_MultiTargetPlatform
[2023.05.12-02.49.03:016][  0]LogTemp: Display: Loaded TP Android_PVRTCTargetPlatform
[2023.05.12-02.49.03:066][  0]LogTemp: Display: Loaded TP HTML5TargetPlatform
[2023.05.12-02.49.03:184][  0]LogTemp: Display: Loaded TP IOSTargetPlatform
[2023.05.12-02.49.03:222][  0]LogTemp: Display: Loaded TP TVOSTargetPlatform
[2023.05.12-02.49.03:281][  0]LogTemp: Display: Loaded TP LinuxClientTargetPlatform
[2023.05.12-02.49.03:340][  0]LogTemp: Display: Loaded TP LinuxNoEditorTargetPlatform
[2023.05.12-02.49.03:398][  0]LogTemp: Display: Loaded TP LinuxServerTargetPlatform
[2023.05.12-02.49.03:461][  0]LogTemp: Display: Loaded TP LinuxTargetPlatform
[2023.05.12-02.49.03:461][  0]LogTargetPlatformManager: Display: Building Assets For Windows
[2023.05.12-02.49.04:108][  0]LogDerivedDataCache: Display: Max Cache Size: 512 MB
[2023.05.12-02.49.04:169][  0]LogDerivedDataCache: Loaded boot cache 0.06s 93MB C:/Users/81806/AppData/Local/UnrealEngine/4.17/DerivedDataCache/Boot.ddc.
[2023.05.12-02.49.04:169][  0]LogDerivedDataCache: Display: Loaded Boot cache: C:/Users/81806/AppData/Local/UnrealEngine/4.17/DerivedDataCache/Boot.ddc
[2023.05.12-02.49.04:169][  0]LogDerivedDataCache: FDerivedDataBackendGraph:  Pak pak cache file ../../../../../../Users/81806/OneDrive/ドキュメント/4-4_GameTaisyou_2023/GameTaisyou_2023/DerivedDataCache/DDC.ddp not found, will not use a pak cache.
[2023.05.12-02.49.04:169][  0]LogDerivedDataCache: Unable to find inner node Pak for hierarchical cache Hierarchy.
[2023.05.12-02.49.04:170][  0]LogDerivedDataCache: FDerivedDataBackendGraph:  CompressedPak pak cache file ../../../../../../Users/81806/OneDrive/ドキュメント/4-4_GameTaisyou_2023/GameTaisyou_2023/DerivedDataCache/Compressed.ddp not found, will not use a pak cache.
[2023.05.12-02.49.04:170][  0]LogDerivedDataCache: Unable to find inner node CompressedPak for hierarchical cache Hierarchy.
[2023.05.12-02.49.04:190][  0]LogDerivedDataCache: Display: Pak cache opened for reading ../../../Engine/DerivedDataCache/Compressed.ddp.
[2023.05.12-02.49.04:202][  0]LogDerivedDataCache: Using Local data cache path C:/Users/81806/AppData/Local/UnrealEngine/Common/DerivedDataCache: Writable
[2023.05.12-02.49.04:210][  0]LogMaterial: Verifying Global Shaders for PCD3D_SM5
[2023.05.12-02.49.04:210][  0]LogSlate: Using Freetype 2.6.0
[2023.05.12-02.49.04:221][  0]LogSlate: SlateFontCache - WITH_FREETYPE: 1, WITH_HARFBUZZ: 1
[2023.05.12-02.49.04:221][  0]LogSlate: SlateFontCache - WITH_FREETYPE: 1, WITH_HARFBUZZ: 1
[2023.05.12-02.49.04:542][  0]LogAssetRegistry: FAssetRegistry took 0.0257 seconds to start up
[2023.05.12-02.49.04:665][  0]LogInit: Selected Device Profile: [Windows]
[2023.05.12-02.49.04:853][  0]LogContentStreaming: Texture pool size is 0.00 MB
[2023.05.12-02.49.05:231][  0]LogSimplygon: Simplygon DLL not present - disabling.
[2023.05.12-02.49.05:285][  0]LogMeshReduction: Using SimplygonSwarm for distributed automatic mesh merging
[2023.05.12-02.49.05:285][  0]LogMeshReduction: Using QuadricMeshReduction for automatic static mesh reduction
[2023.05.12-02.49.05:286][  0]LogMeshReduction: No automatic skeletal mesh reduction module available
[2023.05.12-02.49.05:286][  0]LogMeshReduction: No automatic mesh merging module available
[2023.05.12-02.49.05:286][  0]LogMeshMerging: No automatic mesh merging module available
[2023.05.12-02.49.05:638][  0]LogNetVersion: GameTaisyou_2023 , NetCL: 3573198, EngineNetVer: 2, GameNetVer: 0 (Checksum: 2042799889)
[2023.05.12-02.49.05:854][  0]LogPackageLocalizationCache: Processed 5 localized package path(s) for 2 prioritized culture(s) in 0.045112 seconds
[2023.05.12-02.49.05:859][  0]LogUObjectArray: 35825 objects as part of root set at end of initial load.
[2023.05.12-02.49.05:859][  0]LogUObjectAllocator: 7529104 out of 0 bytes used by permanent object pool.
[2023.05.12-02.49.05:859][  0]LogUObjectArray: CloseDisregardForGC: 0/0 objects in disregard for GC pool
[2023.05.12-02.49.05:951][  0]LogInit: WinSock: version 1.1 (2.2), MaxSocks=32767, MaxUdp=65467
[2023.05.12-02.49.09:235][  0]LogTcpMessaging: Initializing TcpMessaging bridge
[2023.05.12-02.49.09:285][  0]LogUdpMessaging: Initializing bridge on interface 0.0.0.0:0 to multicast group 230.0.0.1:6666.
[2023.05.12-02.49.10:033][  0]LogMaterial: Uniform references updated for custom material expression Custom.
[2023.05.12-02.49.10:498][  0]SourceControl: ソースコントロールは無効です
[2023.05.12-02.49.10:498][  0]SourceControl: ソースコントロールは無効です
[2023.05.12-02.49.10:556][  0]SourceControl: ソースコントロールは無効です
[2023.05.12-02.49.10:614][  0]SourceControl: ソースコントロールは無効です
[2023.05.12-02.49.11:344][  0]LogAndroidPermission: UAndroidPermissionCallbackProxy::GetInstance
[2023.05.12-02.49.11:702][  0]LogOcInput: OculusInput pre-init called
[2023.05.12-02.49.12:017][  0]LogEngine: Initializing Engine...
[2023.05.12-02.49.12:019][  0]LogHMD: Failed to initialize OpenVR with code 110
[2023.05.12-02.49.12:188][  0]LogStats: UGameplayTagsManager::ConstructGameplayTagTree: Construct from data asset -  0.000 s
[2023.05.12-02.49.12:189][  0]LogStats: UGameplayTagsManager::ConstructGameplayTagTree: GameplayTagTreeChangedEvent.Broadcast -  0.000 s
[2023.05.12-02.49.12:353][  0]LogAIModule: Creating AISystem for world Untitled
[2023.05.12-02.49.12:380][  0]LogInit: XAudio2 using 'ヘッドホン (Apple Audio Device)' : 2 channels at 48 kHz using 16 bits per sample (channel mask 0x3)
[2023.05.12-02.49.12:475][  0]LogInit: FAudioDevice initialized.
[2023.05.12-02.49.12:523][  0]LogDerivedDataCache: Saved boot cache 0.05s 93MB C:/Users/81806/AppData/Local/UnrealEngine/4.17/DerivedDataCache/Boot.ddc.
[2023.05.12-02.49.12:528][  0]LogInit: Texture streaming: Enabled
[2023.05.12-02.49.12:700][  0]LogEngineSessionManager: EngineSessionManager initialized
[2023.05.12-02.49.12:986][  0]LogInit: Transaction tracking system initialized
[2023.05.12-02.49.13:409][  0]BlueprintLog: New page: エディタの読み込み
[2023.05.12-02.49.14:608][  0]LocalizationService: ローカライズのサービスが無効になりました
[2023.05.12-02.49.15:286][  0]LogLinker: Warning: ファイル '/Game/ThirdPersonBP/ThirdPersonOverview' が見つかりません
[2023.05.12-02.49.15:286][  0]LogLinker: Warning: ファイル '/Game/ThirdPersonBP/ThirdPersonOverview' が見つかりません
[2023.05.12-02.49.15:286][  0]LogUObjectGlobals: Warning: オブジェクト 'Class /Game/ThirdPersonBP/ThirdPersonOverview.ThirdPersonOverview_C' が見つかりませんでした
[2023.05.12-02.49.15:513][  0]LogConsoleResponse: Display: 
[2023.05.12-02.49.15:698][  0]LogCook: Display: Max memory allowance for cook 16384mb min free memory 0mb
[2023.05.12-02.49.15:698][  0]LogCook: Display: Mobile HDR setting 1
[2023.05.12-02.49.15:698][  0]LogGameplayTags: Display: UGameplayTagsManager::DoneAddingNativeTags. DelegateIsBound: 0
[2023.05.12-02.49.16:324][  0]LogFileCache: Scanning file cache for directory 'C:/Users/81806/OneDrive/ドキュメント/4-4_GameTaisyou_2023/GameTaisyou_2023/Content/' took 0.02s
[2023.05.12-02.49.19:572][  0]SourceControl: ソースコントロールは無効です
[2023.05.12-02.49.19:572][  0]Cmd: MAP LOAD FILE="../../../../../../Users/81806/OneDrive/ドキュメント/4-4_GameTaisyou_2023/GameTaisyou_2023/Content/Map/LastBattleMap.umap" TEMPLATE=0 SHOWPROGRESS=1 FEATURELEVEL=3
[2023.05.12-02.49.19:573][  0]LightingResults: New page: ライティングのビルド
[2023.05.12-02.49.19:628][  0]MapCheck: New page: マップをチェック
[2023.05.12-02.49.19:628][  0]LightingResults: New page: <何も選択されていません>
[2023.05.12-02.49.19:996][  0]LogProperty: Error: UStructProperty::Serialize Loading: Property 'StructProperty /Game/UI/W_SpeCommand.W_SpeCommand_C:GetText_4.CallFunc_Array_Get_Item'. Unknown structure.
[2023.05.12-02.49.19:997][  0]LogProperty: Error: UStructProperty::Serialize Loading: Property 'StructProperty /Game/UI/W_SpeCommand.W_SpeCommand_C:GetText_3.CallFunc_Array_Get_Item'. Unknown structure.
[2023.05.12-02.49.19:997][  0]LogProperty: Error: UStructProperty::Serialize Loading: Property 'StructProperty /Game/UI/W_SpeCommand.W_SpeCommand_C:GetText_2.CallFunc_Array_Get_Item'. Unknown structure.
[2023.05.12-02.49.19:997][  0]LogProperty: Error: UStructProperty::Serialize Loading: Property 'StructProperty /Game/UI/W_SpeCommand.W_SpeCommand_C:GetText_1.CallFunc_Array_Get_Item'. Unknown structure.
[2023.05.12-02.49.19:998][  0]LogProperty: Error: UStructProperty::Serialize Loading: Property 'StructProperty /Game/UI/W_SpeCommand.W_SpeCommand_C:GetText_0.CallFunc_Array_Get_Item'. Unknown structure.
[2023.05.12-02.49.20:488][  0]LogAIModule: Creating AISystem for world LastBattleMap
[2023.05.12-02.49.20:494][  0]LogEditorServer: Finished looking for orphan Actors (0.000 secs)
[2023.05.12-02.49.20:516][  0]Cmd: MAP CHECKDEP NOCLEARLOG
[2023.05.12-02.49.20:578][  0]MapCheck: マップチェックが完了: 0 エラー、 0 警告、完了に 61.535ミリ秒かかりました。
[2023.05.12-02.49.20:578][  0]LogFileHelpers: Loading map 'LastBattleMap' took 1.006
[2023.05.12-02.49.20:731][  0]LogCollectionManager: Loaded 0 collections in 0.002874 seconds
[2023.05.12-02.49.20:824][  0]LogFileCache: Scanning file cache for directory 'C:/Users/81806/OneDrive/ドキュメント/4-4_GameTaisyou_2023/GameTaisyou_2023/Saved/Collections/' took 0.01s
[2023.05.12-02.49.20:824][  0]LogFileCache: Scanning file cache for directory 'C:/Users/81806/OneDrive/ドキュメント/4-4_GameTaisyou_2023/GameTaisyou_2023/Content/Developers/小浜大和/Collections/' took 0.01s
[2023.05.12-02.49.20:824][  0]LogFileCache: Scanning file cache for directory 'C:/Users/81806/OneDrive/ドキュメント/4-4_GameTaisyou_2023/GameTaisyou_2023/Content/Collections/' took 0.01s
[2023.05.12-02.49.20:824][  0]LogCollectionManager: Rebuilt the GUID cache for 0 collections in 0.000000 seconds
[2023.05.12-02.49.20:831][  0]LogContentBrowser: Native class hierarchy populated in 0.0067 seconds. Added 2386 classes and 500 folders.
[2023.05.12-02.49.20:921][  0]LogContentBrowser: Native class hierarchy updated for 'WidgetCarousel' in 0.0005 seconds. Added 0 classes and 0 folders.
[2023.05.12-02.49.21:163][  0]LogContentBrowser: Native class hierarchy updated for 'AddContentDialog' in 0.0006 seconds. Added 0 classes and 0 folders.
[2023.05.12-02.49.21:290][  0]LogContentBrowser: Native class hierarchy updated for 'SceneOutliner' in 0.0005 seconds. Added 1 classes and 2 folders.
[2023.05.12-02.49.21:351][  0]LogContentBrowser: Native class hierarchy updated for 'WorldBrowser' in 0.0005 seconds. Added 2 classes and 3 folders.
[2023.05.12-02.49.21:455][  0]LogSlate: Took 0.000239 seconds to synchronously load lazily loaded font '../../../Engine/Content/Slate/Fonts/Roboto-Regular.ttf' (155K)
[2023.05.12-02.49.21:465][  0]LogSlate: Took 0.008704 seconds to synchronously load lazily loaded font '../../../Engine/Content/Slate/Fonts/DroidSansFallback.ttf' (3848K)
[2023.05.12-02.49.21:472][  0]LogSlate: Took 0.005851 seconds to synchronously load lazily loaded font '../../../Engine/Content/Slate/Fonts/Roboto-Bold.ttf' (160K)
[2023.05.12-02.49.21:479][  0]LogSlate: Took 0.004333 seconds to synchronously load lazily loaded font '../../../Engine/Content/Editor/Slate/Fonts/FontAwesome.ttf' (139K)
[2023.05.12-02.49.21:610][  0]LogRenderer: Reallocating scene render targets to support 924x476 Format 10 NumSamples 1 (Frame:1).
[2023.05.12-02.49.21:899][  0]LogContentBrowser: Native class hierarchy updated for 'HierarchicalLODOutliner' in 0.0005 seconds. Added 1 classes and 2 folders.
[2023.05.12-02.49.21:900][  0]LogLoad: (Engine Initialization) Total time: 29.86 seconds
[2023.05.12-02.49.21:900][  0]LogLoad: (Engine Initialization) Total Blueprint compile time: 0.00 seconds
[2023.05.12-02.49.21:900][  0]LogExternalProfiler: No external profilers were discovered.  External profiling features will not be available.
[2023.05.12-02.49.21:931][  0]LogAssetRegistry: Asset discovery search completed in 17.4100 seconds
[2023.05.12-02.49.21:932][  0]LogCollectionManager: Rebuilt the object cache for 0 collections in 0.000000 seconds (found 0 objects)
[2023.05.12-02.49.21:932][  0]LogCollectionManager: Fixed up redirectors for 0 collections in 0.000048 seconds (updated 0 objects)
[2023.05.12-02.49.21:934][  0]LogContentStreaming: Texture pool size now 1000 MB
[2023.05.12-02.49.21:988][  0]LogSlate: Took 0.003774 seconds to synchronously load lazily loaded font '../../../Engine/Content/Slate/Fonts/Roboto-Light.ttf' (159K)
[2023.05.12-02.49.22:920][ 75]LogSlate: Took 0.000179 seconds to synchronously load lazily loaded font '../../../Engine/Content/Slate/Fonts/Roboto-Light.ttf' (159K)
[2023.05.12-02.49.27:878][409]LogSlate: Took 0.000507 seconds to synchronously load lazily loaded font '../../../Engine/Content/Slate/Fonts/Roboto-Light.ttf' (159K)
[2023.05.12-02.49.28:786][409]LogSlate: Took 0.000525 seconds to synchronously load lazily loaded font '../../../Engine/Content/Slate/Fonts/Roboto-Regular.ttf' (155K)
[2023.05.12-02.49.29:343][409]LogContentBrowser: Native class hierarchy updated for 'BlueprintGraph' in 0.0035 seconds. Added 113 classes and 0 folders.
[2023.05.12-02.49.29:990][409]LogSlate: Took 0.003687 seconds to synchronously load lazily loaded font '../../../Engine/Content/Editor/Slate/Fonts/Roboto-BoldCondensed.ttf' (158K)
[2023.05.12-02.49.30:496][410]LogSlate: Took 0.004459 seconds to synchronously load lazily loaded font '../../../Engine/Content/Editor/Slate/Fonts/Roboto-Italic.ttf' (157K)
