Log file open, 05/18/23 09:53:37
LogWindows: Failed to load 'aqProf.dll' (GetLastError=126)
LogWindows: File 'aqProf.dll' does not exist
LogWindows: Failed to load 'VSPerf140.dll' (GetLastError=126)
LogWindows: File 'VSPerf140.dll' does not exist
LogWindows: Failed to load 'VtuneApi.dll' (GetLastError=126)
LogWindows: File 'VtuneApi.dll' does not exist
LogWindows: Failed to load 'VtuneApi32e.dll' (GetLastError=126)
LogWindows: File 'VtuneApi32e.dll' does not exist
LogInit: Display: Running engine for game: GameTaisyou_2023
LogPlatformFile: Not using cached read wrapper
LogInit: Display: RandInit(1175687326) SRandInit(1175687326).
LogTaskGraph: Started task graph with 5 named threads and 26 total threads with 3 sets of task threads.
LogStats: Stats thread started at 0.412772
LogD3D11RHI: Aftermath initialized
LogPluginManager: Mounting plugin Paper2D
LogPluginManager: Mounting plugin LightPropagationVolume
LogPluginManager: Mounting plugin CodeLiteSourceCodeAccess
LogPluginManager: Mounting plugin GitSourceControl
LogPluginManager: Mounting plugin KDevelopSourceCodeAccess
LogPluginManager: Mounting plugin NullSourceCodeAccess
LogPluginManager: Mounting plugin PerforceSourceControl
LogPluginManager: Mounting plugin SubversionSourceControl
LogPluginManager: Mounting plugin UObjectPlugin
LogPluginManager: Mounting plugin VisualStudioSourceCodeAccess
LogPluginManager: Mounting plugin XCodeSourceCodeAccess
LogPluginManager: Mounting plugin AssetManagerEditor
LogPluginManager: Mounting plugin AudioCapture
LogPluginManager: Mounting plugin FacialAnimation
LogPluginManager: Mounting plugin GameplayTagsEditor
LogPluginManager: Mounting plugin MobileLauncherProfileWizard
LogPluginManager: Mounting plugin PluginBrowser
LogPluginManager: Mounting plugin SpeedTreeImporter
LogPluginManager: Mounting plugin AlembicImporter
LogPluginManager: Mounting plugin CharacterAI
LogPluginManager: Mounting plugin HTML5Networking
LogPluginManager: Mounting plugin AndroidMedia
LogPluginManager: Mounting plugin AvfMedia
LogPluginManager: Mounting plugin MediaPlayerEditor
LogPluginManager: Mounting plugin WmfMedia
LogPluginManager: Mounting plugin TcpMessaging
LogPluginManager: Mounting plugin UdpMessaging
LogPluginManager: Mounting plugin LevelSequenceEditor
LogPluginManager: Mounting plugin MatineeToLevelSequence
LogPluginManager: Mounting plugin OnlineSubsystemGooglePlay
LogPluginManager: Mounting plugin OnlineSubsystemIOS
LogPluginManager: Mounting plugin OnlineSubsystem
LogPluginManager: Mounting plugin OnlineSubsystemNull
LogPluginManager: Mounting plugin OnlineSubsystemUtils
LogPluginManager: Mounting plugin AndroidDeviceProfileSelector
LogPluginManager: Mounting plugin AndroidMoviePlayer
LogPluginManager: Mounting plugin AndroidPermission
LogPluginManager: Mounting plugin AppleMoviePlayer
LogPluginManager: Mounting plugin ArchVisCharacter
LogPluginManager: Mounting plugin CableComponent
LogPluginManager: Mounting plugin CustomMeshComponent
LogPluginManager: Mounting plugin ExampleDeviceProfileSelector
LogPluginManager: Mounting plugin GoogleCloudMessaging
LogPluginManager: Mounting plugin ImmediatePhysics
LogPluginManager: Mounting plugin IOSDeviceProfileSelector
LogPluginManager: Mounting plugin LinuxDeviceProfileSelector
LogPluginManager: Mounting plugin LocationServicesBPLibrary
LogPluginManager: Mounting plugin MobilePatchingUtils
LogPluginManager: Mounting plugin OculusVR
LogPluginManager: Mounting plugin PhysXVehicles
LogPluginManager: Mounting plugin ProceduralMeshComponent
LogPluginManager: Mounting plugin RuntimePhysXCooking
LogPluginManager: Mounting plugin SteamVR
LogPluginManager: Mounting plugin WindowsMoviePlayer
LogInit: Using libcurl 7.47.1
LogInit:  - built for x86_64-pc-win32
LogInit:  - supports SSL with OpenSSL/1.0.2g
LogInit:  - supports HTTP deflate (compression) using libz 1.2.8
LogInit:  - other features:
LogInit:      CURL_VERSION_SSL
LogInit:      CURL_VERSION_LIBZ
LogInit:      CURL_VERSION_IPV6
LogInit:      CURL_VERSION_ASYNCHDNS
LogInit:      CURL_VERSION_LARGEFILE
LogInit:      CURL_VERSION_IDN
LogInit:  CurlRequestOptions (configurable via config and command line):
LogInit:  - bVerifyPeer = false  - Libcurl will NOT verify peer certificate
LogInit:  - bUseHttpProxy = false  - Libcurl will NOT use HTTP proxy
LogInit:  - bDontReuseConnections = false  - Libcurl will reuse connections
LogInit:  - CertBundlePath = nullptr  - Libcurl will use whatever was configured at build time.
LogInit: Build: ++UE4+Release-4.17-CL-3658906
LogInit: Engine Version: 4.17.2-3658906+++UE4+Release-4.17
LogInit: Compatible Engine Version: 4.17.0-3573198+++UE4+Release-4.17
LogInit: Net CL: 3573198
LogDevObjectVersion: Number of dev versions registered: 16
LogDevObjectVersion:   Dev-Blueprints (B0D832E4-1F89-4F0D-ACCF-7EB736FD4AA2): 10
LogDevObjectVersion:   Dev-Build (E1C64328-A22C-4D53-A36C-8E866417BD8C): 0
LogDevObjectVersion:   Dev-Core (375EC13C-06E4-48FB-B500-84F0262A717E): 2
LogDevObjectVersion:   Dev-Editor (E4B068ED-F494-42E9-A231-DA0B2E46BB41): 20
LogDevObjectVersion:   Dev-Framework (CFFC743F-43B0-4480-9391-14DF171D2073): 28
LogDevObjectVersion:   Dev-Mobile (B02B49B5-BB20-44E9-A304-32B752E40360): 0
LogDevObjectVersion:   Dev-Networking (A4E4105C-59A1-49B5-A7C5-40C4547EDFEE): 0
LogDevObjectVersion:   Dev-Online (39C831C9-5AE6-47DC-9A44-9C173E1C8E7C): 0
LogDevObjectVersion:   Dev-Physics (78F01B33-EBEA-4F98-B9B4-84EACCB95AA2): 0
LogDevObjectVersion:   Dev-Platform (6631380F-2D4D-43E0-8009-CF276956A95A): 0
LogDevObjectVersion:   Dev-Rendering (12F88B9F-8875-4AFC-A67C-D90C383ABD29): 19
LogDevObjectVersion:   Dev-Sequencer (7B5AE74C-D270-4C10-A958-57980B212A5A): 4
LogDevObjectVersion:   Dev-VR (D7296918-1DD6-4BDD-9DE2-64A83CC13884): 0
LogDevObjectVersion:   Dev-LoadTimes (C2A15278-BFE7-4AFE-6C17-90FF531DF755): 1
LogDevObjectVersion:   Private-Geometry (6EACA3D4-40EC-4CC1-B786-8BED09428FC5): 1
LogDevObjectVersion:   Dev-AnimPhys (29E575DD-E0A3-4627-9D10-D276232CDCEA): 7
LogInit: Compiled (64-bit): Sep 22 2017 13:47:16
LogInit: Compiled with Visual C++: 19.00.24215.01
LogInit: Build Configuration: Development
LogInit: Branch Name: ++UE4+Release-4.17
LogInit: Command line:  
LogInit: Base directory: C:/Program Files/Epic Games/UE_4.17/Engine/Binaries/Win64/
LogInit: Installed Engine Build: 1
LogInit: Presizing for max 8388607 objects, including 0 objects not considered by GC, pre-allocating 0 bytes for permanent pool.
LogInit: Object subsystem initialized
[2023.05.18-00.53.37:729][  0]LogInit: Selected Device Profile: [Windows]
[2023.05.18-00.53.37:729][  0]LogInit: Applying CVar settings loaded from the selected device profile: [Windows]
[2023.05.18-00.53.37:737][  0]LogInit: Computer: KBC12006017
[2023.05.18-00.53.37:738][  0]LogInit: User: 小浜大和
[2023.05.18-00.53.37:738][  0]LogInit: CPU Page size=4096, Cores=8
[2023.05.18-00.53.37:738][  0]LogInit: High frequency timer resolution =10.000000 MHz
[2023.05.18-00.53.37:738][  0]LogMemory: Memory total: Physical=63.9GB (64GB approx)
[2023.05.18-00.53.37:738][  0]LogMemory: Platform Memory Stats for Windows
[2023.05.18-00.53.37:738][  0]LogMemory: Process Physical Memory: 281.70 MB used, 281.70 MB peak
[2023.05.18-00.53.37:738][  0]LogMemory: Process Virtual Memory: 281.35 MB used, 281.35 MB peak
[2023.05.18-00.53.37:738][  0]LogMemory: Physical Memory: 8792.89 MB used,  56635.27 MB free, 65428.15 MB total
[2023.05.18-00.53.37:738][  0]LogMemory: Virtual Memory: 4804.71 MB used,  56635.27 MB free, 134217728.00 MB total
[2023.05.18-00.53.37:972][  0]LogInit: Using OS detected language (ja-JP).
[2023.05.18-00.53.37:972][  0]LogInit: Using OS detected locale (ja-JP).
[2023.05.18-00.53.37:976][  0]LogTextLocalizationManager: No specific localization for 'ja-JP' exists, so the 'ja' localization will be used.
[2023.05.18-00.53.38:497][  0]LogD3D11RHI: D3D11 adapters:
[2023.05.18-00.53.38:549][  0]LogD3D11RHI:    0. 'AMD Radeon Pro 5500M' (Feature Level 11_0)
[2023.05.18-00.53.38:549][  0]LogD3D11RHI:       8151/0/32714 MB DedicatedVideo/DedicatedSystem/SharedSystem, Outputs:1, VendorId:0x1002
[2023.05.18-00.53.38:551][  0]LogD3D11RHI:    1. 'Microsoft Basic Render Driver' (Feature Level 11_0)
[2023.05.18-00.53.38:551][  0]LogD3D11RHI:       0/0/32714 MB DedicatedVideo/DedicatedSystem/SharedSystem, Outputs:0, VendorId:0x1414
[2023.05.18-00.53.38:551][  0]LogD3D11RHI: Chosen D3D11 Adapter: 0
[2023.05.18-00.53.38:557][  0]LogD3D11RHI: Creating new Direct3DDevice
[2023.05.18-00.53.38:557][  0]LogD3D11RHI:     GPU DeviceId: 0x7340 (for the marketing name, search the web for "GPU Device Id")
[2023.05.18-00.53.38:557][  0]LogWindows: EnumDisplayDevices:
[2023.05.18-00.53.38:557][  0]LogWindows:    0. 'AMD Radeon Pro 5500M' (P:1 D:1)
[2023.05.18-00.53.38:557][  0]LogWindows:    1. 'AMD Radeon Pro 5500M' (P:0 D:0)
[2023.05.18-00.53.38:558][  0]LogWindows:    2. 'AMD Radeon Pro 5500M' (P:0 D:0)
[2023.05.18-00.53.38:558][  0]LogWindows:    3. 'AMD Radeon Pro 5500M' (P:0 D:0)
[2023.05.18-00.53.38:558][  0]LogWindows:    4. 'AMD Radeon Pro 5500M' (P:0 D:0)
[2023.05.18-00.53.38:558][  0]LogWindows:    5. 'AMD Radeon Pro 5500M' (P:0 D:0)
[2023.05.18-00.53.38:558][  0]LogWindows:    6. 'AMD Radeon Pro 5500M' (P:0 D:0)
[2023.05.18-00.53.38:558][  0]LogWindows: DebugString: GetVideoDriverDetailsInvalid PrimaryIsNotTheChoosenAdapter GetVideoDriverDetailsInvalid PrimaryIsNotTheChoosenAdapter GetVideoDriverDetailsInvalid PrimaryIsNotTheChoosenAdapter GetVideoDriverDetailsInvalid PrimaryIsNotTheChoosenAdapter GetVideoDriverDetailsInvalid PrimaryIsNotTheChoosenAdapter GetVideoDriverDetailsInvalid PrimaryIsNotTheChoosenAdapter GetVideoDriverDetailsInvalid PrimaryIsNotTheChoosenAdapter FoundDriverCount:0 
[2023.05.18-00.53.38:558][  0]LogD3D11RHI:     Adapter Name: AMD Radeon Pro 5500M
[2023.05.18-00.53.38:558][  0]LogD3D11RHI:   Driver Version: Unknown (internal:Unknown, unified:Unknown)
[2023.05.18-00.53.38:558][  0]LogD3D11RHI:      Driver Date: Unknown
[2023.05.18-00.53.38:559][  0]LogRHI: Texture pool is 1361 MB (70% of 1945 MB)
[2023.05.18-00.53.38:619][  0]LogD3D11RHI: Async texture creation enabled
[2023.05.18-00.53.38:642][  0]LogD3D11RHI: GPU Timing Frequency: 100.000000 (Debug: 2 1)
[2023.05.18-00.53.38:644][  0]LogShaderCompilers: Guid format shader working directory is -37 characters bigger than the processId version (../../../../../../Users/81806/OneDrive/ドキュメント/4-4_GameTaisyou_2023/GameTaisyou_2023/Intermediate/Shaders/WorkingDirectory/4596/).
[2023.05.18-00.53.38:644][  0]LogShaderCompilers: Cleaned the shader compiler working directory 'C:/Users/81806/AppData/Local/Temp/UnrealShaderWorkingDir/58D1476140D1C4E90B59789821046DB8/'.
[2023.05.18-00.53.38:644][  0]LogShaderCompilers: Display: Using Local Shader Compiler.
[2023.05.18-00.53.39:642][  0]LogTemp: Display: Loaded TP AllDesktopTargetPlatform
[2023.05.18-00.53.39:708][  0]LogTemp: Display: Loaded TP MacClientTargetPlatform
[2023.05.18-00.53.39:779][  0]LogTemp: Display: Loaded TP MacNoEditorTargetPlatform
[2023.05.18-00.53.39:850][  0]LogTemp: Display: Loaded TP MacServerTargetPlatform
[2023.05.18-00.53.39:937][  0]LogTemp: Display: Loaded TP MacTargetPlatform
[2023.05.18-00.53.39:999][  0]LogTemp: Display: Loaded TP WindowsClientTargetPlatform
[2023.05.18-00.53.40:061][  0]LogTemp: Display: Loaded TP WindowsNoEditorTargetPlatform
[2023.05.18-00.53.40:135][  0]LogTemp: Display: Loaded TP WindowsServerTargetPlatform
[2023.05.18-00.53.40:203][  0]LogTemp: Display: Loaded TP WindowsTargetPlatform
[2023.05.18-00.53.40:267][  0]LogTemp: Display: Loaded TP AndroidTargetPlatform
[2023.05.18-00.53.40:326][  0]LogTemp: Display: Loaded TP Android_ASTCTargetPlatform
[2023.05.18-00.53.40:386][  0]LogTemp: Display: Loaded TP Android_ATCTargetPlatform
[2023.05.18-00.53.40:447][  0]LogTemp: Display: Loaded TP Android_DXTTargetPlatform
[2023.05.18-00.53.40:511][  0]LogTemp: Display: Loaded TP Android_ETC1TargetPlatform
[2023.05.18-00.53.40:574][  0]LogTemp: Display: Loaded TP Android_ETC2TargetPlatform
[2023.05.18-00.53.40:701][  0]LogTemp: Display: Loaded TP Android_MultiTargetPlatform
[2023.05.18-00.53.40:702][  0]LogTemp: Display: Loaded TP Android_PVRTCTargetPlatform
[2023.05.18-00.53.40:759][  0]LogTemp: Display: Loaded TP HTML5TargetPlatform
[2023.05.18-00.53.40:873][  0]LogTemp: Display: Loaded TP IOSTargetPlatform
[2023.05.18-00.53.40:913][  0]LogTemp: Display: Loaded TP TVOSTargetPlatform
[2023.05.18-00.53.40:978][  0]LogTemp: Display: Loaded TP LinuxClientTargetPlatform
[2023.05.18-00.53.41:041][  0]LogTemp: Display: Loaded TP LinuxNoEditorTargetPlatform
[2023.05.18-00.53.41:101][  0]LogTemp: Display: Loaded TP LinuxServerTargetPlatform
[2023.05.18-00.53.41:165][  0]LogTemp: Display: Loaded TP LinuxTargetPlatform
[2023.05.18-00.53.41:165][  0]LogTargetPlatformManager: Display: Building Assets For Windows
[2023.05.18-00.53.41:850][  0]LogDerivedDataCache: Display: Max Cache Size: 512 MB
[2023.05.18-00.53.41:909][  0]LogDerivedDataCache: Loaded boot cache 0.06s 93MB C:/Users/81806/AppData/Local/UnrealEngine/4.17/DerivedDataCache/Boot.ddc.
[2023.05.18-00.53.41:909][  0]LogDerivedDataCache: Display: Loaded Boot cache: C:/Users/81806/AppData/Local/UnrealEngine/4.17/DerivedDataCache/Boot.ddc
[2023.05.18-00.53.41:909][  0]LogDerivedDataCache: FDerivedDataBackendGraph:  Pak pak cache file ../../../../../../Users/81806/OneDrive/ドキュメント/4-4_GameTaisyou_2023/GameTaisyou_2023/DerivedDataCache/DDC.ddp not found, will not use a pak cache.
[2023.05.18-00.53.41:910][  0]LogDerivedDataCache: Unable to find inner node Pak for hierarchical cache Hierarchy.
[2023.05.18-00.53.41:910][  0]LogDerivedDataCache: FDerivedDataBackendGraph:  CompressedPak pak cache file ../../../../../../Users/81806/OneDrive/ドキュメント/4-4_GameTaisyou_2023/GameTaisyou_2023/DerivedDataCache/Compressed.ddp not found, will not use a pak cache.
[2023.05.18-00.53.41:910][  0]LogDerivedDataCache: Unable to find inner node CompressedPak for hierarchical cache Hierarchy.
[2023.05.18-00.53.41:922][  0]LogDerivedDataCache: Display: Pak cache opened for reading ../../../Engine/DerivedDataCache/Compressed.ddp.
[2023.05.18-00.53.41:934][  0]LogDerivedDataCache: Using Local data cache path C:/Users/81806/AppData/Local/UnrealEngine/Common/DerivedDataCache: Writable
[2023.05.18-00.53.41:942][  0]LogMaterial: Verifying Global Shaders for PCD3D_SM5
[2023.05.18-00.53.41:942][  0]LogSlate: Using Freetype 2.6.0
[2023.05.18-00.53.41:943][  0]LogSlate: SlateFontCache - WITH_FREETYPE: 1, WITH_HARFBUZZ: 1
[2023.05.18-00.53.41:943][  0]LogSlate: SlateFontCache - WITH_FREETYPE: 1, WITH_HARFBUZZ: 1
[2023.05.18-00.53.42:181][  0]LogAssetRegistry: FAssetRegistry took 0.0254 seconds to start up
[2023.05.18-00.53.42:332][  0]LogInit: Selected Device Profile: [Windows]
[2023.05.18-00.53.42:891][  0]LogSimplygon: Simplygon DLL not present - disabling.
[2023.05.18-00.53.42:942][  0]LogMeshReduction: Using SimplygonSwarm for distributed automatic mesh merging
[2023.05.18-00.53.42:942][  0]LogMeshReduction: Using QuadricMeshReduction for automatic static mesh reduction
[2023.05.18-00.53.42:942][  0]LogMeshReduction: No automatic skeletal mesh reduction module available
[2023.05.18-00.53.42:942][  0]LogMeshReduction: No automatic mesh merging module available
[2023.05.18-00.53.42:942][  0]LogMeshMerging: No automatic mesh merging module available
[2023.05.18-00.53.42:943][  0]LogContentStreaming: Texture pool size is 0.00 MB
[2023.05.18-00.53.43:345][  0]LogNetVersion: GameTaisyou_2023 , NetCL: 3573198, EngineNetVer: 2, GameNetVer: 0 (Checksum: 2042799889)
[2023.05.18-00.53.43:566][  0]LogPackageLocalizationCache: Processed 5 localized package path(s) for 2 prioritized culture(s) in 0.035510 seconds
[2023.05.18-00.53.43:570][  0]LogUObjectArray: 35825 objects as part of root set at end of initial load.
[2023.05.18-00.53.43:570][  0]LogUObjectAllocator: 7529112 out of 0 bytes used by permanent object pool.
[2023.05.18-00.53.43:570][  0]LogUObjectArray: CloseDisregardForGC: 0/0 objects in disregard for GC pool
[2023.05.18-00.53.43:665][  0]LogInit: WinSock: version 1.1 (2.2), MaxSocks=32767, MaxUdp=65467
[2023.05.18-00.53.46:885][  0]LogTcpMessaging: Initializing TcpMessaging bridge
[2023.05.18-00.53.46:935][  0]LogUdpMessaging: Initializing bridge on interface 0.0.0.0:0 to multicast group 230.0.0.1:6666.
[2023.05.18-00.53.47:694][  0]LogMaterial: Uniform references updated for custom material expression Custom.
[2023.05.18-00.53.48:171][  0]SourceControl: ソースコントロールは無効です
[2023.05.18-00.53.48:171][  0]SourceControl: ソースコントロールは無効です
[2023.05.18-00.53.48:232][  0]SourceControl: ソースコントロールは無効です
[2023.05.18-00.53.48:292][  0]SourceControl: ソースコントロールは無効です
[2023.05.18-00.53.49:078][  0]LogAndroidPermission: UAndroidPermissionCallbackProxy::GetInstance
[2023.05.18-00.53.49:380][  0]LogOcInput: OculusInput pre-init called
[2023.05.18-00.53.49:681][  0]LogEngine: Initializing Engine...
[2023.05.18-00.53.49:683][  0]LogHMD: Failed to initialize OpenVR with code 110
[2023.05.18-00.53.49:859][  0]LogStats: UGameplayTagsManager::ConstructGameplayTagTree: Construct from data asset -  0.000 s
[2023.05.18-00.53.49:859][  0]LogStats: UGameplayTagsManager::ConstructGameplayTagTree: GameplayTagTreeChangedEvent.Broadcast -  0.000 s
[2023.05.18-00.53.50:028][  0]LogAIModule: Creating AISystem for world Untitled
[2023.05.18-00.53.50:057][  0]LogInit: XAudio2 using 'ヘッドホン (Apple Audio Device)' : 2 channels at 48 kHz using 16 bits per sample (channel mask 0x3)
[2023.05.18-00.53.50:149][  0]LogInit: FAudioDevice initialized.
[2023.05.18-00.53.50:198][  0]LogDerivedDataCache: Saved boot cache 0.05s 93MB C:/Users/81806/AppData/Local/UnrealEngine/4.17/DerivedDataCache/Boot.ddc.
[2023.05.18-00.53.50:202][  0]LogInit: Texture streaming: Enabled
[2023.05.18-00.53.50:371][  0]LogEngineSessionManager: EngineSessionManager initialized
[2023.05.18-00.53.50:657][  0]LogInit: Transaction tracking system initialized
[2023.05.18-00.53.51:082][  0]BlueprintLog: New page: エディタの読み込み
[2023.05.18-00.53.54:910][  0]LocalizationService: ローカライズのサービスが無効になりました
[2023.05.18-00.53.55:595][  0]LogLinker: Warning: ファイル '/Game/ThirdPersonBP/ThirdPersonOverview' が見つかりません
[2023.05.18-00.53.55:595][  0]LogLinker: Warning: ファイル '/Game/ThirdPersonBP/ThirdPersonOverview' が見つかりません
[2023.05.18-00.53.55:595][  0]LogUObjectGlobals: Warning: オブジェクト 'Class /Game/ThirdPersonBP/ThirdPersonOverview.ThirdPersonOverview_C' が見つかりませんでした
[2023.05.18-00.53.55:824][  0]LogConsoleResponse: Display: 
[2023.05.18-00.53.56:001][  0]LogCook: Display: Max memory allowance for cook 16384mb min free memory 0mb
[2023.05.18-00.53.56:001][  0]LogCook: Display: Mobile HDR setting 1
[2023.05.18-00.53.56:001][  0]LogGameplayTags: Display: UGameplayTagsManager::DoneAddingNativeTags. DelegateIsBound: 0
[2023.05.18-00.53.56:300][  0]LogFileCache: Scanning file cache for directory 'C:/Users/81806/OneDrive/ドキュメント/4-4_GameTaisyou_2023/GameTaisyou_2023/Content/' took 0.01s
[2023.05.18-00.53.57:348][  0]SourceControl: ソースコントロールは無効です
[2023.05.18-00.53.57:349][  0]Cmd: MAP LOAD FILE="../../../../../../Users/81806/OneDrive/ドキュメント/4-4_GameTaisyou_2023/GameTaisyou_2023/Content/Map/LastBattleMap.umap" TEMPLATE=0 SHOWPROGRESS=1 FEATURELEVEL=3
[2023.05.18-00.53.57:349][  0]LightingResults: New page: ライティングのビルド
[2023.05.18-00.53.57:400][  0]MapCheck: New page: マップをチェック
[2023.05.18-00.53.57:400][  0]LightingResults: New page: <何も選択されていません>
[2023.05.18-00.53.57:955][  0]LogBlueprint: Warning: [BP_Battle] 'PlayerMP_None_Text' variable not found. Base class was probably changed.
[2023.05.18-00.53.58:098][  0]LogProperty: Error: UStructProperty::Serialize Loading: Property 'StructProperty /Game/UI/W_SpeCommand.W_SpeCommand_C:GetText_4.CallFunc_Array_Get_Item'. Unknown structure.
[2023.05.18-00.53.58:099][  0]LogProperty: Error: UStructProperty::Serialize Loading: Property 'StructProperty /Game/UI/W_SpeCommand.W_SpeCommand_C:GetText_3.CallFunc_Array_Get_Item'. Unknown structure.
[2023.05.18-00.53.58:099][  0]LogProperty: Error: UStructProperty::Serialize Loading: Property 'StructProperty /Game/UI/W_SpeCommand.W_SpeCommand_C:GetText_2.CallFunc_Array_Get_Item'. Unknown structure.
[2023.05.18-00.53.58:100][  0]LogProperty: Error: UStructProperty::Serialize Loading: Property 'StructProperty /Game/UI/W_SpeCommand.W_SpeCommand_C:GetText_1.CallFunc_Array_Get_Item'. Unknown structure.
[2023.05.18-00.53.58:100][  0]LogProperty: Error: UStructProperty::Serialize Loading: Property 'StructProperty /Game/UI/W_SpeCommand.W_SpeCommand_C:GetText_0.CallFunc_Array_Get_Item'. Unknown structure.
[2023.05.18-00.53.58:821][  0]LogAIModule: Creating AISystem for world LastBattleMap
[2023.05.18-00.53.58:826][  0]LogEditorServer: Finished looking for orphan Actors (0.000 secs)
[2023.05.18-00.53.58:854][  0]Cmd: MAP CHECKDEP NOCLEARLOG
[2023.05.18-00.53.58:908][  0]MapCheck: マップチェックが完了: 0 エラー、 0 警告、完了に 54.286ミリ秒かかりました。
[2023.05.18-00.53.58:908][  0]LogFileHelpers: Loading map 'LastBattleMap' took 1.560
[2023.05.18-00.53.59:097][  0]LogCollectionManager: Loaded 0 collections in 0.002532 seconds
[2023.05.18-00.53.59:187][  0]LogFileCache: Scanning file cache for directory 'C:/Users/81806/OneDrive/ドキュメント/4-4_GameTaisyou_2023/GameTaisyou_2023/Saved/Collections/' took 0.01s
[2023.05.18-00.53.59:187][  0]LogFileCache: Scanning file cache for directory 'C:/Users/81806/OneDrive/ドキュメント/4-4_GameTaisyou_2023/GameTaisyou_2023/Content/Developers/小浜大和/Collections/' took 0.01s
[2023.05.18-00.53.59:187][  0]LogFileCache: Scanning file cache for directory 'C:/Users/81806/OneDrive/ドキュメント/4-4_GameTaisyou_2023/GameTaisyou_2023/Content/Collections/' took 0.01s
[2023.05.18-00.53.59:187][  0]LogCollectionManager: Rebuilt the GUID cache for 0 collections in 0.000000 seconds
[2023.05.18-00.53.59:195][  0]LogContentBrowser: Native class hierarchy populated in 0.0070 seconds. Added 2386 classes and 500 folders.
[2023.05.18-00.53.59:280][  0]LogContentBrowser: Native class hierarchy updated for 'WidgetCarousel' in 0.0005 seconds. Added 0 classes and 0 folders.
[2023.05.18-00.53.59:317][  0]LogContentBrowser: Native class hierarchy updated for 'AddContentDialog' in 0.0005 seconds. Added 0 classes and 0 folders.
[2023.05.18-00.53.59:373][  0]LogContentBrowser: Native class hierarchy updated for 'SceneOutliner' in 0.0006 seconds. Added 1 classes and 2 folders.
[2023.05.18-00.53.59:431][  0]LogContentBrowser: Native class hierarchy updated for 'WorldBrowser' in 0.0005 seconds. Added 2 classes and 3 folders.
[2023.05.18-00.53.59:535][  0]LogSlate: Took 0.000366 seconds to synchronously load lazily loaded font '../../../Engine/Content/Slate/Fonts/Roboto-Regular.ttf' (155K)
[2023.05.18-00.53.59:539][  0]LogSlate: Took 0.002263 seconds to synchronously load lazily loaded font '../../../Engine/Content/Slate/Fonts/DroidSansFallback.ttf' (3848K)
[2023.05.18-00.53.59:540][  0]LogSlate: Took 0.000291 seconds to synchronously load lazily loaded font '../../../Engine/Content/Slate/Fonts/Roboto-Bold.ttf' (160K)
[2023.05.18-00.53.59:543][  0]LogSlate: Took 0.000154 seconds to synchronously load lazily loaded font '../../../Engine/Content/Editor/Slate/Fonts/FontAwesome.ttf' (139K)
[2023.05.18-00.53.59:654][  0]LogRenderer: Reallocating scene render targets to support 924x476 Format 10 NumSamples 1 (Frame:1).
[2023.05.18-00.53.59:952][  0]LogContentBrowser: Native class hierarchy updated for 'HierarchicalLODOutliner' in 0.0005 seconds. Added 1 classes and 2 folders.
[2023.05.18-00.53.59:952][  0]LogLoad: (Engine Initialization) Total time: 24.35 seconds
[2023.05.18-00.53.59:952][  0]LogLoad: (Engine Initialization) Total Blueprint compile time: 0.00 seconds
[2023.05.18-00.53.59:953][  0]LogExternalProfiler: No external profilers were discovered.  External profiling features will not be available.
[2023.05.18-00.54.00:008][  0]LogAssetRegistry: Asset discovery search completed in 17.8487 seconds
[2023.05.18-00.54.00:009][  0]LogCollectionManager: Rebuilt the object cache for 0 collections in 0.000000 seconds (found 0 objects)
[2023.05.18-00.54.00:009][  0]LogCollectionManager: Fixed up redirectors for 0 collections in 0.000033 seconds (updated 0 objects)
[2023.05.18-00.54.00:011][  0]LogContentStreaming: Texture pool size now 1000 MB
[2023.05.18-00.54.00:057][  0]LogSlate: Took 0.000142 seconds to synchronously load lazily loaded font '../../../Engine/Content/Slate/Fonts/Roboto-Light.ttf' (159K)
[2023.05.18-00.54.00:066][  1]LogFileCache: Retrieving MD5 hashes for directory 'C:/Users/81806/OneDrive/ドキュメント/4-4_GameTaisyou_2023/GameTaisyou_2023/Content/' took 0.07s
[2023.05.18-00.54.00:979][ 46]LogSlate: Took 0.000230 seconds to synchronously load lazily loaded font '../../../Engine/Content/Slate/Fonts/Roboto-Light.ttf' (159K)
[2023.05.18-00.54.34:637][ 85]LogSlate: Took 0.000474 seconds to synchronously load lazily loaded font '../../../Engine/Content/Slate/Fonts/Roboto-Light.ttf' (159K)
[2023.05.18-00.54.34:888][ 85]LogAIModule: Creating AISystem for world TitleMap
[2023.05.18-00.54.34:984][ 85]Cmd: MAP LOAD FILE="../../../../../../Users/81806/OneDrive/ドキュメント/4-4_GameTaisyou_2023/GameTaisyou_2023/Content/Map/TitleMap.umap" TEMPLATE=0 SHOWPROGRESS=1 FEATURELEVEL=3
[2023.05.18-00.54.34:984][ 85]LightingResults: New page: ライティングのビルド
[2023.05.18-00.54.34:988][ 85]LoadErrors: New page: マップをロード中: TitleMap.umap
[2023.05.18-00.54.34:991][ 85]MapCheck: New page: マップをチェック
[2023.05.18-00.54.34:991][ 85]LightingResults: New page: <何も選択されていません>
[2023.05.18-00.54.35:353][ 85]LogEditorServer: Finished looking for orphan Actors (0.000 secs)
[2023.05.18-00.54.35:515][ 85]Cmd: MAP CHECKDEP NOCLEARLOG
[2023.05.18-00.54.35:712][ 85]MapCheck: マップチェックが完了: 0 エラー、 0 警告、完了に 197.264ミリ秒かかりました。
[2023.05.18-00.54.35:715][ 85]LogFileHelpers: Loading map 'TitleMap' took 0.733
[2023.05.18-00.54.35:724][ 85]LogSlate: Took 0.000435 seconds to synchronously load lazily loaded font '../../../Engine/Content/Slate/Fonts/Roboto-Regular.ttf' (155K)
[2023.05.18-00.55.12:374][688]LogEditorViewport: Clicking on Actor (LMB): BP_Sky_Sphere_C (Sky Sphere)
[2023.05.18-00.55.12:498][692]LogEditorViewport: Clicking on Component (LMB): StaticMeshComponent (Sky Sphere mesh)
[2023.05.18-00.55.14:531][792]Cmd: QUIT_EDITOR
[2023.05.18-00.55.14:564][792]LogWindowsTextInputMethodSystem: Display: IME system now activated using TSF (Microsoft IME).
[2023.05.18-00.55.14:576][792]LogExit: Preparing to exit.
[2023.05.18-00.55.15:102][792]LogDirectoryWatcher: A directory notification for 'C:/Users/81806/OneDrive/ドキュメント/4-4_GameTaisyou_2023/GameTaisyou_2023/Content/' was aborted.
[2023.05.18-00.55.15:117][792]LogExit: Editor shut down
[2023.05.18-00.55.15:119][792]LogExit: Transaction tracking system shut down
[2023.05.18-00.55.15:265][792]LogDirectoryWatcher: A directory notification for '../../../Engine/Content/' was aborted.
[2023.05.18-00.55.15:265][792]LogDirectoryWatcher: A directory notification for '../../../../../../Users/81806/OneDrive/ドキュメント/4-4_GameTaisyou_2023/GameTaisyou_2023/Content/' was aborted.
[2023.05.18-00.55.15:265][792]LogDirectoryWatcher: A directory notification for '../../../Engine/Plugins/2D/Paper2D/Content/' was aborted.
[2023.05.18-00.55.15:265][792]LogDirectoryWatcher: A directory notification for '../../../Engine/Plugins/Runtime/Oculus/OculusVR/Content/' was aborted.
[2023.05.18-00.55.15:265][792]LogDirectoryWatcher: A directory notification for '../../../Engine/Plugins/Runtime/Steam/SteamVR/Content/' was aborted.
[2023.05.18-00.55.15:331][792]LogExit: Object subsystem successfully closed.
[2023.05.18-00.55.15:355][792]LogD3D11RHI: Shutdown
[2023.05.18-00.55.15:355][792]LogD3D11RHI: CleanupD3DDevice
[2023.05.18-00.55.15:486][792]LogD3D11RHI: ~FD3D11DynamicRHI
[2023.05.18-00.55.15:502][792]LogModuleManager: Shutting down and abandoning module HierarchicalLODOutliner (532)
[2023.05.18-00.55.15:502][792]LogModuleManager: Shutting down and abandoning module WorldBrowser (530)
[2023.05.18-00.55.15:502][792]LogModuleManager: Shutting down and abandoning module SceneOutliner (528)
[2023.05.18-00.55.15:502][792]LogModuleManager: Shutting down and abandoning module AddContentDialog (526)
[2023.05.18-00.55.15:502][792]LogDirectoryWatcher: A directory notification for 'C:/Program Files/Epic Games/UE_4.17/FeaturePacks/' was aborted.
[2023.05.18-00.55.15:502][792]LogModuleManager: Shutting down and abandoning module WidgetCarousel (525)
[2023.05.18-00.55.15:502][792]LogModuleManager: Shutting down and abandoning module EditorWidgets (522)
[2023.05.18-00.55.15:503][792]LogModuleManager: Shutting down and abandoning module CollectionManager (520)
[2023.05.18-00.55.15:503][792]LogDirectoryWatcher: A directory notification for 'C:/Users/81806/OneDrive/ドキュメント/4-4_GameTaisyou_2023/GameTaisyou_2023/Content/Collections/' was aborted.
[2023.05.18-00.55.15:503][792]LogDirectoryWatcher: A directory notification for 'C:/Users/81806/OneDrive/ドキュメント/4-4_GameTaisyou_2023/GameTaisyou_2023/Content/Developers/小浜大和/Collections/' was aborted.
[2023.05.18-00.55.15:503][792]LogDirectoryWatcher: A directory notification for 'C:/Users/81806/OneDrive/ドキュメント/4-4_GameTaisyou_2023/GameTaisyou_2023/Saved/Collections/' was aborted.
[2023.05.18-00.55.15:503][792]LogModuleManager: Shutting down and abandoning module StatsViewer (518)
[2023.05.18-00.55.15:503][792]LogModuleManager: Shutting down and abandoning module FoliageEdit (516)
[2023.05.18-00.55.15:503][792]LogModuleManager: Shutting down and abandoning module LandscapeEditor (514)
[2023.05.18-00.55.15:503][792]LogModuleManager: Shutting down and abandoning module MeshPaintMode (512)
[2023.05.18-00.55.15:503][792]LogModuleManager: Shutting down and abandoning module SceneDepthPickerMode (510)
[2023.05.18-00.55.15:503][792]LogModuleManager: Shutting down and abandoning module ActorPickerMode (508)
[2023.05.18-00.55.15:503][792]LogModuleManager: Shutting down and abandoning module GeometryMode (506)
[2023.05.18-00.55.15:503][792]LogModuleManager: Shutting down and abandoning module TextureAlignMode (504)
[2023.05.18-00.55.15:503][792]LogModuleManager: Shutting down and abandoning module BspMode (502)
[2023.05.18-00.55.15:503][792]LogModuleManager: Shutting down and abandoning module PIEPreviewDeviceProfileSelector (500)
[2023.05.18-00.55.15:503][792]LogModuleManager: Shutting down and abandoning module HardwareSurvey (498)
[2023.05.18-00.55.15:503][792]LogModuleManager: Shutting down and abandoning module SequenceRecorderSections (496)
[2023.05.18-00.55.15:503][792]LogModuleManager: Shutting down and abandoning module AutomationWorker (494)
[2023.05.18-00.55.15:503][792]LogModuleManager: Shutting down and abandoning module MatineeToLevelSequence (492)
[2023.05.18-00.55.15:503][792]LogModuleManager: Shutting down and abandoning module LevelSequenceEditor (490)
[2023.05.18-00.55.15:503][792]LogModuleManager: Shutting down and abandoning module PlacementMode (489)
[2023.05.18-00.55.15:503][792]LogModuleManager: Shutting down and abandoning module WmfMediaFactory (486)
[2023.05.18-00.55.15:503][792]LogModuleManager: Shutting down and abandoning module WmfMediaEditor (484)
[2023.05.18-00.55.15:503][792]LogModuleManager: Shutting down and abandoning module AvfMediaFactory (482)
[2023.05.18-00.55.15:503][792]LogModuleManager: Shutting down and abandoning module AvfMediaEditor (480)
[2023.05.18-00.55.15:503][792]LogModuleManager: Shutting down and abandoning module AndroidMediaFactory (478)
[2023.05.18-00.55.15:503][792]LogModuleManager: Shutting down and abandoning module Media (477)
[2023.05.18-00.55.15:503][792]LogModuleManager: Shutting down and abandoning module AndroidMediaEditor (474)
[2023.05.18-00.55.15:503][792]LogModuleManager: Shutting down and abandoning module CharacterAI (472)
[2023.05.18-00.55.15:503][792]LogModuleManager: Shutting down and abandoning module AudioCapture (470)
[2023.05.18-00.55.15:503][792]LogModuleManager: Shutting down and abandoning module SequenceRecorder (469)
[2023.05.18-00.55.15:503][792]LogModuleManager: Shutting down and abandoning module SmartSnapping (466)
[2023.05.18-00.55.15:503][792]LogModuleManager: Shutting down and abandoning module SessionServices (464)
[2023.05.18-00.55.15:503][792]LogModuleManager: Shutting down and abandoning module ViewportSnapping (462)
[2023.05.18-00.55.15:503][792]LogModuleManager: Shutting down and abandoning module ViewportInteraction (460)
[2023.05.18-00.55.15:503][792]LogModuleManager: Shutting down and abandoning module ClothPainter (458)
[2023.05.18-00.55.15:503][792]LogModuleManager: Shutting down and abandoning module LogVisualizer (456)
[2023.05.18-00.55.15:503][792]LogModuleManager: Shutting down and abandoning module IntroTutorials (454)
[2023.05.18-00.55.15:503][792]LogModuleManager: Shutting down and abandoning module GameProjectGeneration (453)
[2023.05.18-00.55.15:503][792]LogModuleManager: Shutting down and abandoning module IOSPlatformEditor (450)
[2023.05.18-00.55.15:504][792]LogModuleManager: Shutting down and abandoning module HTML5PlatformEditor (448)
[2023.05.18-00.55.15:504][792]LogModuleManager: Shutting down and abandoning module AndroidPlatformEditor (446)
[2023.05.18-00.55.15:504][792]LogModuleManager: Shutting down and abandoning module AndroidDeviceDetection (445)
[2023.05.18-00.55.16:459][792]LogModuleManager: Shutting down and abandoning module WindowsPlatformEditor (442)
[2023.05.18-00.55.16:459][792]LogModuleManager: Shutting down and abandoning module IOSRuntimeSettings (440)
[2023.05.18-00.55.16:459][792]LogModuleManager: Shutting down and abandoning module AndroidRuntimeSettings (438)
[2023.05.18-00.55.16:459][792]LogModuleManager: Shutting down and abandoning module InputBindingEditor (436)
[2023.05.18-00.55.16:459][792]LogModuleManager: Shutting down and abandoning module MergeActors (434)
[2023.05.18-00.55.16:459][792]LogModuleManager: Shutting down and abandoning module SizeMap (432)
[2023.05.18-00.55.16:459][792]LogModuleManager: Shutting down and abandoning module TreeMap (430)
[2023.05.18-00.55.16:459][792]LogModuleManager: Shutting down and abandoning module ReferenceViewer (428)
[2023.05.18-00.55.16:459][792]LogModuleManager: Shutting down and abandoning module LocalizationDashboard (426)
[2023.05.18-00.55.16:460][792]LogModuleManager: Shutting down and abandoning module LocalizationService (425)
[2023.05.18-00.55.16:460][792]LogModuleManager: Shutting down and abandoning module HardwareTargeting (422)
[2023.05.18-00.55.16:460][792]LogModuleManager: Shutting down and abandoning module DeviceProfileEditor (420)
[2023.05.18-00.55.16:460][792]LogModuleManager: Shutting down and abandoning module UndoHistory (418)
[2023.05.18-00.55.16:460][792]LogModuleManager: Shutting down and abandoning module XmlParser (416)
[2023.05.18-00.55.16:460][792]LogModuleManager: Shutting down and abandoning module Blutility (414)
[2023.05.18-00.55.16:460][792]LogModuleManager: Shutting down and abandoning module ProjectSettingsViewer (412)
[2023.05.18-00.55.16:460][792]LogModuleManager: Shutting down and abandoning module ProjectTargetPlatformEditor (411)
[2023.05.18-00.55.16:460][792]LogModuleManager: Shutting down and abandoning module EditorSettingsViewer (408)
[2023.05.18-00.55.16:460][792]LogModuleManager: Shutting down and abandoning module SettingsEditor (406)
[2023.05.18-00.55.16:460][792]LogModuleManager: Shutting down and abandoning module ProjectLauncher (404)
[2023.05.18-00.55.16:460][792]LogModuleManager: Shutting down and abandoning module SessionFrontend (402)
[2023.05.18-00.55.16:460][792]LogModuleManager: Shutting down and abandoning module ProfilerClient (400)
[2023.05.18-00.55.16:460][792]LogModuleManager: Shutting down and abandoning module DeviceManager (398)
[2023.05.18-00.55.16:460][792]LogModuleManager: Shutting down and abandoning module TargetDeviceServices (397)
[2023.05.18-00.55.16:515][792]LogModuleManager: Shutting down and abandoning module AutomationController (394)
[2023.05.18-00.55.16:515][792]LogModuleManager: Shutting down and abandoning module AutomationWindow (392)
[2023.05.18-00.55.16:515][792]LogModuleManager: Shutting down and abandoning module Layers (390)
[2023.05.18-00.55.16:515][792]LogModuleManager: Shutting down and abandoning module ComponentVisualizers (388)
[2023.05.18-00.55.16:515][792]LogModuleManager: Shutting down and abandoning module DetailCustomizations (386)
[2023.05.18-00.55.16:515][792]LogModuleManager: Shutting down and abandoning module PackagesDialog (384)
[2023.05.18-00.55.16:515][792]LogModuleManager: Shutting down and abandoning module Persona (382)
[2023.05.18-00.55.16:515][792]LogModuleManager: Shutting down and abandoning module AdvancedPreviewScene (381)
[2023.05.18-00.55.16:515][792]LogModuleManager: Shutting down and abandoning module AnimGraph (379)
[2023.05.18-00.55.16:515][792]LogModuleManager: Shutting down and abandoning module Kismet (376)
[2023.05.18-00.55.16:517][792]LogModuleManager: Shutting down and abandoning module ClassViewer (374)
[2023.05.18-00.55.16:517][792]LogModuleManager: Shutting down and abandoning module Toolbox (372)
[2023.05.18-00.55.16:517][792]LogModuleManager: Shutting down and abandoning module ModuleUI (370)
[2023.05.18-00.55.16:517][792]LogModuleManager: Shutting down and abandoning module MovieSceneTools (368)
[2023.05.18-00.55.16:517][792]LogModuleManager: Shutting down and abandoning module OutputLog (366)
[2023.05.18-00.55.16:517][792]LogModuleManager: Shutting down and abandoning module GammaUI (364)
[2023.05.18-00.55.16:517][792]LogModuleManager: Shutting down and abandoning module Documentation (362)
[2023.05.18-00.55.16:517][792]LogModuleManager: Shutting down and abandoning module MovieSceneTracks (360)
[2023.05.18-00.55.16:517][792]LogModuleManager: Shutting down and abandoning module MovieScene (358)
[2023.05.18-00.55.16:517][792]LogModuleManager: Shutting down and abandoning module Niagara (356)
[2023.05.18-00.55.16:517][792]LogModuleManager: Shutting down and abandoning module NiagaraEditor (355)
[2023.05.18-00.55.16:517][792]LogModuleManager: Shutting down and abandoning module StreamingPauseRendering (352)
[2023.05.18-00.55.16:517][792]LogModuleManager: Shutting down and abandoning module LauncherPlatform (350)
[2023.05.18-00.55.16:517][792]LogModuleManager: Shutting down and abandoning module AnalyticsET (348)
[2023.05.18-00.55.16:517][792]LogModuleManager: Shutting down and abandoning module PortalServices (346)
[2023.05.18-00.55.16:517][792]LogModuleManager: Shutting down and abandoning module PortalRpc (344)
[2023.05.18-00.55.16:517][792]LogModuleManager: Shutting down and abandoning module MessagingRpc (342)
[2023.05.18-00.55.16:517][792]LogModuleManager: Shutting down and abandoning module AIModule (340)
[2023.05.18-00.55.16:517][792]LogModuleManager: Shutting down and abandoning module GameplayDebugger (339)
[2023.05.18-00.55.16:517][792]LogModuleManager: Shutting down and abandoning module AITestSuite (337)
[2023.05.18-00.55.16:517][792]LogModuleManager: Shutting down and abandoning module ProfilerService (334)
[2023.05.18-00.55.16:546][792]LogModuleManager: Shutting down and abandoning module TaskGraph (332)
[2023.05.18-00.55.16:546][792]LogModuleManager: Shutting down and abandoning module SteamVRController (330)
[2023.05.18-00.55.16:546][792]LogModuleManager: Shutting down and abandoning module ProceduralMeshComponentEditor (328)
[2023.05.18-00.55.16:546][792]LogModuleManager: Shutting down and abandoning module ProceduralMeshComponent (326)
[2023.05.18-00.55.16:546][792]LogModuleManager: Shutting down and abandoning module OculusInput (324)
[2023.05.18-00.55.16:546][792]LogModuleManager: Shutting down and abandoning module MobilePatchingUtils (322)
[2023.05.18-00.55.16:546][792]LogModuleManager: Shutting down and abandoning module CustomMeshComponent (320)
[2023.05.18-00.55.16:546][792]LogModuleManager: Shutting down and abandoning module CableComponent (318)
[2023.05.18-00.55.16:546][792]LogModuleManager: Shutting down and abandoning module ArchVisCharacter (316)
[2023.05.18-00.55.16:546][792]LogModuleManager: Shutting down and abandoning module AndroidPermission (314)
[2023.05.18-00.55.16:546][792]LogModuleManager: Shutting down and abandoning module MediaPlayerEditor (310)
[2023.05.18-00.55.16:546][792]LogModuleManager: Shutting down and abandoning module HTML5Networking (308)
[2023.05.18-00.55.16:546][792]LogModuleManager: Shutting down and abandoning module AlembicImporter (306)
[2023.05.18-00.55.16:546][792]LogModuleManager: Shutting down and abandoning module AlembicLibrary (305)
[2023.05.18-00.55.16:546][792]LogModuleManager: Shutting down and abandoning module GeometryCache (304)
[2023.05.18-00.55.16:546][792]LogModuleManager: Shutting down and abandoning module GeometryCacheEd (303)
[2023.05.18-00.55.16:546][792]LogModuleManager: Shutting down and abandoning module SpeedTreeImporter (298)
[2023.05.18-00.55.16:546][792]LogModuleManager: Shutting down and abandoning module PluginBrowser (296)
[2023.05.18-00.55.16:546][792]LogModuleManager: Shutting down and abandoning module MobileLauncherProfileWizard (294)
[2023.05.18-00.55.16:546][792]LogModuleManager: Shutting down and abandoning module VisualStudioSourceCodeAccess (292)
[2023.05.18-00.55.16:547][792]LogModuleManager: Shutting down and abandoning module DesktopPlatform (291)
[2023.05.18-00.55.16:547][792]LogModuleManager: Shutting down and abandoning module UObjectPlugin (288)
[2023.05.18-00.55.16:547][792]LogModuleManager: Shutting down and abandoning module SubversionSourceControl (286)
[2023.05.18-00.55.16:547][792]LogModuleManager: Shutting down and abandoning module PerforceSourceControl (284)
[2023.05.18-00.55.16:547][792]LogModuleManager: Shutting down and abandoning module GitSourceControl (282)
[2023.05.18-00.55.16:547][792]LogModuleManager: Shutting down and abandoning module SourceControl (281)
[2023.05.18-00.55.16:547][792]LogModuleManager: Shutting down and abandoning module LightPropagationVolumeEditor (278)
[2023.05.18-00.55.16:547][792]LogModuleManager: Shutting down and abandoning module PaperTiledImporter (276)
[2023.05.18-00.55.16:547][792]LogModuleManager: Shutting down and abandoning module PaperSpriteSheetImporter (274)
[2023.05.18-00.55.16:547][792]LogModuleManager: Shutting down and abandoning module Paper2DEditor (272)
[2023.05.18-00.55.16:547][792]LogModuleManager: Shutting down and abandoning module MeshPaint (271)
[2023.05.18-00.55.16:547][792]LogModuleManager: Shutting down and abandoning module LevelEditor (269)
[2023.05.18-00.55.16:547][792]LogModuleManager: Shutting down and abandoning module PixelInspectorModule (268)
[2023.05.18-00.55.16:547][792]LogModuleManager: Shutting down and abandoning module MainFrame (266)
[2023.05.18-00.55.16:547][792]LogModuleManager: Shutting down and abandoning module HotReload (265)
[2023.05.18-00.55.16:548][792]LogModuleManager: Shutting down and abandoning module RuntimePhysXCooking (260)
[2023.05.18-00.55.16:548][792]LogModuleManager: Shutting down and abandoning module PhysXVehiclesEditor (258)
[2023.05.18-00.55.16:548][792]LogModuleManager: Shutting down and abandoning module PhysXVehicles (256)
[2023.05.18-00.55.16:548][792]LogModuleManager: Shutting down and abandoning module OculusEditor (254)
[2023.05.18-00.55.16:548][792]LogModuleManager: Shutting down and abandoning module LocationServicesBPLibrary (252)
[2023.05.18-00.55.16:548][792]LogModuleManager: Shutting down and abandoning module ImmediatePhysicsEditor (250)
[2023.05.18-00.55.16:548][792]LogModuleManager: Shutting down and abandoning module ImmediatePhysics (248)
[2023.05.18-00.55.16:548][792]LogModuleManager: Shutting down and abandoning module UdpMessaging (246)
[2023.05.18-00.55.16:648][792]LogModuleManager: Shutting down and abandoning module TcpMessaging (244)
[2023.05.18-00.55.16:749][792]LogModuleManager: Shutting down and abandoning module GameplayTagsEditor (242)
[2023.05.18-00.55.16:749][792]LogModuleManager: Shutting down and abandoning module FacialAnimationEditor (240)
[2023.05.18-00.55.16:749][792]LogModuleManager: Shutting down and abandoning module FacialAnimation (238)
[2023.05.18-00.55.16:749][792]LogModuleManager: Shutting down and abandoning module AssetManagerEditor (236)
[2023.05.18-00.55.16:749][792]LogModuleManager: Shutting down and abandoning module GraphEditor (235)
[2023.05.18-00.55.16:749][792]LogModuleManager: Shutting down and abandoning module ContentBrowser (233)
[2023.05.18-00.55.16:749][792]LogModuleManager: Shutting down and abandoning module LightPropagationVolumeRuntime (230)
[2023.05.18-00.55.16:749][792]LogModuleManager: Shutting down and abandoning module Paper2D (228)
[2023.05.18-00.55.16:749][792]LogModuleManager: Shutting down and abandoning module WindowsMoviePlayer (226)
[2023.05.18-00.55.16:749][792]LogModuleManager: Shutting down and abandoning module WmfMedia (224)
[2023.05.18-00.55.16:751][792]LogModuleManager: Shutting down and abandoning module PacketHandler (222)
[2023.05.18-00.55.16:751][792]LogModuleManager: Shutting down and abandoning module ClothingSystemEditor (220)
[2023.05.18-00.55.16:751][792]LogModuleManager: Shutting down and abandoning module ClothingSystemRuntime (218)
[2023.05.18-00.55.16:751][792]LogModuleManager: Shutting down and abandoning module Overlay (216)
[2023.05.18-00.55.16:751][792]LogModuleManager: Shutting down and abandoning module OverlayEditor (215)
[2023.05.18-00.55.16:751][792]LogModuleManager: Shutting down and abandoning module MediaAssets (212)
[2023.05.18-00.55.16:751][792]LogModuleManager: Shutting down and abandoning module VREditor (210)
[2023.05.18-00.55.16:751][792]LogModuleManager: Shutting down and abandoning module StringTableEditor (208)
[2023.05.18-00.55.16:751][792]LogModuleManager: Shutting down and abandoning module GameplayTasksEditor (206)
[2023.05.18-00.55.16:751][792]LogModuleManager: Shutting down and abandoning module BehaviorTreeEditor (204)
[2023.05.18-00.55.16:751][792]LogModuleManager: Shutting down and abandoning module FunctionalTesting (202)
[2023.05.18-00.55.16:751][792]LogModuleManager: Shutting down and abandoning module CollisionAnalyzer (200)
[2023.05.18-00.55.16:751][792]LogModuleManager: Shutting down and abandoning module WorkspaceMenuStructure (199)
[2023.05.18-00.55.16:751][792]LogModuleManager: Shutting down and abandoning module UMG (196)
[2023.05.18-00.55.16:751][792]LogModuleManager: Shutting down and abandoning module UMGEditor (195)
[2023.05.18-00.55.16:751][792]LogModuleManager: Shutting down and abandoning module Sequencer (194)
[2023.05.18-00.55.16:751][792]LogModuleManager: Shutting down and abandoning module MessageLog (191)
[2023.05.18-00.55.16:751][792]LogModuleManager: Shutting down and abandoning module SlateReflector (186)
[2023.05.18-00.55.16:751][792]LogModuleManager: Shutting down and abandoning module Slate (184)
[2023.05.18-00.55.16:751][792]LogModuleManager: Shutting down and abandoning module EditorStyle (182)
[2023.05.18-00.55.16:753][792]LogModuleManager: Shutting down and abandoning module MRMesh (180)
[2023.05.18-00.55.16:753][792]LogModuleManager: Shutting down and abandoning module SourceCodeAccess (178)
[2023.05.18-00.55.16:753][792]LogModuleManager: Shutting down and abandoning module HeadMountedDisplay (176)
[2023.05.18-00.55.16:753][792]LogModuleManager: Shutting down and abandoning module XAudio2 (174)
[2023.05.18-00.55.16:753][792]LogModuleManager: Shutting down and abandoning module Networking (172)
[2023.05.18-00.55.16:753][792]LogModuleManager: Shutting down and abandoning module Core (168)
[2023.05.18-00.55.16:753][792]LogModuleManager: Shutting down and abandoning module KismetCompiler (164)
[2023.05.18-00.55.16:753][792]LogModuleManager: Shutting down and abandoning module LevelSequence (162)
[2023.05.18-00.55.16:753][792]LogModuleManager: Shutting down and abandoning module MeshUtilities (160)
[2023.05.18-00.55.16:753][792]LogModuleManager: Shutting down and abandoning module MeshMergeUtilities (159)
[2023.05.18-00.55.16:753][792]LogModuleManager: Shutting down and abandoning module MeshReductionInterface (158)
[2023.05.18-00.55.16:753][792]LogModuleManager: Shutting down and abandoning module SimplygonSwarm (157)
[2023.05.18-00.55.16:753][792]LogModuleManager: Shutting down and abandoning module SimplygonMeshReduction (155)
[2023.05.18-00.55.16:753][792]LogModuleManager: Shutting down and abandoning module QuadricMeshReduction (153)
[2023.05.18-00.55.16:753][792]LogModuleManager: Shutting down and abandoning module MaterialBaking (149)
[2023.05.18-00.55.16:753][792]LogModuleManager: Shutting down and abandoning module DirectoryWatcher (146)
[2023.05.18-00.55.16:754][792]LogModuleManager: Shutting down and abandoning module DerivedDataCache (144)
[2023.05.18-00.55.17:024][792]LogDerivedDataCache: Shutdown
[2023.05.18-00.55.17:024][792]LogModuleManager: Shutting down and abandoning module TargetPlatform (142)
[2023.05.18-00.55.17:024][792]LogModuleManager: Shutting down and abandoning module VulkanShaderFormat (141)
[2023.05.18-00.55.17:025][792]LogModuleManager: Shutting down and abandoning module ShaderFormatVectorVM (139)
[2023.05.18-00.55.17:025][792]LogModuleManager: Shutting down and abandoning module ShaderFormatOpenGL (137)
[2023.05.18-00.55.17:025][792]LogModuleManager: Shutting down and abandoning module ShaderFormatD3D (135)
[2023.05.18-00.55.17:025][792]LogModuleManager: Shutting down and abandoning module MetalShaderFormat (133)
[2023.05.18-00.55.17:025][792]LogModuleManager: Shutting down and abandoning module TextureFormatUncompressed (131)
[2023.05.18-00.55.17:025][792]LogModuleManager: Shutting down and abandoning module TextureFormatPVR (129)
[2023.05.18-00.55.17:025][792]LogModuleManager: Shutting down and abandoning module TextureFormatDXT (127)
[2023.05.18-00.55.17:025][792]LogModuleManager: Shutting down and abandoning module TextureFormatIntelISPCTexComp (125)
[2023.05.18-00.55.17:025][792]LogModuleManager: Shutting down and abandoning module TextureFormatASTC (123)
[2023.05.18-00.55.17:025][792]LogModuleManager: Shutting down and abandoning module ImageWrapper (122)
[2023.05.18-00.55.17:025][792]LogModuleManager: Shutting down and abandoning module TextureFormatAndroid (119)
[2023.05.18-00.55.17:025][792]LogModuleManager: Shutting down and abandoning module AudioFormatOpus (117)
[2023.05.18-00.55.17:025][792]LogModuleManager: Shutting down and abandoning module AudioFormatOgg (115)
[2023.05.18-00.55.17:025][792]LogModuleManager: Shutting down and abandoning module AudioFormatADPCM (113)
[2023.05.18-00.55.17:025][792]LogModuleManager: Shutting down and abandoning module LinuxTargetPlatform (111)
[2023.05.18-00.55.17:025][792]LogModuleManager: Shutting down and abandoning module LinuxServerTargetPlatform (109)
[2023.05.18-00.55.17:025][792]LogModuleManager: Shutting down and abandoning module LinuxNoEditorTargetPlatform (107)
[2023.05.18-00.55.17:025][792]LogModuleManager: Shutting down and abandoning module LinuxClientTargetPlatform (105)
[2023.05.18-00.55.17:025][792]LogModuleManager: Shutting down and abandoning module TVOSTargetPlatform (103)
[2023.05.18-00.55.17:025][792]LogModuleManager: Shutting down and abandoning module Messaging (101)
[2023.05.18-00.55.17:025][792]LogModuleManager: Shutting down and abandoning module IOSTargetPlatform (99)
[2023.05.18-00.55.17:025][792]LogModuleManager: Shutting down and abandoning module HTML5TargetPlatform (97)
[2023.05.18-00.55.17:025][792]LogModuleManager: Shutting down and abandoning module Android_PVRTCTargetPlatform (95)
[2023.05.18-00.55.17:025][792]LogModuleManager: Shutting down and abandoning module Android_MultiTargetPlatform (93)
[2023.05.18-00.55.17:025][792]LogModuleManager: Shutting down and abandoning module Android_ETC2TargetPlatform (91)
[2023.05.18-00.55.17:025][792]LogModuleManager: Shutting down and abandoning module Android_ETC1TargetPlatform (89)
[2023.05.18-00.55.17:025][792]LogModuleManager: Shutting down and abandoning module Android_DXTTargetPlatform (87)
[2023.05.18-00.55.17:025][792]LogModuleManager: Shutting down and abandoning module Android_ATCTargetPlatform (85)
[2023.05.18-00.55.17:025][792]LogModuleManager: Shutting down and abandoning module Android_ASTCTargetPlatform (83)
[2023.05.18-00.55.17:025][792]LogModuleManager: Shutting down and abandoning module AndroidTargetPlatform (81)
[2023.05.18-00.55.17:025][792]LogModuleManager: Shutting down and abandoning module WindowsTargetPlatform (79)
[2023.05.18-00.55.17:026][792]LogModuleManager: Shutting down and abandoning module WindowsServerTargetPlatform (77)
[2023.05.18-00.55.17:026][792]LogModuleManager: Shutting down and abandoning module WindowsNoEditorTargetPlatform (75)
[2023.05.18-00.55.17:026][792]LogModuleManager: Shutting down and abandoning module WindowsClientTargetPlatform (73)
[2023.05.18-00.55.17:026][792]LogModuleManager: Shutting down and abandoning module MacTargetPlatform (71)
[2023.05.18-00.55.17:026][792]LogModuleManager: Shutting down and abandoning module MacServerTargetPlatform (69)
[2023.05.18-00.55.17:026][792]LogModuleManager: Shutting down and abandoning module MacNoEditorTargetPlatform (67)
[2023.05.18-00.55.17:026][792]LogModuleManager: Shutting down and abandoning module MacClientTargetPlatform (65)
[2023.05.18-00.55.17:026][792]LogModuleManager: Shutting down and abandoning module AllDesktopTargetPlatform (63)
[2023.05.18-00.55.17:026][792]LogModuleManager: Shutting down and abandoning module InputCore (60)
[2023.05.18-00.55.17:026][792]LogModuleManager: Shutting down and abandoning module Settings (58)
[2023.05.18-00.55.17:026][792]LogModuleManager: Shutting down and abandoning module PhysXCooking (56)
[2023.05.18-00.55.17:026][792]LogModuleManager: Shutting down and abandoning module SteamVR (54)
[2023.05.18-00.55.17:026][792]LogModuleManager: Shutting down and abandoning module OculusHMD (52)
[2023.05.18-00.55.17:026][792]LogModuleManager: Shutting down and abandoning module ExampleDeviceProfileSelector (50)
[2023.05.18-00.55.17:026][792]LogModuleManager: Shutting down and abandoning module OnlineBlueprintSupport (48)
[2023.05.18-00.55.17:026][792]LogModuleManager: Shutting down and abandoning module OnlineSubsystem (44)
[2023.05.18-00.55.17:026][792]LogOnline: Display: Unloading online subsystem: NULL
[2023.05.18-00.55.17:026][792]LogModuleManager: Shutting down and abandoning module XMPP (43)
[2023.05.18-00.55.17:026][792]LogModuleManager: Shutting down and abandoning module HTTP (41)
[2023.05.18-00.55.17:026][792]LogHttp: Display: Http module shutting down, but needs to wait on 1 outstanding Http requests:
[2023.05.18-00.55.17:026][792]LogHttp: Display: 	verb=[POST] url=[https://datarouter.ol.epicgames.com/datarouter/api/v1/public/data?SessionID=%7B911D1240-4B17-55D1-1E94-EA845B7DCBFC%7D&AppID=UEEditor.Rocket.Release&AppVersion=4.17.2-3658906%2B%2B%2BUE4%2BRelease-4.17&UserID=b6570c5e438d4fb6a2e65a812a875c71%7Cd72d33c051974a0fad240c181fec4aeb%7C893d782e-80dc-4de3-9a84-1c2b7ea5ccde&AppEnvironment=datacollector-binary&UploadType=eteventstream] status=Processing
[2023.05.18-00.55.17:037][792]LogModuleManager: Shutting down and abandoning module SSL (40)
[2023.05.18-00.55.17:039][792]LogModuleManager: Shutting down and abandoning module AnimationModifiers (36)
[2023.05.18-00.55.17:039][792]LogModuleManager: Shutting down and abandoning module PropertyEditor (35)
[2023.05.18-00.55.17:039][792]LogModuleManager: Shutting down and abandoning module AudioEditor (32)
[2023.05.18-00.55.17:039][792]LogModuleManager: Shutting down and abandoning module TextureCompressor (30)
[2023.05.18-00.55.17:039][792]LogModuleManager: Shutting down and abandoning module ShaderCore (28)
[2023.05.18-00.55.17:039][792]LogModuleManager: Shutting down and abandoning module Landscape (26)
[2023.05.18-00.55.17:039][792]LogModuleManager: Shutting down and abandoning module SlateRHIRenderer (24)
[2023.05.18-00.55.17:041][792]LogModuleManager: Shutting down and abandoning module OpenGLDrv (22)
[2023.05.18-00.55.17:041][792]LogModuleManager: Shutting down and abandoning module D3D11RHI (20)
[2023.05.18-00.55.17:041][792]LogModuleManager: Shutting down and abandoning module AnimGraphRuntime (18)
[2023.05.18-00.55.17:041][792]LogModuleManager: Shutting down and abandoning module Renderer (16)
[2023.05.18-00.55.17:041][792]LogModuleManager: Shutting down and abandoning module Engine (14)
[2023.05.18-00.55.17:041][792]LogModuleManager: Shutting down and abandoning module CoreUObject (12)
[2023.05.18-00.55.17:041][792]LogModuleManager: Shutting down and abandoning module NetworkFile (10)
[2023.05.18-00.55.17:041][792]LogModuleManager: Shutting down and abandoning module CookedIterativeFile (8)
[2023.05.18-00.55.17:041][792]LogModuleManager: Shutting down and abandoning module StreamingFile (6)
[2023.05.18-00.55.17:041][792]LogModuleManager: Shutting down and abandoning module SandboxFile (4)
[2023.05.18-00.55.17:041][792]LogModuleManager: Shutting down and abandoning module PakFile (2)
[2023.05.18-00.55.17:047][792]LogExit: Exiting.
[2023.05.18-00.55.17:059][792]Log file closed, 05/18/23 09:55:17
