Log file open, 05/17/23 09:21:16
LogWindows: Failed to load 'aqProf.dll' (GetLastError=126)
LogWindows: File 'aqProf.dll' does not exist
LogWindows: Failed to load 'VSPerf140.dll' (GetLastError=126)
LogWindows: File 'VSPerf140.dll' does not exist
LogWindows: Failed to load 'VtuneApi.dll' (GetLastError=126)
LogWindows: File 'VtuneApi.dll' does not exist
LogWindows: Failed to load 'VtuneApi32e.dll' (GetLastError=126)
LogWindows: File 'VtuneApi32e.dll' does not exist
LogInit: Display: Running engine for game: GameTaisyou_2023
LogPlatformFile: Not using cached read wrapper
LogInit: Display: RandInit(537610464) SRandInit(537610464).
LogTaskGraph: Started task graph with 5 named threads and 20 total threads with 3 sets of task threads.
LogStats: Stats thread started at 0.318145
LogD3D11RHI: Aftermath initialized
LogPluginManager: Mounting plugin Paper2D
LogPluginManager: Mounting plugin LightPropagationVolume
LogPluginManager: Mounting plugin CodeLiteSourceCodeAccess
LogPluginManager: Mounting plugin GitSourceControl
LogPluginManager: Mounting plugin KDevelopSourceCodeAccess
LogPluginManager: Mounting plugin NullSourceCodeAccess
LogPluginManager: Mounting plugin PerforceSourceControl
LogPluginManager: Mounting plugin SubversionSourceControl
LogPluginManager: Mounting plugin UObjectPlugin
LogPluginManager: Mounting plugin VisualStudioSourceCodeAccess
LogPluginManager: Mounting plugin XCodeSourceCodeAccess
LogPluginManager: Mounting plugin AssetManagerEditor
LogPluginManager: Mounting plugin AudioCapture
LogPluginManager: Mounting plugin FacialAnimation
LogPluginManager: Mounting plugin GameplayTagsEditor
LogPluginManager: Mounting plugin MobileLauncherProfileWizard
LogPluginManager: Mounting plugin PluginBrowser
LogPluginManager: Mounting plugin SpeedTreeImporter
LogPluginManager: Mounting plugin AlembicImporter
LogPluginManager: Mounting plugin CharacterAI
LogPluginManager: Mounting plugin HTML5Networking
LogPluginManager: Mounting plugin AndroidMedia
LogPluginManager: Mounting plugin AvfMedia
LogPluginManager: Mounting plugin MediaPlayerEditor
LogPluginManager: Mounting plugin WmfMedia
LogPluginManager: Mounting plugin TcpMessaging
LogPluginManager: Mounting plugin UdpMessaging
LogPluginManager: Mounting plugin LevelSequenceEditor
LogPluginManager: Mounting plugin MatineeToLevelSequence
LogPluginManager: Mounting plugin OnlineSubsystemGooglePlay
LogPluginManager: Mounting plugin OnlineSubsystemIOS
LogPluginManager: Mounting plugin OnlineSubsystem
LogPluginManager: Mounting plugin OnlineSubsystemNull
LogPluginManager: Mounting plugin OnlineSubsystemUtils
LogPluginManager: Mounting plugin AndroidDeviceProfileSelector
LogPluginManager: Mounting plugin AndroidMoviePlayer
LogPluginManager: Mounting plugin AndroidPermission
LogPluginManager: Mounting plugin AppleMoviePlayer
LogPluginManager: Mounting plugin ArchVisCharacter
LogPluginManager: Mounting plugin CableComponent
LogPluginManager: Mounting plugin CustomMeshComponent
LogPluginManager: Mounting plugin ExampleDeviceProfileSelector
LogPluginManager: Mounting plugin GoogleCloudMessaging
LogPluginManager: Mounting plugin ImmediatePhysics
LogPluginManager: Mounting plugin IOSDeviceProfileSelector
LogPluginManager: Mounting plugin LinuxDeviceProfileSelector
LogPluginManager: Mounting plugin LocationServicesBPLibrary
LogPluginManager: Mounting plugin MobilePatchingUtils
LogPluginManager: Mounting plugin OculusVR
LogPluginManager: Mounting plugin PhysXVehicles
LogPluginManager: Mounting plugin ProceduralMeshComponent
LogPluginManager: Mounting plugin RuntimePhysXCooking
LogPluginManager: Mounting plugin SteamVR
LogPluginManager: Mounting plugin WindowsMoviePlayer
LogInit: Using libcurl 7.47.1
LogInit:  - built for x86_64-pc-win32
LogInit:  - supports SSL with OpenSSL/1.0.2g
LogInit:  - supports HTTP deflate (compression) using libz 1.2.8
LogInit:  - other features:
LogInit:      CURL_VERSION_SSL
LogInit:      CURL_VERSION_LIBZ
LogInit:      CURL_VERSION_IPV6
LogInit:      CURL_VERSION_ASYNCHDNS
LogInit:      CURL_VERSION_LARGEFILE
LogInit:      CURL_VERSION_IDN
LogInit:  CurlRequestOptions (configurable via config and command line):
LogInit:  - bVerifyPeer = false  - Libcurl will NOT verify peer certificate
LogInit:  - bUseHttpProxy = false  - Libcurl will NOT use HTTP proxy
LogInit:  - bDontReuseConnections = false  - Libcurl will reuse connections
LogInit:  - CertBundlePath = nullptr  - Libcurl will use whatever was configured at build time.
LogInit: Build: ++UE4+Release-4.17-CL-3658906
LogInit: Engine Version: 4.17.2-3658906+++UE4+Release-4.17
LogInit: Compatible Engine Version: 4.17.0-3573198+++UE4+Release-4.17
LogInit: Net CL: 3573198
LogDevObjectVersion: Number of dev versions registered: 16
LogDevObjectVersion:   Dev-Blueprints (B0D832E4-1F89-4F0D-ACCF-7EB736FD4AA2): 10
LogDevObjectVersion:   Dev-Build (E1C64328-A22C-4D53-A36C-8E866417BD8C): 0
LogDevObjectVersion:   Dev-Core (375EC13C-06E4-48FB-B500-84F0262A717E): 2
LogDevObjectVersion:   Dev-Editor (E4B068ED-F494-42E9-A231-DA0B2E46BB41): 20
LogDevObjectVersion:   Dev-Framework (CFFC743F-43B0-4480-9391-14DF171D2073): 28
LogDevObjectVersion:   Dev-Mobile (B02B49B5-BB20-44E9-A304-32B752E40360): 0
LogDevObjectVersion:   Dev-Networking (A4E4105C-59A1-49B5-A7C5-40C4547EDFEE): 0
LogDevObjectVersion:   Dev-Online (39C831C9-5AE6-47DC-9A44-9C173E1C8E7C): 0
LogDevObjectVersion:   Dev-Physics (78F01B33-EBEA-4F98-B9B4-84EACCB95AA2): 0
LogDevObjectVersion:   Dev-Platform (6631380F-2D4D-43E0-8009-CF276956A95A): 0
LogDevObjectVersion:   Dev-Rendering (12F88B9F-8875-4AFC-A67C-D90C383ABD29): 19
LogDevObjectVersion:   Dev-Sequencer (7B5AE74C-D270-4C10-A958-57980B212A5A): 4
LogDevObjectVersion:   Dev-VR (D7296918-1DD6-4BDD-9DE2-64A83CC13884): 0
LogDevObjectVersion:   Dev-LoadTimes (C2A15278-BFE7-4AFE-6C17-90FF531DF755): 1
LogDevObjectVersion:   Private-Geometry (6EACA3D4-40EC-4CC1-B786-8BED09428FC5): 1
LogDevObjectVersion:   Dev-AnimPhys (29E575DD-E0A3-4627-9D10-D276232CDCEA): 7
LogInit: Compiled (64-bit): Sep 22 2017 13:47:16
LogInit: Compiled with Visual C++: 19.00.24215.01
LogInit: Build Configuration: Development
LogInit: Branch Name: ++UE4+Release-4.17
LogInit: Command line:  
LogInit: Base directory: C:/Program Files/Epic Games/UE_4.17/Engine/Binaries/Win64/
LogInit: Installed Engine Build: 1
LogInit: Presizing for max 8388607 objects, including 0 objects not considered by GC, pre-allocating 0 bytes for permanent pool.
LogInit: Object subsystem initialized
[2023.05.17-00.21.17:677][  0]LogInit: Selected Device Profile: [Windows]
[2023.05.17-00.21.17:677][  0]LogInit: Applying CVar settings loaded from the selected device profile: [Windows]
[2023.05.17-00.21.17:695][  0]LogInit: Computer: KBC12006137
[2023.05.17-00.21.17:695][  0]LogInit: User: kbc12006137
[2023.05.17-00.21.17:695][  0]LogInit: CPU Page size=4096, Cores=6
[2023.05.17-00.21.17:695][  0]LogInit: High frequency timer resolution =10.000000 MHz
[2023.05.17-00.21.17:695][  0]LogMemory: Memory total: Physical=15.8GB (16GB approx)
[2023.05.17-00.21.17:695][  0]LogMemory: Platform Memory Stats for Windows
[2023.05.17-00.21.17:695][  0]LogMemory: Process Physical Memory: 281.61 MB used, 281.61 MB peak
[2023.05.17-00.21.17:695][  0]LogMemory: Process Virtual Memory: 284.01 MB used, 284.01 MB peak
[2023.05.17-00.21.17:695][  0]LogMemory: Physical Memory: 6801.99 MB used,  9427.93 MB free, 16229.92 MB total
[2023.05.17-00.21.17:695][  0]LogMemory: Virtual Memory: 4802.90 MB used,  9427.93 MB free, 134217728.00 MB total
[2023.05.17-00.21.18:683][  0]LogInit: Using OS detected language (ja-JP).
[2023.05.17-00.21.18:683][  0]LogInit: Using OS detected locale (ja-JP).
[2023.05.17-00.21.18:788][  0]LogTextLocalizationManager: No specific localization for 'ja-JP' exists, so the 'ja' localization will be used.
[2023.05.17-00.21.20:080][  0]LogD3D11RHI: D3D11 adapters:
[2023.05.17-00.21.20:161][  0]LogD3D11RHI:    0. 'NVIDIA GeForce GTX 1650 with Max-Q Design' (Feature Level 11_0)
[2023.05.17-00.21.20:161][  0]LogD3D11RHI:       3962/0/8114 MB DedicatedVideo/DedicatedSystem/SharedSystem, Outputs:1, VendorId:0x10de
[2023.05.17-00.21.20:210][  0]LogD3D11RHI:    1. 'Intel(R) UHD Graphics 630' (Feature Level 11_0)
[2023.05.17-00.21.20:210][  0]LogD3D11RHI:       128/0/8114 MB DedicatedVideo/DedicatedSystem/SharedSystem, Outputs:0, VendorId:0x8086
[2023.05.17-00.21.20:213][  0]LogD3D11RHI:    2. 'Microsoft Basic Render Driver' (Feature Level 11_0)
[2023.05.17-00.21.20:213][  0]LogD3D11RHI:       0/0/8114 MB DedicatedVideo/DedicatedSystem/SharedSystem, Outputs:0, VendorId:0x1414
[2023.05.17-00.21.20:213][  0]LogD3D11RHI: Chosen D3D11 Adapter: 0
[2023.05.17-00.21.20:236][  0]LogD3D11RHI: Creating new Direct3DDevice
[2023.05.17-00.21.20:237][  0]LogD3D11RHI:     GPU DeviceId: 0x1f91 (for the marketing name, search the web for "GPU Device Id")
[2023.05.17-00.21.20:237][  0]LogWindows: EnumDisplayDevices:
[2023.05.17-00.21.20:237][  0]LogWindows:    0. 'Intel(R) UHD Graphics 630' (P:1 D:1)
[2023.05.17-00.21.20:237][  0]LogWindows:    1. 'Intel(R) UHD Graphics 630' (P:0 D:0)
[2023.05.17-00.21.20:238][  0]LogWindows:    2. 'Intel(R) UHD Graphics 630' (P:0 D:0)
[2023.05.17-00.21.20:238][  0]LogWindows: DebugString: GetVideoDriverDetailsInvalid PrimaryIsNotTheChoosenAdapter GetVideoDriverDetailsInvalid PrimaryIsNotTheChoosenAdapter GetVideoDriverDetailsInvalid PrimaryIsNotTheChoosenAdapter FoundDriverCount:0 
[2023.05.17-00.21.20:238][  0]LogD3D11RHI:     Adapter Name: NVIDIA GeForce GTX 1650 with Max-Q Design
[2023.05.17-00.21.20:238][  0]LogD3D11RHI:   Driver Version: Unknown (internal:Unknown, unified:Unknown)
[2023.05.17-00.21.20:238][  0]LogD3D11RHI:      Driver Date: Unknown
[2023.05.17-00.21.20:238][  0]LogRHI: Texture pool is 1361 MB (70% of 1945 MB)
[2023.05.17-00.21.20:291][  0]LogD3D11RHI: Async texture creation enabled
[2023.05.17-00.21.20:316][  0]LogD3D11RHI: GPU Timing Frequency: 1000.000000 (Debug: 2 1)
[2023.05.17-00.21.20:320][  0]LogShaderCompilers: Guid format shader working directory is 10 characters bigger than the processId version (D:/Game_Taisyo_2023_ver2/GameTaisyou_2023/Intermediate/Shaders/WorkingDirectory/19608/).
[2023.05.17-00.21.20:320][  0]LogShaderCompilers: Cleaned the shader compiler working directory 'C:/Users/kbc12006137/AppData/Local/Temp/UnrealShaderWorkingDir/1A393DBE4FCF1E37E5067DB6B1AE9AAD/'.
[2023.05.17-00.21.20:321][  0]LogShaderCompilers: Display: Using Local Shader Compiler.
[2023.05.17-00.21.21:334][  0]LogTemp: Display: Loaded TP AllDesktopTargetPlatform
[2023.05.17-00.21.21:402][  0]LogTemp: Display: Loaded TP MacClientTargetPlatform
[2023.05.17-00.21.21:474][  0]LogTemp: Display: Loaded TP MacNoEditorTargetPlatform
[2023.05.17-00.21.21:541][  0]LogTemp: Display: Loaded TP MacServerTargetPlatform
[2023.05.17-00.21.21:613][  0]LogTemp: Display: Loaded TP MacTargetPlatform
[2023.05.17-00.21.21:680][  0]LogTemp: Display: Loaded TP WindowsClientTargetPlatform
[2023.05.17-00.21.21:747][  0]LogTemp: Display: Loaded TP WindowsNoEditorTargetPlatform
[2023.05.17-00.21.21:818][  0]LogTemp: Display: Loaded TP WindowsServerTargetPlatform
[2023.05.17-00.21.21:882][  0]LogTemp: Display: Loaded TP WindowsTargetPlatform
[2023.05.17-00.21.21:952][  0]LogTemp: Display: Loaded TP AndroidTargetPlatform
[2023.05.17-00.21.22:016][  0]LogTemp: Display: Loaded TP Android_ASTCTargetPlatform
[2023.05.17-00.21.22:083][  0]LogTemp: Display: Loaded TP Android_ATCTargetPlatform
[2023.05.17-00.21.22:148][  0]LogTemp: Display: Loaded TP Android_DXTTargetPlatform
[2023.05.17-00.21.22:213][  0]LogTemp: Display: Loaded TP Android_ETC1TargetPlatform
[2023.05.17-00.21.22:279][  0]LogTemp: Display: Loaded TP Android_ETC2TargetPlatform
[2023.05.17-00.21.22:408][  0]LogTemp: Display: Loaded TP Android_MultiTargetPlatform
[2023.05.17-00.21.22:408][  0]LogTemp: Display: Loaded TP Android_PVRTCTargetPlatform
[2023.05.17-00.21.22:465][  0]LogTemp: Display: Loaded TP HTML5TargetPlatform
[2023.05.17-00.21.22:594][  0]LogTemp: Display: Loaded TP IOSTargetPlatform
[2023.05.17-00.21.22:641][  0]LogTemp: Display: Loaded TP TVOSTargetPlatform
[2023.05.17-00.21.22:706][  0]LogTemp: Display: Loaded TP LinuxClientTargetPlatform
[2023.05.17-00.21.22:772][  0]LogTemp: Display: Loaded TP LinuxNoEditorTargetPlatform
[2023.05.17-00.21.22:840][  0]LogTemp: Display: Loaded TP LinuxServerTargetPlatform
[2023.05.17-00.21.22:915][  0]LogTemp: Display: Loaded TP LinuxTargetPlatform
[2023.05.17-00.21.22:915][  0]LogTargetPlatformManager: Display: Building Assets For Windows
[2023.05.17-00.21.24:276][  0]LogDerivedDataCache: Display: Max Cache Size: 512 MB
[2023.05.17-00.21.24:556][  0]LogDerivedDataCache: Loaded boot cache 0.28s 93MB C:/Users/kbc12006137/AppData/Local/UnrealEngine/4.17/DerivedDataCache/Boot.ddc.
[2023.05.17-00.21.24:556][  0]LogDerivedDataCache: Display: Loaded Boot cache: C:/Users/kbc12006137/AppData/Local/UnrealEngine/4.17/DerivedDataCache/Boot.ddc
[2023.05.17-00.21.24:556][  0]LogDerivedDataCache: FDerivedDataBackendGraph:  Pak pak cache file D:/Game_Taisyo_2023_ver2/GameTaisyou_2023/DerivedDataCache/DDC.ddp not found, will not use a pak cache.
[2023.05.17-00.21.24:556][  0]LogDerivedDataCache: Unable to find inner node Pak for hierarchical cache Hierarchy.
[2023.05.17-00.21.24:556][  0]LogDerivedDataCache: FDerivedDataBackendGraph:  CompressedPak pak cache file D:/Game_Taisyo_2023_ver2/GameTaisyou_2023/DerivedDataCache/Compressed.ddp not found, will not use a pak cache.
[2023.05.17-00.21.24:556][  0]LogDerivedDataCache: Unable to find inner node CompressedPak for hierarchical cache Hierarchy.
[2023.05.17-00.21.24:573][  0]LogDerivedDataCache: Display: Pak cache opened for reading ../../../Engine/DerivedDataCache/Compressed.ddp.
[2023.05.17-00.21.24:585][  0]LogDerivedDataCache: Using Local data cache path C:/Users/kbc12006137/AppData/Local/UnrealEngine/Common/DerivedDataCache: Writable
[2023.05.17-00.21.24:596][  0]LogMaterial: Verifying Global Shaders for PCD3D_SM5
[2023.05.17-00.21.24:601][  0]LogSlate: Using Freetype 2.6.0
[2023.05.17-00.21.24:616][  0]LogSlate: SlateFontCache - WITH_FREETYPE: 1, WITH_HARFBUZZ: 1
[2023.05.17-00.21.24:616][  0]LogSlate: SlateFontCache - WITH_FREETYPE: 1, WITH_HARFBUZZ: 1
[2023.05.17-00.21.25:406][  0]LogAssetRegistry: FAssetRegistry took 0.0273 seconds to start up
[2023.05.17-00.21.25:538][  0]LogInit: Selected Device Profile: [Windows]
[2023.05.17-00.21.25:726][  0]LogContentStreaming: Texture pool size is 0.00 MB
[2023.05.17-00.21.26:155][  0]LogSimplygon: Simplygon DLL not present - disabling.
[2023.05.17-00.21.26:217][  0]LogMeshReduction: Using SimplygonSwarm for distributed automatic mesh merging
[2023.05.17-00.21.26:217][  0]LogMeshReduction: Using QuadricMeshReduction for automatic static mesh reduction
[2023.05.17-00.21.26:217][  0]LogMeshReduction: No automatic skeletal mesh reduction module available
[2023.05.17-00.21.26:217][  0]LogMeshReduction: No automatic mesh merging module available
[2023.05.17-00.21.26:217][  0]LogMeshMerging: No automatic mesh merging module available
[2023.05.17-00.21.26:826][  0]LogNetVersion: GameTaisyou_2023 , NetCL: 3573198, EngineNetVer: 2, GameNetVer: 0 (Checksum: 2042799889)
[2023.05.17-00.21.27:182][  0]LogPackageLocalizationCache: Processed 5 localized package path(s) for 2 prioritized culture(s) in 0.110139 seconds
[2023.05.17-00.21.27:186][  0]LogUObjectArray: 35825 objects as part of root set at end of initial load.
[2023.05.17-00.21.27:186][  0]LogUObjectAllocator: 7529104 out of 0 bytes used by permanent object pool.
[2023.05.17-00.21.27:186][  0]LogUObjectArray: CloseDisregardForGC: 0/0 objects in disregard for GC pool
[2023.05.17-00.21.27:291][  0]LogInit: WinSock: version 1.1 (2.2), MaxSocks=32767, MaxUdp=65467
[2023.05.17-00.21.30:957][  0]LogTcpMessaging: Initializing TcpMessaging bridge
[2023.05.17-00.21.31:013][  0]LogUdpMessaging: Initializing bridge on interface 0.0.0.0:0 to multicast group 230.0.0.1:6666.
[2023.05.17-00.21.31:965][  0]LogMaterial: Uniform references updated for custom material expression Custom.
[2023.05.17-00.21.32:507][  0]SourceControl: ソースコントロールは無効です
[2023.05.17-00.21.32:507][  0]SourceControl: ソースコントロールは無効です
[2023.05.17-00.21.32:581][  0]SourceControl: ソースコントロールは無効です
[2023.05.17-00.21.32:649][  0]SourceControl: ソースコントロールは無効です
[2023.05.17-00.21.33:513][  0]LogAndroidPermission: UAndroidPermissionCallbackProxy::GetInstance
[2023.05.17-00.21.33:857][  0]LogOcInput: OculusInput pre-init called
[2023.05.17-00.21.34:215][  0]LogEngine: Initializing Engine...
[2023.05.17-00.21.34:220][  0]LogHMD: Failed to initialize OpenVR with code 110
[2023.05.17-00.21.34:407][  0]LogStats: UGameplayTagsManager::ConstructGameplayTagTree: Construct from data asset -  0.000 s
[2023.05.17-00.21.34:407][  0]LogStats: UGameplayTagsManager::ConstructGameplayTagTree: GameplayTagTreeChangedEvent.Broadcast -  0.000 s
[2023.05.17-00.21.34:603][  0]LogAIModule: Creating AISystem for world Untitled
[2023.05.17-00.21.34:660][  0]LogInit: XAudio2 using 'スピーカー (Realtek(R) Audio)' : 2 channels at 48 kHz using 16 bits per sample (channel mask 0x3)
[2023.05.17-00.21.34:990][  0]LogInit: FAudioDevice initialized.
[2023.05.17-00.21.35:036][  0]LogDerivedDataCache: Saved boot cache 0.05s 93MB C:/Users/kbc12006137/AppData/Local/UnrealEngine/4.17/DerivedDataCache/Boot.ddc.
[2023.05.17-00.21.35:040][  0]LogInit: Texture streaming: Enabled
[2023.05.17-00.21.35:234][  0]LogEngineSessionManager: EngineSessionManager initialized
[2023.05.17-00.21.35:566][  0]LogInit: Transaction tracking system initialized
[2023.05.17-00.21.36:043][  0]BlueprintLog: New page: エディタの読み込み
[2023.05.17-00.21.37:430][  0]LocalizationService: ローカライズのサービスが無効になりました
[2023.05.17-00.21.38:542][  0]LogConsoleResponse: Display: 
[2023.05.17-00.21.38:806][  0]LogFileCache: Scanning file cache for directory 'D:/Game_Taisyo_2023_ver2/GameTaisyou_2023/Content/' took 0.02s
[2023.05.17-00.21.38:806][  0]LogCook: Display: Max memory allowance for cook 16384mb min free memory 0mb
[2023.05.17-00.21.38:806][  0]LogCook: Display: Mobile HDR setting 1
[2023.05.17-00.21.38:808][  0]LogGameplayTags: Display: UGameplayTagsManager::DoneAddingNativeTags. DelegateIsBound: 0
[2023.05.17-00.21.40:376][  0]SourceControl: ソースコントロールは無効です
[2023.05.17-00.21.40:377][  0]Cmd: MAP LOAD FILE="D:/Game_Taisyo_2023_ver2/GameTaisyou_2023/Content/Map/LastBattleMap.umap" TEMPLATE=0 SHOWPROGRESS=1 FEATURELEVEL=3
[2023.05.17-00.21.40:378][  0]LightingResults: New page: ライティングのビルド
[2023.05.17-00.21.40:444][  0]MapCheck: New page: マップをチェック
[2023.05.17-00.21.40:444][  0]LightingResults: New page: <何も選択されていません>
[2023.05.17-00.21.41:364][  0]LogBlueprint: Warning: [BP_Battle] 'PlayerMP_None_Text' variable not found. Base class was probably changed.
[2023.05.17-00.21.41:896][  0]LogProperty: Error: UStructProperty::Serialize Loading: Property 'StructProperty /Game/UI/W_SpeCommand.W_SpeCommand_C:GetText_4.CallFunc_Array_Get_Item'. Unknown structure.
[2023.05.17-00.21.41:896][  0]LogProperty: Error: UStructProperty::Serialize Loading: Property 'StructProperty /Game/UI/W_SpeCommand.W_SpeCommand_C:GetText_3.CallFunc_Array_Get_Item'. Unknown structure.
[2023.05.17-00.21.41:898][  0]LogProperty: Error: UStructProperty::Serialize Loading: Property 'StructProperty /Game/UI/W_SpeCommand.W_SpeCommand_C:GetText_2.CallFunc_Array_Get_Item'. Unknown structure.
[2023.05.17-00.21.41:898][  0]LogProperty: Error: UStructProperty::Serialize Loading: Property 'StructProperty /Game/UI/W_SpeCommand.W_SpeCommand_C:GetText_1.CallFunc_Array_Get_Item'. Unknown structure.
[2023.05.17-00.21.41:899][  0]LogProperty: Error: UStructProperty::Serialize Loading: Property 'StructProperty /Game/UI/W_SpeCommand.W_SpeCommand_C:GetText_0.CallFunc_Array_Get_Item'. Unknown structure.
[2023.05.17-00.21.42:541][  0]LogAIModule: Creating AISystem for world LastBattleMap
[2023.05.17-00.21.42:559][  0]LogEditorServer: Finished looking for orphan Actors (0.000 secs)
[2023.05.17-00.21.42:582][  0]Cmd: MAP CHECKDEP NOCLEARLOG
[2023.05.17-00.21.42:636][  0]MapCheck: マップチェックが完了: 0 エラー、 0 警告、完了に 53.019ミリ秒かかりました。
[2023.05.17-00.21.42:636][  0]LogFileHelpers: Loading map 'LastBattleMap' took 2.259
[2023.05.17-00.21.42:767][  0]LogWindowsTextInputMethodSystem: Display: IME system now activated using TSF (Microsoft IME).
[2023.05.17-00.21.42:895][  0]LogCollectionManager: Loaded 0 collections in 0.002194 seconds
[2023.05.17-00.21.42:994][  0]LogFileCache: Scanning file cache for directory 'D:/Game_Taisyo_2023_ver2/GameTaisyou_2023/Saved/Collections/' took 0.01s
[2023.05.17-00.21.42:994][  0]LogFileCache: Scanning file cache for directory 'D:/Game_Taisyo_2023_ver2/GameTaisyou_2023/Content/Developers/kbc12006137/Collections/' took 0.01s
[2023.05.17-00.21.42:994][  0]LogFileCache: Scanning file cache for directory 'D:/Game_Taisyo_2023_ver2/GameTaisyou_2023/Content/Collections/' took 0.01s
[2023.05.17-00.21.42:994][  0]LogCollectionManager: Rebuilt the GUID cache for 0 collections in 0.000000 seconds
[2023.05.17-00.21.43:001][  0]LogContentBrowser: Native class hierarchy populated in 0.0066 seconds. Added 2386 classes and 500 folders.
[2023.05.17-00.21.43:097][  0]LogContentBrowser: Native class hierarchy updated for 'WidgetCarousel' in 0.0005 seconds. Added 0 classes and 0 folders.
[2023.05.17-00.21.43:181][  0]LogContentBrowser: Native class hierarchy updated for 'AddContentDialog' in 0.0005 seconds. Added 0 classes and 0 folders.
[2023.05.17-00.21.43:248][  0]LogContentBrowser: Native class hierarchy updated for 'SceneOutliner' in 0.0005 seconds. Added 1 classes and 2 folders.
[2023.05.17-00.21.43:325][  0]LogContentBrowser: Native class hierarchy updated for 'WorldBrowser' in 0.0005 seconds. Added 2 classes and 3 folders.
[2023.05.17-00.21.43:452][  0]LogSlate: Took 0.000925 seconds to synchronously load lazily loaded font '../../../Engine/Content/Slate/Fonts/Roboto-Regular.ttf' (155K)
[2023.05.17-00.21.43:462][  0]LogSlate: Took 0.009404 seconds to synchronously load lazily loaded font '../../../Engine/Content/Slate/Fonts/DroidSansFallback.ttf' (3848K)
[2023.05.17-00.21.43:464][  0]LogSlate: Took 0.001017 seconds to synchronously load lazily loaded font '../../../Engine/Content/Slate/Fonts/Roboto-Bold.ttf' (160K)
[2023.05.17-00.21.43:469][  0]LogSlate: Took 0.000954 seconds to synchronously load lazily loaded font '../../../Engine/Content/Editor/Slate/Fonts/FontAwesome.ttf' (139K)
[2023.05.17-00.21.43:549][  0]LogRenderer: Reallocating scene render targets to support 860x436 Format 10 NumSamples 1 (Frame:1).
[2023.05.17-00.21.43:754][  0]LogContentBrowser: Native class hierarchy updated for 'HierarchicalLODOutliner' in 0.0006 seconds. Added 1 classes and 2 folders.
[2023.05.17-00.21.43:754][  0]LogLoad: (Engine Initialization) Total time: 29.33 seconds
[2023.05.17-00.21.43:754][  0]LogLoad: (Engine Initialization) Total Blueprint compile time: 0.00 seconds
[2023.05.17-00.21.43:755][  0]LogExternalProfiler: No external profilers were discovered.  External profiling features will not be available.
[2023.05.17-00.21.43:802][  0]LogAssetRegistry: Asset discovery search completed in 18.4183 seconds
[2023.05.17-00.21.43:803][  0]LogCollectionManager: Rebuilt the object cache for 0 collections in 0.000001 seconds (found 0 objects)
[2023.05.17-00.21.43:803][  0]LogCollectionManager: Fixed up redirectors for 0 collections in 0.000054 seconds (updated 0 objects)
[2023.05.17-00.21.43:806][  0]LogContentStreaming: Texture pool size now 1000 MB
[2023.05.17-00.21.43:845][  0]LogSlate: Took 0.000997 seconds to synchronously load lazily loaded font '../../../Engine/Content/Slate/Fonts/Roboto-Light.ttf' (159K)
[2023.05.17-00.21.43:904][  1]LogFileCache: Retrieving MD5 hashes for directory 'D:/Game_Taisyo_2023_ver2/GameTaisyou_2023/Content/' took 0.12s
[2023.05.17-00.21.44:777][ 48]LogSlate: Took 0.000178 seconds to synchronously load lazily loaded font '../../../Engine/Content/Slate/Fonts/Roboto-Light.ttf' (159K)
[2023.05.17-00.21.46:762][166]LogSlate: Took 0.000128 seconds to synchronously load lazily loaded font '../../../Engine/Content/Slate/Fonts/Roboto-Light.ttf' (159K)
[2023.05.17-00.21.47:114][166]LogContentBrowser: Native class hierarchy updated for 'BlueprintGraph' in 0.0008 seconds. Added 113 classes and 0 folders.
[2023.05.17-00.21.48:140][166]LogSlate: Took 0.001040 seconds to synchronously load lazily loaded font '../../../Engine/Content/Editor/Slate/Fonts/Roboto-BoldCondensed.ttf' (158K)
[2023.05.17-00.21.48:273][167]LogSlate: Took 0.001263 seconds to synchronously load lazily loaded font '../../../Engine/Content/Editor/Slate/Fonts/Roboto-Italic.ttf' (157K)
[2023.05.17-00.27.09:215][762]BlueprintLog: New page: BP_Item をコンパイル
[2023.05.17-00.27.09:917][768]Cmd: OBJ SAVEPACKAGE PACKAGE="/Game/BP/BP_Item" FILE="D:/Game_Taisyo_2023_ver2/GameTaisyou_2023/Content/BP/BP_Item.uasset" SILENT=true
[2023.05.17-00.27.10:850][768]LogSavePackage: Save=294.44ms
[2023.05.17-00.27.10:850][768]LogSavePackage: Moving 'D:/Game_Taisyo_2023_ver2/GameTaisyou_2023/Saved/BP_ItemDDF564DF4A4D6E60139A548C016DF52F.tmp' to 'D:/Game_Taisyo_2023_ver2/GameTaisyou_2023/Content/BP/BP_Item.uasset'
[2023.05.17-00.27.10:853][768]LogSavePackage: Display: Finished SavePackage D:/Game_Taisyo_2023_ver2/GameTaisyou_2023/Content/BP/BP_Item.uasset
[2023.05.17-00.31.06:342][851]LogEditorTransaction: Undo 選択対象を削除
[2023.05.17-00.35.39:920][162]BlueprintLog: New page: BP_Battle をコンパイル
[2023.05.17-00.38.14:089][337]Cmd: OBJ SAVEPACKAGE PACKAGE="/Game/Map/LastBattleMap" FILE="D:/Game_Taisyo_2023_ver2/GameTaisyou_2023/Saved/Autosaves/Game/Map/LastBattleMap_Auto1.umap" SILENT=true AUTOSAVING=true KEEPDIRTY=false
[2023.05.17-00.38.14:935][337]LogSavePackage: Save=839.02ms
[2023.05.17-00.38.14:935][337]LogSavePackage: Moving 'D:/Game_Taisyo_2023_ver2/GameTaisyou_2023/Saved/LastBattleMap_Auto11EB11C1F41465EDF25C59AB2E48B385B.tmp' to 'D:/Game_Taisyo_2023_ver2/GameTaisyou_2023/Saved/Autosaves/Game/Map/LastBattleMap_Auto1.umap'
[2023.05.17-00.38.14:936][337]LogSavePackage: Display: Finished SavePackage D:/Game_Taisyo_2023_ver2/GameTaisyou_2023/Saved/Autosaves/Game/Map/LastBattleMap_Auto1.umap
[2023.05.17-00.38.14:937][337]LogFileHelpers: Editor autosave (incl. sublevels) for '/Game/Map/LastBattleMap' took 0.874
[2023.05.17-00.38.14:937][337]LogFileHelpers: Editor autosave (incl. sublevels) for all levels took 0.874
[2023.05.17-00.38.14:940][337]OBJ SavePackage: Generating thumbnails for [0] asset(s) in package [/Game/BP/BP_Battle] ([1] browsable assets)...
[2023.05.17-00.38.14:940][337]OBJ SavePackage: Finished generating thumbnails for package [/Game/BP/BP_Battle]
[2023.05.17-00.38.14:940][337]Cmd: OBJ SAVEPACKAGE PACKAGE="/Game/BP/BP_Battle" FILE="D:/Game_Taisyo_2023_ver2/GameTaisyou_2023/Saved/Autosaves/Game/BP/BP_Battle_Auto1.uasset" SILENT=false AUTOSAVING=true
[2023.05.17-00.38.16:212][337]LogSlate: Took 0.000130 seconds to synchronously load lazily loaded font '../../../Engine/Content/Slate/Fonts/Roboto-Regular.ttf' (155K)
[2023.05.17-00.38.16:343][337]LogSavePackage: Save=1062.78ms
[2023.05.17-00.38.16:343][337]LogSavePackage: Moving 'D:/Game_Taisyo_2023_ver2/GameTaisyou_2023/Saved/BP_Battle_Auto1C7B8470C4AFABC2C7B9CEAB1FC49C32E.tmp' to 'D:/Game_Taisyo_2023_ver2/GameTaisyou_2023/Saved/Autosaves/Game/BP/BP_Battle_Auto1.uasset'
[2023.05.17-00.38.16:344][337]LogSavePackage: Display: Finished SavePackage D:/Game_Taisyo_2023_ver2/GameTaisyou_2023/Saved/Autosaves/Game/BP/BP_Battle_Auto1.uasset
[2023.05.17-00.38.16:344][337]OBJ SavePackage: Generating thumbnails for [0] asset(s) in package [/Game/UI/W_HealText] ([1] browsable assets)...
[2023.05.17-00.38.16:344][337]OBJ SavePackage: Finished generating thumbnails for package [/Game/UI/W_HealText]
[2023.05.17-00.38.16:345][337]Cmd: OBJ SAVEPACKAGE PACKAGE="/Game/UI/W_HealText" FILE="D:/Game_Taisyo_2023_ver2/GameTaisyou_2023/Saved/Autosaves/Game/UI/W_HealText_Auto1.uasset" SILENT=false AUTOSAVING=true
[2023.05.17-00.38.16:370][337]LogSavePackage: Save=19.35ms
[2023.05.17-00.38.16:370][337]LogSavePackage: Moving 'D:/Game_Taisyo_2023_ver2/GameTaisyou_2023/Saved/W_HealText_Auto155ACE77449317BBAA5FFE0A70FE7A57B.tmp' to 'D:/Game_Taisyo_2023_ver2/GameTaisyou_2023/Saved/Autosaves/Game/UI/W_HealText_Auto1.uasset'
[2023.05.17-00.38.16:377][337]LogSavePackage: Display: Finished SavePackage D:/Game_Taisyo_2023_ver2/GameTaisyou_2023/Saved/Autosaves/Game/UI/W_HealText_Auto1.uasset
[2023.05.17-00.38.16:377][337]LogFileHelpers: Auto-saving content packages took 1.438
[2023.05.17-00.39.26:100][515]LogEditorTransaction: Undo クリップボードの内容を貼り付け
[2023.05.17-00.42.24:870][221]LogEditorTransaction: Undo 選択対象を削除
[2023.05.17-00.45.04:448][757]LogSlate: Took 0.001403 seconds to synchronously load lazily loaded font '../../../Engine/Content/Editor/Slate/Fonts/Roboto-BoldCondensedItalic.ttf' (160K)
[2023.05.17-00.54.20:991][ 90]BlueprintLog: New page: W_HealText をコンパイル
[2023.05.17-00.56.58:214][495]BlueprintLog: New page: W_HealText をコンパイル
[2023.05.17-00.57.02:021][696]Cmd: OBJ SAVEPACKAGE PACKAGE="/Game/UI/W_HealText" FILE="D:/Game_Taisyo_2023_ver2/GameTaisyou_2023/Content/UI/W_HealText.uasset" SILENT=true
[2023.05.17-00.57.02:082][696]LogSavePackage: Save=54.75ms
[2023.05.17-00.57.02:082][696]LogSavePackage: Moving 'D:/Game_Taisyo_2023_ver2/GameTaisyou_2023/Saved/W_HealTextA4B64AAE44F0DDA16441D883EBAA1552.tmp' to 'D:/Game_Taisyo_2023_ver2/GameTaisyou_2023/Content/UI/W_HealText.uasset'
[2023.05.17-00.57.02:084][696]LogSavePackage: Display: Finished SavePackage D:/Game_Taisyo_2023_ver2/GameTaisyou_2023/Content/UI/W_HealText.uasset
[2023.05.17-00.58.45:981][911]LogUObjectHash: Warning: Ambiguous search, could be CanvasPanel /Game/UI/W_TestResult.W_TestResult:WidgetTree.CanvasPanel_0 or CanvasPanel /Game/UI/W_TestResult.SKEL_W_TestResult_C:WidgetTree.CanvasPanel_0
[2023.05.17-00.58.45:981][911]LogUObjectHash: Warning: Ambiguous search, could be CanvasPanel /Game/UI/W_TestResult.W_TestResult:WidgetTree.CanvasPanel_0 or CanvasPanel /Game/UI/W_TestResult.W_TestResult_C:WidgetTree.CanvasPanel_0
[2023.05.17-00.58.45:981][911]LogUObjectHash: Warning: Ambiguous search, could be CanvasPanel /Game/UI/W_TestResult.W_TestResult:WidgetTree.CanvasPanel_0 or CanvasPanel /Game/UI/W_Text.W_Text:WidgetTree.CanvasPanel_0
[2023.05.17-00.58.45:981][911]LogUObjectHash: Warning: Ambiguous search, could be CanvasPanel /Game/UI/W_TestResult.W_TestResult:WidgetTree.CanvasPanel_0 or CanvasPanel /Game/UI/W_Text.SKEL_W_Text_C:WidgetTree.CanvasPanel_0
[2023.05.17-00.58.45:981][911]LogUObjectHash: Warning: Ambiguous search, could be CanvasPanel /Game/UI/W_TestResult.W_TestResult:WidgetTree.CanvasPanel_0 or CanvasPanel /Game/UI/W_Text.W_Text_C:WidgetTree.CanvasPanel_0
[2023.05.17-00.58.45:981][911]LogUObjectHash: Warning: Ambiguous search, could be CanvasPanel /Game/UI/W_TestResult.W_TestResult:WidgetTree.CanvasPanel_0 or CanvasPanel /Game/UI/W_HealText.W_HealText:WidgetTree.CanvasPanel_0
[2023.05.17-00.58.45:981][911]LogUObjectHash: Warning: Ambiguous search, could be CanvasPanel /Game/UI/W_TestResult.W_TestResult:WidgetTree.CanvasPanel_0 or CanvasPanel /Engine/Transient.World_9:W_HealText_C_7.WidgetTree_10.CanvasPanel_0
[2023.05.17-00.58.45:981][911]LogUObjectHash: Warning: Ambiguous search, could be CanvasPanel /Game/UI/W_TestResult.W_TestResult:WidgetTree.CanvasPanel_0 or CanvasPanel /Engine/Transient.World_11:W_HealText_C_3.WidgetTree_25.CanvasPanel_0
[2023.05.17-00.58.45:981][911]LogUObjectHash: Warning: Ambiguous search, could be CanvasPanel /Game/UI/W_TestResult.W_TestResult:WidgetTree.CanvasPanel_0 or CanvasPanel /Game/UI/W_TurnDelayText.W_TurnDelayText:WidgetTree.CanvasPanel_0
[2023.05.17-00.58.45:981][911]LogUObjectHash: Warning: Ambiguous search, could be CanvasPanel /Game/UI/W_TestResult.W_TestResult:WidgetTree.CanvasPanel_0 or CanvasPanel /Game/UI/W_TurnDelayText.SKEL_W_TurnDelayText_C:WidgetTree.CanvasPanel_0
[2023.05.17-00.58.45:981][911]LogUObjectHash: Warning: Ambiguous search, could be CanvasPanel /Game/UI/W_TestResult.W_TestResult:WidgetTree.CanvasPanel_0 or CanvasPanel /Game/UI/W_TurnDelayText.W_TurnDelayText_C:WidgetTree.CanvasPanel_0
[2023.05.17-00.58.45:981][911]LogUObjectHash: Warning: Ambiguous search, could be CanvasPanel /Game/UI/W_TestResult.W_TestResult:WidgetTree.CanvasPanel_0 or CanvasPanel /Game/UI/W_Command.W_Command:WidgetTree.CanvasPanel_0
[2023.05.17-00.58.45:981][911]LogUObjectHash: Warning: Ambiguous search, could be CanvasPanel /Game/UI/W_TestResult.W_TestResult:WidgetTree.CanvasPanel_0 or CanvasPanel /Game/UI/W_Command.SKEL_W_Command_C:WidgetTree.CanvasPanel_0
[2023.05.17-00.58.45:981][911]LogUObjectHash: Warning: Ambiguous search, could be CanvasPanel /Game/UI/W_TestResult.W_TestResult:WidgetTree.CanvasPanel_0 or CanvasPanel /Game/UI/W_Command.W_Command_C:WidgetTree.CanvasPanel_0
[2023.05.17-00.58.45:981][911]LogUObjectHash: Warning: Ambiguous search, could be CanvasPanel /Game/UI/W_TestResult.W_TestResult:WidgetTree.CanvasPanel_0 or CanvasPanel /Game/UI/W_ItemCommand.W_ItemCommand:WidgetTree.CanvasPanel_0
[2023.05.17-00.58.45:981][911]LogUObjectHash: Warning: Ambiguous search, could be CanvasPanel /Game/UI/W_TestResult.W_TestResult:WidgetTree.CanvasPanel_0 or CanvasPanel /Game/UI/W_ItemCommand.SKEL_W_ItemCommand_C:WidgetTree.CanvasPanel_0
[2023.05.17-00.58.45:981][911]LogUObjectHash: Warning: Ambiguous search, could be CanvasPanel /Game/UI/W_TestResult.W_TestResult:WidgetTree.CanvasPanel_0 or CanvasPanel /Game/UI/W_ItemCommand.W_ItemCommand_C:WidgetTree.CanvasPanel_0
[2023.05.17-00.58.45:981][911]LogUObjectHash: Warning: Ambiguous search, could be CanvasPanel /Game/UI/W_TestResult.W_TestResult:WidgetTree.CanvasPanel_0 or CanvasPanel /Game/UI/W_SpeCommand.W_SpeCommand:WidgetTree.CanvasPanel_0
[2023.05.17-00.58.45:981][911]LogUObjectHash: Warning: Ambiguous search, could be CanvasPanel /Game/UI/W_TestResult.W_TestResult:WidgetTree.CanvasPanel_0 or CanvasPanel /Game/UI/W_SpeCommand.SKEL_W_SpeCommand_C:WidgetTree.CanvasPanel_0
[2023.05.17-00.58.45:981][911]LogUObjectHash: Warning: Ambiguous search, could be CanvasPanel /Game/UI/W_TestResult.W_TestResult:WidgetTree.CanvasPanel_0 or CanvasPanel /Game/UI/W_SpeCommand.W_SpeCommand_C:WidgetTree.CanvasPanel_0
[2023.05.17-00.58.45:982][911]LogUObjectHash: Warning: Ambiguous search, could be CanvasPanel /Game/UI/W_TestResult.W_TestResult:WidgetTree.CanvasPanel_0 or CanvasPanel /Game/UI/W_Character_Status.W_Character_Status:WidgetTree.CanvasPanel_0
[2023.05.17-00.58.45:982][911]LogUObjectHash: Warning: Ambiguous search, could be CanvasPanel /Game/UI/W_TestResult.W_TestResult:WidgetTree.CanvasPanel_0 or CanvasPanel /Game/UI/W_Character_Status.SKEL_W_Character_Status_C:WidgetTree.CanvasPanel_0
[2023.05.17-00.58.45:982][911]LogUObjectHash: Warning: Ambiguous search, could be CanvasPanel /Game/UI/W_TestResult.W_TestResult:WidgetTree.CanvasPanel_0 or CanvasPanel /Game/UI/W_Character_Status.W_Character_Status_C:WidgetTree.CanvasPanel_0
[2023.05.17-00.58.45:982][911]LogUObjectHash: Warning: Ambiguous search, could be CanvasPanel /Game/UI/W_TestResult.W_TestResult:WidgetTree.CanvasPanel_0 or CanvasPanel /Engine/Transient.World_9:W_HealText_C_1.WidgetTree_23.CanvasPanel_0
[2023.05.17-00.58.45:982][911]LogUObjectHash: Warning: Ambiguous search, could be CanvasPanel /Game/UI/W_TestResult.W_TestResult:WidgetTree.CanvasPanel_0 or CanvasPanel /Engine/Transient.World_9:W_HealText_C_4.WidgetTree_7.CanvasPanel_0
[2023.05.17-00.58.45:982][911]LogUObjectHash: Warning: Ambiguous search, could be CanvasPanel /Game/UI/W_TestResult.W_TestResult:WidgetTree.CanvasPanel_0 or CanvasPanel /Engine/Transient.World_9:W_HealText_C_5.WidgetTree_8.CanvasPanel_0
[2023.05.17-00.58.45:982][911]LogUObjectHash: Warning: Ambiguous search, could be CanvasPanel /Game/UI/W_TestResult.W_TestResult:WidgetTree.CanvasPanel_0 or CanvasPanel /Engine/Transient.World_9:W_HealText_C_6.WidgetTree_9.CanvasPanel_0
[2023.05.17-00.58.45:982][911]LogUObjectHash: Warning: Ambiguous search, could be CanvasPanel /Game/UI/W_TestResult.W_TestResult:WidgetTree.CanvasPanel_0 or CanvasPanel /Engine/Transient.World_9:W_HealText_C_2.WidgetTree_5.CanvasPanel_0
[2023.05.17-00.58.45:982][911]LogUObjectHash: Warning: Ambiguous search, could be CanvasPanel /Game/UI/W_TestResult.W_TestResult:WidgetTree.CanvasPanel_0 or CanvasPanel /Engine/Transient.World_9:W_HealText_C_8.WidgetTree_11.CanvasPanel_0
[2023.05.17-00.58.45:982][911]LogUObjectHash: Warning: Ambiguous search, could be CanvasPanel /Game/UI/W_TestResult.W_TestResult:WidgetTree.CanvasPanel_0 or CanvasPanel /Engine/Transient.World_11:W_HealText_C_2.WidgetTree_24.CanvasPanel_0
[2023.05.17-00.58.45:982][911]LogUObjectHash: Warning: Ambiguous search, could be CanvasPanel /Game/UI/W_TestResult.W_TestResult:WidgetTree.CanvasPanel_0 or CanvasPanel /Engine/Transient.World_9:W_HealText_C_10.WidgetTree_13.CanvasPanel_0
[2023.05.17-00.58.45:982][911]LogUObjectHash: Warning: Ambiguous search, could be CanvasPanel /Game/UI/W_TestResult.W_TestResult:WidgetTree.CanvasPanel_0 or CanvasPanel /Engine/Transient.World_9:W_HealText_C_11.WidgetTree_14.CanvasPanel_0
[2023.05.17-00.58.45:982][911]LogUObjectHash: Warning: Ambiguous search, could be CanvasPanel /Game/UI/W_TestResult.W_TestResult:WidgetTree.CanvasPanel_0 or CanvasPanel /Engine/Transient.World_9:W_HealText_C_12.WidgetTree_15.CanvasPanel_0
[2023.05.17-00.58.45:982][911]LogUObjectHash: Warning: Ambiguous search, could be CanvasPanel /Game/UI/W_TestResult.W_TestResult:WidgetTree.CanvasPanel_0 or CanvasPanel /Engine/Transient.World_9:W_HealText_C_13.WidgetTree_16.CanvasPanel_0
[2023.05.17-00.58.45:982][911]LogUObjectHash: Warning: Ambiguous search, could be CanvasPanel /Game/UI/W_TestResult.W_TestResult:WidgetTree.CanvasPanel_0 or CanvasPanel /Engine/Transient.World_9:W_HealText_C_15.WidgetTree_18.CanvasPanel_0
[2023.05.17-00.58.45:982][911]LogUObjectHash: Warning: Ambiguous search, could be CanvasPanel /Game/UI/W_TestResult.W_TestResult:WidgetTree.CanvasPanel_0 or CanvasPanel /Engine/Transient.World_9:W_HealText_C_16.WidgetTree_19.CanvasPanel_0
[2023.05.17-00.58.45:982][911]LogUObjectHash: Warning: Ambiguous search, could be CanvasPanel /Game/UI/W_TestResult.W_TestResult:WidgetTree.CanvasPanel_0 or CanvasPanel /Engine/Transient.REINST_W_HealText_C_20:WidgetTree.CanvasPanel_0
[2023.05.17-00.58.45:982][911]LogUObjectHash: Warning: Ambiguous search, could be CanvasPanel /Game/UI/W_TestResult.W_TestResult:WidgetTree.CanvasPanel_0 or CanvasPanel /Game/UI/W_HealText.W_HealText_C:WidgetTree.CanvasPanel_0
[2023.05.17-00.58.45:982][911]LogProperty: Warning: Illegal TEXT reference to a private object in external package (CanvasPanelSlot /Game/UI/W_TestResult.W_TestResult:WidgetTree.CanvasPanel_0.CanvasPanelSlot_0) from referencer (Border /Engine/UMG/Editor/Transient.Heal_Text).  Import failed...
[2023.05.17-00.58.45:982][911]LogProperty: Warning: ObjectProperty /Script/UMG.Widget:Slot: unresolved reference to 'CanvasPanelSlot'CanvasPanel_0.CanvasPanelSlot_0''
[2023.05.17-00.59.11:576][441]LogUObjectHash: Warning: Ambiguous search, could be CanvasPanel /Game/UI/W_TestResult.W_TestResult:WidgetTree.CanvasPanel_0 or CanvasPanel /Game/UI/W_TestResult.SKEL_W_TestResult_C:WidgetTree.CanvasPanel_0
[2023.05.17-00.59.11:576][441]LogUObjectHash: Warning: Ambiguous search, could be CanvasPanel /Game/UI/W_TestResult.W_TestResult:WidgetTree.CanvasPanel_0 or CanvasPanel /Game/UI/W_TestResult.W_TestResult_C:WidgetTree.CanvasPanel_0
[2023.05.17-00.59.11:577][441]LogUObjectHash: Warning: Ambiguous search, could be CanvasPanel /Game/UI/W_TestResult.W_TestResult:WidgetTree.CanvasPanel_0 or CanvasPanel /Game/UI/W_Text.W_Text:WidgetTree.CanvasPanel_0
[2023.05.17-00.59.11:577][441]LogUObjectHash: Warning: Ambiguous search, could be CanvasPanel /Game/UI/W_TestResult.W_TestResult:WidgetTree.CanvasPanel_0 or CanvasPanel /Game/UI/W_Text.SKEL_W_Text_C:WidgetTree.CanvasPanel_0
[2023.05.17-00.59.11:577][441]LogUObjectHash: Warning: Ambiguous search, could be CanvasPanel /Game/UI/W_TestResult.W_TestResult:WidgetTree.CanvasPanel_0 or CanvasPanel /Game/UI/W_Text.W_Text_C:WidgetTree.CanvasPanel_0
[2023.05.17-00.59.11:577][441]LogUObjectHash: Warning: Ambiguous search, could be CanvasPanel /Game/UI/W_TestResult.W_TestResult:WidgetTree.CanvasPanel_0 or CanvasPanel /Game/UI/W_HealText.W_HealText:WidgetTree.CanvasPanel_0
[2023.05.17-00.59.11:577][441]LogUObjectHash: Warning: Ambiguous search, could be CanvasPanel /Game/UI/W_TestResult.W_TestResult:WidgetTree.CanvasPanel_0 or CanvasPanel /Engine/Transient.World_9:W_HealText_C_7.WidgetTree_10.CanvasPanel_0
[2023.05.17-00.59.11:577][441]LogUObjectHash: Warning: Ambiguous search, could be CanvasPanel /Game/UI/W_TestResult.W_TestResult:WidgetTree.CanvasPanel_0 or CanvasPanel /Engine/Transient.World_11:W_HealText_C_3.WidgetTree_25.CanvasPanel_0
[2023.05.17-00.59.11:577][441]LogUObjectHash: Warning: Ambiguous search, could be CanvasPanel /Game/UI/W_TestResult.W_TestResult:WidgetTree.CanvasPanel_0 or CanvasPanel /Game/UI/W_TurnDelayText.W_TurnDelayText:WidgetTree.CanvasPanel_0
[2023.05.17-00.59.11:577][441]LogUObjectHash: Warning: Ambiguous search, could be CanvasPanel /Game/UI/W_TestResult.W_TestResult:WidgetTree.CanvasPanel_0 or CanvasPanel /Game/UI/W_TurnDelayText.SKEL_W_TurnDelayText_C:WidgetTree.CanvasPanel_0
[2023.05.17-00.59.11:577][441]LogUObjectHash: Warning: Ambiguous search, could be CanvasPanel /Game/UI/W_TestResult.W_TestResult:WidgetTree.CanvasPanel_0 or CanvasPanel /Game/UI/W_TurnDelayText.W_TurnDelayText_C:WidgetTree.CanvasPanel_0
[2023.05.17-00.59.11:577][441]LogUObjectHash: Warning: Ambiguous search, could be CanvasPanel /Game/UI/W_TestResult.W_TestResult:WidgetTree.CanvasPanel_0 or CanvasPanel /Game/UI/W_Command.W_Command:WidgetTree.CanvasPanel_0
[2023.05.17-00.59.11:577][441]LogUObjectHash: Warning: Ambiguous search, could be CanvasPanel /Game/UI/W_TestResult.W_TestResult:WidgetTree.CanvasPanel_0 or CanvasPanel /Game/UI/W_Command.SKEL_W_Command_C:WidgetTree.CanvasPanel_0
[2023.05.17-00.59.11:577][441]LogUObjectHash: Warning: Ambiguous search, could be CanvasPanel /Game/UI/W_TestResult.W_TestResult:WidgetTree.CanvasPanel_0 or CanvasPanel /Game/UI/W_Command.W_Command_C:WidgetTree.CanvasPanel_0
[2023.05.17-00.59.11:577][441]LogUObjectHash: Warning: Ambiguous search, could be CanvasPanel /Game/UI/W_TestResult.W_TestResult:WidgetTree.CanvasPanel_0 or CanvasPanel /Game/UI/W_ItemCommand.W_ItemCommand:WidgetTree.CanvasPanel_0
[2023.05.17-00.59.11:577][441]LogUObjectHash: Warning: Ambiguous search, could be CanvasPanel /Game/UI/W_TestResult.W_TestResult:WidgetTree.CanvasPanel_0 or CanvasPanel /Game/UI/W_ItemCommand.SKEL_W_ItemCommand_C:WidgetTree.CanvasPanel_0
[2023.05.17-00.59.11:577][441]LogUObjectHash: Warning: Ambiguous search, could be CanvasPanel /Game/UI/W_TestResult.W_TestResult:WidgetTree.CanvasPanel_0 or CanvasPanel /Game/UI/W_ItemCommand.W_ItemCommand_C:WidgetTree.CanvasPanel_0
[2023.05.17-00.59.11:577][441]LogUObjectHash: Warning: Ambiguous search, could be CanvasPanel /Game/UI/W_TestResult.W_TestResult:WidgetTree.CanvasPanel_0 or CanvasPanel /Game/UI/W_SpeCommand.W_SpeCommand:WidgetTree.CanvasPanel_0
[2023.05.17-00.59.11:577][441]LogUObjectHash: Warning: Ambiguous search, could be CanvasPanel /Game/UI/W_TestResult.W_TestResult:WidgetTree.CanvasPanel_0 or CanvasPanel /Game/UI/W_SpeCommand.SKEL_W_SpeCommand_C:WidgetTree.CanvasPanel_0
[2023.05.17-00.59.11:577][441]LogUObjectHash: Warning: Ambiguous search, could be CanvasPanel /Game/UI/W_TestResult.W_TestResult:WidgetTree.CanvasPanel_0 or CanvasPanel /Game/UI/W_SpeCommand.W_SpeCommand_C:WidgetTree.CanvasPanel_0
[2023.05.17-00.59.11:577][441]LogUObjectHash: Warning: Ambiguous search, could be CanvasPanel /Game/UI/W_TestResult.W_TestResult:WidgetTree.CanvasPanel_0 or CanvasPanel /Game/UI/W_Character_Status.W_Character_Status:WidgetTree.CanvasPanel_0
[2023.05.17-00.59.11:577][441]LogUObjectHash: Warning: Ambiguous search, could be CanvasPanel /Game/UI/W_TestResult.W_TestResult:WidgetTree.CanvasPanel_0 or CanvasPanel /Game/UI/W_Character_Status.SKEL_W_Character_Status_C:WidgetTree.CanvasPanel_0
[2023.05.17-00.59.11:577][441]LogUObjectHash: Warning: Ambiguous search, could be CanvasPanel /Game/UI/W_TestResult.W_TestResult:WidgetTree.CanvasPanel_0 or CanvasPanel /Game/UI/W_Character_Status.W_Character_Status_C:WidgetTree.CanvasPanel_0
[2023.05.17-00.59.11:577][441]LogUObjectHash: Warning: Ambiguous search, could be CanvasPanel /Game/UI/W_TestResult.W_TestResult:WidgetTree.CanvasPanel_0 or CanvasPanel /Engine/Transient.World_9:W_HealText_C_1.WidgetTree_23.CanvasPanel_0
[2023.05.17-00.59.11:577][441]LogUObjectHash: Warning: Ambiguous search, could be CanvasPanel /Game/UI/W_TestResult.W_TestResult:WidgetTree.CanvasPanel_0 or CanvasPanel /Engine/Transient.World_9:W_HealText_C_4.WidgetTree_7.CanvasPanel_0
[2023.05.17-00.59.11:577][441]LogUObjectHash: Warning: Ambiguous search, could be CanvasPanel /Game/UI/W_TestResult.W_TestResult:WidgetTree.CanvasPanel_0 or CanvasPanel /Engine/Transient.World_9:W_HealText_C_5.WidgetTree_8.CanvasPanel_0
[2023.05.17-00.59.11:577][441]LogUObjectHash: Warning: Ambiguous search, could be CanvasPanel /Game/UI/W_TestResult.W_TestResult:WidgetTree.CanvasPanel_0 or CanvasPanel /Engine/Transient.World_9:W_HealText_C_6.WidgetTree_9.CanvasPanel_0
[2023.05.17-00.59.11:577][441]LogUObjectHash: Warning: Ambiguous search, could be CanvasPanel /Game/UI/W_TestResult.W_TestResult:WidgetTree.CanvasPanel_0 or CanvasPanel /Engine/Transient.World_9:W_HealText_C_2.WidgetTree_5.CanvasPanel_0
[2023.05.17-00.59.11:577][441]LogUObjectHash: Warning: Ambiguous search, could be CanvasPanel /Game/UI/W_TestResult.W_TestResult:WidgetTree.CanvasPanel_0 or CanvasPanel /Engine/Transient.World_9:W_HealText_C_8.WidgetTree_11.CanvasPanel_0
[2023.05.17-00.59.11:577][441]LogUObjectHash: Warning: Ambiguous search, could be CanvasPanel /Game/UI/W_TestResult.W_TestResult:WidgetTree.CanvasPanel_0 or CanvasPanel /Engine/Transient.World_11:W_HealText_C_2.WidgetTree_24.CanvasPanel_0
[2023.05.17-00.59.11:578][441]LogUObjectHash: Warning: Ambiguous search, could be CanvasPanel /Game/UI/W_TestResult.W_TestResult:WidgetTree.CanvasPanel_0 or CanvasPanel /Engine/Transient.World_9:W_HealText_C_10.WidgetTree_13.CanvasPanel_0
[2023.05.17-00.59.11:578][441]LogUObjectHash: Warning: Ambiguous search, could be CanvasPanel /Game/UI/W_TestResult.W_TestResult:WidgetTree.CanvasPanel_0 or CanvasPanel /Engine/Transient.World_9:W_HealText_C_11.WidgetTree_14.CanvasPanel_0
[2023.05.17-00.59.11:578][441]LogUObjectHash: Warning: Ambiguous search, could be CanvasPanel /Game/UI/W_TestResult.W_TestResult:WidgetTree.CanvasPanel_0 or CanvasPanel /Engine/Transient.World_9:W_HealText_C_12.WidgetTree_15.CanvasPanel_0
[2023.05.17-00.59.11:578][441]LogUObjectHash: Warning: Ambiguous search, could be CanvasPanel /Game/UI/W_TestResult.W_TestResult:WidgetTree.CanvasPanel_0 or CanvasPanel /Engine/Transient.World_9:W_HealText_C_13.WidgetTree_16.CanvasPanel_0
[2023.05.17-00.59.11:578][441]LogUObjectHash: Warning: Ambiguous search, could be CanvasPanel /Game/UI/W_TestResult.W_TestResult:WidgetTree.CanvasPanel_0 or CanvasPanel /Engine/Transient.World_9:W_HealText_C_15.WidgetTree_18.CanvasPanel_0
[2023.05.17-00.59.11:578][441]LogUObjectHash: Warning: Ambiguous search, could be CanvasPanel /Game/UI/W_TestResult.W_TestResult:WidgetTree.CanvasPanel_0 or CanvasPanel /Engine/Transient.World_9:W_HealText_C_16.WidgetTree_19.CanvasPanel_0
[2023.05.17-00.59.11:578][441]LogUObjectHash: Warning: Ambiguous search, could be CanvasPanel /Game/UI/W_TestResult.W_TestResult:WidgetTree.CanvasPanel_0 or CanvasPanel /Engine/Transient.REINST_W_HealText_C_20:WidgetTree.CanvasPanel_0
[2023.05.17-00.59.11:578][441]LogUObjectHash: Warning: Ambiguous search, could be CanvasPanel /Game/UI/W_TestResult.W_TestResult:WidgetTree.CanvasPanel_0 or CanvasPanel /Engine/Transient.World_11:W_HealText_C_4.WidgetTree_26.CanvasPanel_0
[2023.05.17-00.59.11:578][441]LogUObjectHash: Warning: Ambiguous search, could be CanvasPanel /Game/UI/W_TestResult.W_TestResult:WidgetTree.CanvasPanel_0 or CanvasPanel /Game/UI/W_HealText.W_HealText_C:WidgetTree.CanvasPanel_0
[2023.05.17-00.59.11:578][441]LogUObjectHash: Warning: Ambiguous search, could be CanvasPanel /Game/UI/W_TestResult.W_TestResult:WidgetTree.CanvasPanel_0 or CanvasPanel /Engine/Transient.World_11:W_HealText_C_5.WidgetTree_27.CanvasPanel_0
[2023.05.17-00.59.11:578][441]LogProperty: Warning: Illegal TEXT reference to a private object in external package (CanvasPanelSlot /Game/UI/W_TestResult.W_TestResult:WidgetTree.CanvasPanel_0.CanvasPanelSlot_0) from referencer (Border /Engine/UMG/Editor/Transient.Heal_Text).  Import failed...
[2023.05.17-00.59.11:578][441]LogProperty: Warning: ObjectProperty /Script/UMG.Widget:Slot: unresolved reference to 'CanvasPanelSlot'CanvasPanel_0.CanvasPanelSlot_0''
[2023.05.17-01.00.43:170][924]BlueprintLog: New page: W_HealText をコンパイル
[2023.05.17-01.00.43:969][943]Cmd: OBJ SAVEPACKAGE PACKAGE="/Game/UI/W_HealText" FILE="D:/Game_Taisyo_2023_ver2/GameTaisyou_2023/Content/UI/W_HealText.uasset" SILENT=true
[2023.05.17-01.00.44:032][943]LogSavePackage: Save=57.45ms
[2023.05.17-01.00.44:032][943]LogSavePackage: Moving 'D:/Game_Taisyo_2023_ver2/GameTaisyou_2023/Saved/W_HealText90A3A55D49DD8AB73899BDAD3D076228.tmp' to 'D:/Game_Taisyo_2023_ver2/GameTaisyou_2023/Content/UI/W_HealText.uasset'
[2023.05.17-01.00.44:034][943]LogSavePackage: Display: Finished SavePackage D:/Game_Taisyo_2023_ver2/GameTaisyou_2023/Content/UI/W_HealText.uasset
[2023.05.17-01.01.23:258][288]LogEditorTransaction: Undo ノードを移動
[2023.05.17-01.02.14:482][349]BlueprintLog: New page: W_HealText をコンパイル
[2023.05.17-01.02.15:531][381]Cmd: OBJ SAVEPACKAGE PACKAGE="/Game/UI/W_HealText" FILE="D:/Game_Taisyo_2023_ver2/GameTaisyou_2023/Content/UI/W_HealText.uasset" SILENT=true
[2023.05.17-01.02.15:626][381]LogSavePackage: Save=87.30ms
[2023.05.17-01.02.15:626][381]LogSavePackage: Moving 'D:/Game_Taisyo_2023_ver2/GameTaisyou_2023/Saved/W_HealTextC2AF74BC4FE01F097E5AA090BC7EB43D.tmp' to 'D:/Game_Taisyo_2023_ver2/GameTaisyou_2023/Content/UI/W_HealText.uasset'
[2023.05.17-01.02.15:627][381]LogSavePackage: Display: Finished SavePackage D:/Game_Taisyo_2023_ver2/GameTaisyou_2023/Content/UI/W_HealText.uasset
[2023.05.17-01.02.36:950][658]LogEditorTransaction: Undo ノードを移動
[2023.05.17-01.04.25:637][173]BlueprintLog: New page: W_HealText をコンパイル
[2023.05.17-01.04.37:009][826]Cmd: OBJ SAVEPACKAGE PACKAGE="/Game/UI/W_HealText" FILE="D:/Game_Taisyo_2023_ver2/GameTaisyou_2023/Content/UI/W_HealText.uasset" SILENT=true
[2023.05.17-01.04.37:108][826]LogSavePackage: Save=93.17ms
[2023.05.17-01.04.37:108][826]LogSavePackage: Moving 'D:/Game_Taisyo_2023_ver2/GameTaisyou_2023/Saved/W_HealText9A3BE2154E152207A303E5B2E8E8F371.tmp' to 'D:/Game_Taisyo_2023_ver2/GameTaisyou_2023/Content/UI/W_HealText.uasset'
[2023.05.17-01.04.37:109][826]LogSavePackage: Display: Finished SavePackage D:/Game_Taisyo_2023_ver2/GameTaisyou_2023/Content/UI/W_HealText.uasset
[2023.05.17-01.06.06:778][186]BlueprintLog: New page: W_HealText をコンパイル
[2023.05.17-01.06.07:525][202]Cmd: OBJ SAVEPACKAGE PACKAGE="/Game/UI/W_HealText" FILE="D:/Game_Taisyo_2023_ver2/GameTaisyou_2023/Content/UI/W_HealText.uasset" SILENT=true
[2023.05.17-01.06.07:631][202]LogSavePackage: Save=100.26ms
[2023.05.17-01.06.07:631][202]LogSavePackage: Moving 'D:/Game_Taisyo_2023_ver2/GameTaisyou_2023/Saved/W_HealText0E746A3F468D39FDC6B9E3A3C41C72C3.tmp' to 'D:/Game_Taisyo_2023_ver2/GameTaisyou_2023/Content/UI/W_HealText.uasset'
[2023.05.17-01.06.07:633][202]LogSavePackage: Display: Finished SavePackage D:/Game_Taisyo_2023_ver2/GameTaisyou_2023/Content/UI/W_HealText.uasset
[2023.05.17-01.06.12:558][498]BlueprintLog: New page: W_HealText をコンパイル
[2023.05.17-01.06.13:368][518]Cmd: OBJ SAVEPACKAGE PACKAGE="/Game/UI/W_HealText" FILE="D:/Game_Taisyo_2023_ver2/GameTaisyou_2023/Content/UI/W_HealText.uasset" SILENT=true
[2023.05.17-01.06.13:590][518]LogSavePackage: Save=216.52ms
[2023.05.17-01.06.13:590][518]LogSavePackage: Moving 'D:/Game_Taisyo_2023_ver2/GameTaisyou_2023/Saved/W_HealText45F2FA214C30D4E5937F369243EDC9A9.tmp' to 'D:/Game_Taisyo_2023_ver2/GameTaisyou_2023/Content/UI/W_HealText.uasset'
[2023.05.17-01.06.13:593][518]LogSavePackage: Display: Finished SavePackage D:/Game_Taisyo_2023_ver2/GameTaisyou_2023/Content/UI/W_HealText.uasset
[2023.05.17-01.09.50:958][524]BlueprintLog: New page: BP_Item をコンパイル
[2023.05.17-01.09.51:832][539]Cmd: OBJ SAVEPACKAGE PACKAGE="/Game/BP/BP_Item" FILE="D:/Game_Taisyo_2023_ver2/GameTaisyou_2023/Content/BP/BP_Item.uasset" SILENT=true
[2023.05.17-01.09.52:045][539]LogSavePackage: Save=207.10ms
[2023.05.17-01.09.52:045][539]LogSavePackage: Moving 'D:/Game_Taisyo_2023_ver2/GameTaisyou_2023/Saved/BP_Item5C72D0EF439DBEC0D30647A2A05C69FF.tmp' to 'D:/Game_Taisyo_2023_ver2/GameTaisyou_2023/Content/BP/BP_Item.uasset'
[2023.05.17-01.09.52:047][539]LogSavePackage: Display: Finished SavePackage D:/Game_Taisyo_2023_ver2/GameTaisyou_2023/Content/BP/BP_Item.uasset
[2023.05.17-01.10.29:371][768]LogEditorTransaction: Undo 選択対象を削除
[2023.05.17-01.12.37:792][463]BlueprintLog: New page: W_HealText をコンパイル
[2023.05.17-01.12.38:599][481]Cmd: OBJ SAVEPACKAGE PACKAGE="/Game/UI/W_HealText" FILE="D:/Game_Taisyo_2023_ver2/GameTaisyou_2023/Content/UI/W_HealText.uasset" SILENT=true
[2023.05.17-01.12.39:117][481]LogSavePackage: Save=511.52ms
[2023.05.17-01.12.39:117][481]LogSavePackage: Moving 'D:/Game_Taisyo_2023_ver2/GameTaisyou_2023/Saved/W_HealText434C32254EC2E788BAF7F09A50CEE9E1.tmp' to 'D:/Game_Taisyo_2023_ver2/GameTaisyou_2023/Content/UI/W_HealText.uasset'
[2023.05.17-01.12.39:120][481]LogSavePackage: Display: Finished SavePackage D:/Game_Taisyo_2023_ver2/GameTaisyou_2023/Content/UI/W_HealText.uasset
[2023.05.17-01.17.24:756][421]LogEditorTransaction: Undo ノードを追加
[2023.05.17-01.20.30:124][522]BlueprintLog: New page: BP_Battle をコンパイル
[2023.05.17-01.20.31:186][542]Cmd: OBJ SAVEPACKAGE PACKAGE="/Game/BP/BP_Battle" FILE="D:/Game_Taisyo_2023_ver2/GameTaisyou_2023/Content/BP/BP_Battle.uasset" SILENT=true
[2023.05.17-01.20.32:187][542]LogSavePackage: Save=994.38ms
[2023.05.17-01.20.32:187][542]LogSavePackage: Moving 'D:/Game_Taisyo_2023_ver2/GameTaisyou_2023/Saved/BP_BattleC79BDFBC4108704E1F8FD89955DA2027.tmp' to 'D:/Game_Taisyo_2023_ver2/GameTaisyou_2023/Content/BP/BP_Battle.uasset'
[2023.05.17-01.20.32:189][542]LogSavePackage: Display: Finished SavePackage D:/Game_Taisyo_2023_ver2/GameTaisyou_2023/Content/BP/BP_Battle.uasset
[2023.05.17-01.22.19:654][947]BlueprintLog: New page: BP_Battle をコンパイル
[2023.05.17-01.22.20:472][947]Cmd: OBJ SAVEPACKAGE PACKAGE="/Game/BP/BP_Battle" FILE="D:/Game_Taisyo_2023_ver2/GameTaisyou_2023/Content/BP/BP_Battle.uasset" SILENT=true
[2023.05.17-01.22.21:608][947]LogSavePackage: Save=1129.54ms
[2023.05.17-01.22.21:608][947]LogSavePackage: Moving 'D:/Game_Taisyo_2023_ver2/GameTaisyou_2023/Saved/BP_Battle5AF9DF3544A17CF7311FCF9AB17D029A.tmp' to 'D:/Game_Taisyo_2023_ver2/GameTaisyou_2023/Content/BP/BP_Battle.uasset'
[2023.05.17-01.22.21:610][947]LogSavePackage: Display: Finished SavePackage D:/Game_Taisyo_2023_ver2/GameTaisyou_2023/Content/BP/BP_Battle.uasset
[2023.05.17-01.22.22:352][990]Cmd: OBJ SAVEPACKAGE PACKAGE="/Game/BP/BP_Battle" FILE="D:/Game_Taisyo_2023_ver2/GameTaisyou_2023/Content/BP/BP_Battle.uasset" SILENT=true
[2023.05.17-01.22.23:466][990]LogSavePackage: Save=1107.94ms
[2023.05.17-01.22.23:466][990]LogSavePackage: Moving 'D:/Game_Taisyo_2023_ver2/GameTaisyou_2023/Saved/BP_Battle833A106941B2287E0D575F8F42AFF4FA.tmp' to 'D:/Game_Taisyo_2023_ver2/GameTaisyou_2023/Content/BP/BP_Battle.uasset'
[2023.05.17-01.22.23:467][990]LogSavePackage: Display: Finished SavePackage D:/Game_Taisyo_2023_ver2/GameTaisyou_2023/Content/BP/BP_Battle.uasset
[2023.05.17-01.22.37:644][823]LogEditorTransaction: Undo ノードを移動
[2023.05.17-01.22.37:776][824]LogEditorTransaction: Undo PIEリンクを作成
[2023.05.17-01.22.37:906][825]LogEditorTransaction: Undo PIEリンクを作成
[2023.05.17-01.22.38:042][826]LogEditorTransaction: Undo ノードを移動
[2023.05.17-01.22.38:184][827]LogEditorTransaction: Undo PIEリンクを作成
[2023.05.17-01.22.38:234][827]LogEditorTransaction: Undo ノードを移動
[2023.05.17-01.22.38:355][828]LogEditorTransaction: Undo ノードを移動
[2023.05.17-01.22.38:482][829]LogEditorTransaction: Undo ノードを移動
[2023.05.17-01.22.38:612][830]LogEditorTransaction: Undo ピンのリンクを切断
[2023.05.17-01.22.38:746][831]LogEditorTransaction: Undo ノードを移動
[2023.05.17-01.22.39:907][894]LogEditorTransaction: Undo ノードを移動
[2023.05.17-01.22.40:337][913]LogEditorTransaction: Undo ピンのリンクを切断
[2023.05.17-01.22.40:754][930]LogEditorTransaction: Undo ピンのリンクを切断
[2023.05.17-01.22.41:216][951]LogEditorTransaction: Undo クリップボードの内容を貼り付け
[2023.05.17-01.22.58:333][947]LogEditorTransaction: Undo ノードを移動
[2023.05.17-01.23.40:562][469]BlueprintLog: New page: BP_Battle をコンパイル
[2023.05.17-01.23.41:722][479]Cmd: OBJ SAVEPACKAGE PACKAGE="/Game/BP/BP_Battle" FILE="D:/Game_Taisyo_2023_ver2/GameTaisyou_2023/Content/BP/BP_Battle.uasset" SILENT=true
[2023.05.17-01.23.42:857][479]LogSavePackage: Save=1130.68ms
[2023.05.17-01.23.42:857][479]LogSavePackage: Moving 'D:/Game_Taisyo_2023_ver2/GameTaisyou_2023/Saved/BP_Battle8897C60D444626A64A08578675BC53B9.tmp' to 'D:/Game_Taisyo_2023_ver2/GameTaisyou_2023/Content/BP/BP_Battle.uasset'
[2023.05.17-01.23.42:859][479]LogSavePackage: Display: Finished SavePackage D:/Game_Taisyo_2023_ver2/GameTaisyou_2023/Content/BP/BP_Battle.uasset
[2023.05.17-01.24.38:150][795]BlueprintLog: New page: BP_Battle をコンパイル
[2023.05.17-01.24.38:901][798]Cmd: OBJ SAVEPACKAGE PACKAGE="/Game/BP/BP_Battle" FILE="D:/Game_Taisyo_2023_ver2/GameTaisyou_2023/Content/BP/BP_Battle.uasset" SILENT=true
[2023.05.17-01.24.40:175][798]LogSavePackage: Save=1269.52ms
[2023.05.17-01.24.40:176][798]LogSavePackage: Moving 'D:/Game_Taisyo_2023_ver2/GameTaisyou_2023/Saved/BP_Battle0D15AE9F4E9C40087EB30DAF5027DE72.tmp' to 'D:/Game_Taisyo_2023_ver2/GameTaisyou_2023/Content/BP/BP_Battle.uasset'
[2023.05.17-01.24.40:178][798]LogSavePackage: Display: Finished SavePackage D:/Game_Taisyo_2023_ver2/GameTaisyou_2023/Content/BP/BP_Battle.uasset
[2023.05.17-01.24.52:876][547]BlueprintLog: New page: BP_Battle をコンパイル
[2023.05.17-01.24.56:111][697]Cmd: OBJ SAVEPACKAGE PACKAGE="/Game/BP/BP_Battle" FILE="D:/Game_Taisyo_2023_ver2/GameTaisyou_2023/Content/BP/BP_Battle.uasset" SILENT=true
[2023.05.17-01.24.57:196][697]LogSavePackage: Save=1078.45ms
[2023.05.17-01.24.57:196][697]LogSavePackage: Moving 'D:/Game_Taisyo_2023_ver2/GameTaisyou_2023/Saved/BP_Battle9CE909BE42C0B2008B9AF4B9A55C1D24.tmp' to 'D:/Game_Taisyo_2023_ver2/GameTaisyou_2023/Content/BP/BP_Battle.uasset'
[2023.05.17-01.24.57:198][697]LogSavePackage: Display: Finished SavePackage D:/Game_Taisyo_2023_ver2/GameTaisyou_2023/Content/BP/BP_Battle.uasset
[2023.05.17-01.27.53:832][274]LogEditorTransaction: Undo ノードを移動
[2023.05.17-01.28.51:132][684]Cmd: TRANSACTION UNDO
[2023.05.17-01.28.51:132][684]LogEditorTransaction: Undo Show Pin を編集
[2023.05.17-01.30.35:128][792]BlueprintLog: New page: マクロに折りたたむ
[2023.05.17-01.31.18:261][335]BlueprintLog: New page: BP_Battle をコンパイル
[2023.05.17-01.31.19:176][335]Cmd: OBJ SAVEPACKAGE PACKAGE="/Game/BP/BP_Battle" FILE="D:/Game_Taisyo_2023_ver2/GameTaisyou_2023/Content/BP/BP_Battle.uasset" SILENT=true
[2023.05.17-01.31.20:328][335]LogSavePackage: Save=1145.53ms
[2023.05.17-01.31.20:328][335]LogSavePackage: Moving 'D:/Game_Taisyo_2023_ver2/GameTaisyou_2023/Saved/BP_BattleB6B7F4CF408A66867D97F2BD661CEA67.tmp' to 'D:/Game_Taisyo_2023_ver2/GameTaisyou_2023/Content/BP/BP_Battle.uasset'
[2023.05.17-01.31.20:330][335]LogSavePackage: Display: Finished SavePackage D:/Game_Taisyo_2023_ver2/GameTaisyou_2023/Content/BP/BP_Battle.uasset
[2023.05.17-01.31.21:361][395]Cmd: OBJ SAVEPACKAGE PACKAGE="/Game/BP/BP_Battle" FILE="D:/Game_Taisyo_2023_ver2/GameTaisyou_2023/Content/BP/BP_Battle.uasset" SILENT=true
[2023.05.17-01.31.22:500][395]LogSavePackage: Save=1133.58ms
[2023.05.17-01.31.22:500][395]LogSavePackage: Moving 'D:/Game_Taisyo_2023_ver2/GameTaisyou_2023/Saved/BP_Battle6E96D9064B249F54BF095FA23BB23711.tmp' to 'D:/Game_Taisyo_2023_ver2/GameTaisyou_2023/Content/BP/BP_Battle.uasset'
[2023.05.17-01.31.22:502][395]LogSavePackage: Display: Finished SavePackage D:/Game_Taisyo_2023_ver2/GameTaisyou_2023/Content/BP/BP_Battle.uasset
[2023.05.17-01.31.25:063][438]Cmd: OBJ SAVEPACKAGE PACKAGE="/Game/Map/LastBattleMap" FILE="D:/Game_Taisyo_2023_ver2/GameTaisyou_2023/Content/Map/LastBattleMap.umap" SILENT=true AUTOSAVING=false KEEPDIRTY=false
[2023.05.17-01.31.25:887][438]LogSavePackage: Save=798.25ms
[2023.05.17-01.31.25:887][438]LogSavePackage: Moving 'D:/Game_Taisyo_2023_ver2/GameTaisyou_2023/Saved/LastBattleMap47F091E543630D7D3FEB869569B97879.tmp' to 'D:/Game_Taisyo_2023_ver2/GameTaisyou_2023/Content/Map/LastBattleMap.umap'
[2023.05.17-01.31.25:889][438]LogSavePackage: Display: Finished SavePackage D:/Game_Taisyo_2023_ver2/GameTaisyou_2023/Content/Map/LastBattleMap.umap
[2023.05.17-01.31.25:903][438]LogFileHelpers: Saving map 'LastBattleMap' took 0.901
[2023.05.17-01.31.26:099][438]LogActorComponent: UnregisterComponent: (/Engine/Transient.EditorFloorComp) Not registered. Aborting.
[2023.05.17-01.31.26:339][439]Cmd: QUIT_EDITOR
[2023.05.17-01.31.26:398][439]LogWindowsTextInputMethodSystem: Display: IME system now activated using TSF (Microsoft IME).
[2023.05.17-01.31.26:405][439]LogExit: Preparing to exit.
[2023.05.17-01.31.27:303][439]LogExit: Editor shut down
[2023.05.17-01.31.27:316][439]LogExit: Transaction tracking system shut down
[2023.05.17-01.31.27:412][439]LogDirectoryWatcher: A directory notification for '../../../Engine/Content/' was aborted.
[2023.05.17-01.31.27:412][439]LogDirectoryWatcher: A directory notification for 'D:/Game_Taisyo_2023_ver2/GameTaisyou_2023/Content/' was aborted.
[2023.05.17-01.31.27:412][439]LogDirectoryWatcher: A directory notification for '../../../Engine/Plugins/2D/Paper2D/Content/' was aborted.
[2023.05.17-01.31.27:412][439]LogDirectoryWatcher: A directory notification for '../../../Engine/Plugins/Runtime/Oculus/OculusVR/Content/' was aborted.
[2023.05.17-01.31.27:413][439]LogDirectoryWatcher: A directory notification for '../../../Engine/Plugins/Runtime/Steam/SteamVR/Content/' was aborted.
[2023.05.17-01.31.27:490][439]LogExit: Object subsystem successfully closed.
[2023.05.17-01.31.27:518][439]LogD3D11RHI: Shutdown
[2023.05.17-01.31.27:518][439]LogD3D11RHI: CleanupD3DDevice
[2023.05.17-01.31.27:626][439]LogD3D11RHI: ~FD3D11DynamicRHI
[2023.05.17-01.31.27:648][439]LogModuleManager: Shutting down and abandoning module SequencerWidgets (538)
[2023.05.17-01.31.27:648][439]LogModuleManager: Shutting down and abandoning module BlueprintGraph (536)
[2023.05.17-01.31.27:648][439]LogModuleManager: Shutting down and abandoning module BlueprintProfiler (534)
[2023.05.17-01.31.27:649][439]LogModuleManager: Shutting down and abandoning module HierarchicalLODOutliner (532)
[2023.05.17-01.31.27:649][439]LogModuleManager: Shutting down and abandoning module WorldBrowser (530)
[2023.05.17-01.31.27:649][439]LogModuleManager: Shutting down and abandoning module SceneOutliner (528)
[2023.05.17-01.31.27:649][439]LogModuleManager: Shutting down and abandoning module AddContentDialog (526)
[2023.05.17-01.31.27:649][439]LogDirectoryWatcher: A directory notification for 'C:/Program Files/Epic Games/UE_4.17/FeaturePacks/' was aborted.
[2023.05.17-01.31.27:652][439]LogModuleManager: Shutting down and abandoning module WidgetCarousel (525)
[2023.05.17-01.31.27:652][439]LogModuleManager: Shutting down and abandoning module EditorWidgets (522)
[2023.05.17-01.31.27:652][439]LogModuleManager: Shutting down and abandoning module CollectionManager (520)
[2023.05.17-01.31.27:652][439]LogDirectoryWatcher: A directory notification for 'D:/Game_Taisyo_2023_ver2/GameTaisyou_2023/Content/Collections/' was aborted.
[2023.05.17-01.31.27:652][439]LogDirectoryWatcher: A directory notification for 'D:/Game_Taisyo_2023_ver2/GameTaisyou_2023/Content/Developers/kbc12006137/Collections/' was aborted.
[2023.05.17-01.31.27:652][439]LogDirectoryWatcher: A directory notification for 'D:/Game_Taisyo_2023_ver2/GameTaisyou_2023/Saved/Collections/' was aborted.
[2023.05.17-01.31.27:652][439]LogModuleManager: Shutting down and abandoning module StatsViewer (518)
[2023.05.17-01.31.27:652][439]LogModuleManager: Shutting down and abandoning module FoliageEdit (516)
[2023.05.17-01.31.27:652][439]LogModuleManager: Shutting down and abandoning module LandscapeEditor (514)
[2023.05.17-01.31.27:653][439]LogModuleManager: Shutting down and abandoning module MeshPaintMode (512)
[2023.05.17-01.31.27:653][439]LogModuleManager: Shutting down and abandoning module SceneDepthPickerMode (510)
[2023.05.17-01.31.27:653][439]LogModuleManager: Shutting down and abandoning module ActorPickerMode (508)
[2023.05.17-01.31.27:653][439]LogModuleManager: Shutting down and abandoning module GeometryMode (506)
[2023.05.17-01.31.27:653][439]LogModuleManager: Shutting down and abandoning module TextureAlignMode (504)
[2023.05.17-01.31.27:653][439]LogModuleManager: Shutting down and abandoning module BspMode (502)
[2023.05.17-01.31.27:653][439]LogModuleManager: Shutting down and abandoning module PIEPreviewDeviceProfileSelector (500)
[2023.05.17-01.31.27:653][439]LogModuleManager: Shutting down and abandoning module HardwareSurvey (498)
[2023.05.17-01.31.27:653][439]LogModuleManager: Shutting down and abandoning module SequenceRecorderSections (496)
[2023.05.17-01.31.27:653][439]LogModuleManager: Shutting down and abandoning module AutomationWorker (494)
[2023.05.17-01.31.27:653][439]LogModuleManager: Shutting down and abandoning module MatineeToLevelSequence (492)
[2023.05.17-01.31.27:653][439]LogModuleManager: Shutting down and abandoning module LevelSequenceEditor (490)
[2023.05.17-01.31.27:653][439]LogModuleManager: Shutting down and abandoning module PlacementMode (489)
[2023.05.17-01.31.27:653][439]LogModuleManager: Shutting down and abandoning module WmfMediaFactory (486)
[2023.05.17-01.31.27:653][439]LogModuleManager: Shutting down and abandoning module WmfMediaEditor (484)
[2023.05.17-01.31.27:653][439]LogModuleManager: Shutting down and abandoning module AvfMediaFactory (482)
[2023.05.17-01.31.27:653][439]LogModuleManager: Shutting down and abandoning module AvfMediaEditor (480)
[2023.05.17-01.31.27:653][439]LogModuleManager: Shutting down and abandoning module AndroidMediaFactory (478)
[2023.05.17-01.31.27:653][439]LogModuleManager: Shutting down and abandoning module Media (477)
[2023.05.17-01.31.27:653][439]LogModuleManager: Shutting down and abandoning module AndroidMediaEditor (474)
[2023.05.17-01.31.27:653][439]LogModuleManager: Shutting down and abandoning module CharacterAI (472)
[2023.05.17-01.31.27:653][439]LogModuleManager: Shutting down and abandoning module AudioCapture (470)
[2023.05.17-01.31.27:653][439]LogModuleManager: Shutting down and abandoning module SequenceRecorder (469)
[2023.05.17-01.31.27:653][439]LogModuleManager: Shutting down and abandoning module SmartSnapping (466)
[2023.05.17-01.31.27:653][439]LogModuleManager: Shutting down and abandoning module SessionServices (464)
[2023.05.17-01.31.27:653][439]LogModuleManager: Shutting down and abandoning module ViewportSnapping (462)
[2023.05.17-01.31.27:653][439]LogModuleManager: Shutting down and abandoning module ViewportInteraction (460)
[2023.05.17-01.31.27:654][439]LogModuleManager: Shutting down and abandoning module ClothPainter (458)
[2023.05.17-01.31.27:654][439]LogModuleManager: Shutting down and abandoning module LogVisualizer (456)
[2023.05.17-01.31.27:654][439]LogModuleManager: Shutting down and abandoning module IntroTutorials (454)
[2023.05.17-01.31.27:654][439]LogModuleManager: Shutting down and abandoning module GameProjectGeneration (453)
[2023.05.17-01.31.27:654][439]LogModuleManager: Shutting down and abandoning module IOSPlatformEditor (450)
[2023.05.17-01.31.27:654][439]LogModuleManager: Shutting down and abandoning module HTML5PlatformEditor (448)
[2023.05.17-01.31.27:654][439]LogModuleManager: Shutting down and abandoning module AndroidPlatformEditor (446)
[2023.05.17-01.31.27:654][439]LogModuleManager: Shutting down and abandoning module AndroidDeviceDetection (445)
[2023.05.17-01.31.28:241][439]LogModuleManager: Shutting down and abandoning module WindowsPlatformEditor (442)
[2023.05.17-01.31.28:241][439]LogModuleManager: Shutting down and abandoning module IOSRuntimeSettings (440)
[2023.05.17-01.31.28:241][439]LogModuleManager: Shutting down and abandoning module AndroidRuntimeSettings (438)
[2023.05.17-01.31.28:241][439]LogModuleManager: Shutting down and abandoning module InputBindingEditor (436)
[2023.05.17-01.31.28:249][439]LogModuleManager: Shutting down and abandoning module MergeActors (434)
[2023.05.17-01.31.28:249][439]LogModuleManager: Shutting down and abandoning module SizeMap (432)
[2023.05.17-01.31.28:249][439]LogModuleManager: Shutting down and abandoning module TreeMap (430)
[2023.05.17-01.31.28:249][439]LogModuleManager: Shutting down and abandoning module ReferenceViewer (428)
[2023.05.17-01.31.28:249][439]LogModuleManager: Shutting down and abandoning module LocalizationDashboard (426)
[2023.05.17-01.31.28:249][439]LogModuleManager: Shutting down and abandoning module LocalizationService (425)
[2023.05.17-01.31.28:250][439]LogModuleManager: Shutting down and abandoning module HardwareTargeting (422)
[2023.05.17-01.31.28:250][439]LogModuleManager: Shutting down and abandoning module DeviceProfileEditor (420)
[2023.05.17-01.31.28:250][439]LogModuleManager: Shutting down and abandoning module UndoHistory (418)
[2023.05.17-01.31.28:250][439]LogModuleManager: Shutting down and abandoning module XmlParser (416)
[2023.05.17-01.31.28:250][439]LogModuleManager: Shutting down and abandoning module Blutility (414)
[2023.05.17-01.31.28:250][439]LogModuleManager: Shutting down and abandoning module ProjectSettingsViewer (412)
[2023.05.17-01.31.28:250][439]LogModuleManager: Shutting down and abandoning module ProjectTargetPlatformEditor (411)
[2023.05.17-01.31.28:251][439]LogModuleManager: Shutting down and abandoning module EditorSettingsViewer (408)
[2023.05.17-01.31.28:251][439]LogModuleManager: Shutting down and abandoning module SettingsEditor (406)
[2023.05.17-01.31.28:252][439]LogModuleManager: Shutting down and abandoning module ProjectLauncher (404)
[2023.05.17-01.31.28:252][439]LogModuleManager: Shutting down and abandoning module SessionFrontend (402)
[2023.05.17-01.31.28:252][439]LogModuleManager: Shutting down and abandoning module ProfilerClient (400)
[2023.05.17-01.31.28:252][439]LogModuleManager: Shutting down and abandoning module DeviceManager (398)
[2023.05.17-01.31.28:252][439]LogModuleManager: Shutting down and abandoning module TargetDeviceServices (397)
[2023.05.17-01.31.28:306][439]LogModuleManager: Shutting down and abandoning module AutomationController (394)
[2023.05.17-01.31.28:306][439]LogModuleManager: Shutting down and abandoning module AutomationWindow (392)
[2023.05.17-01.31.28:306][439]LogModuleManager: Shutting down and abandoning module Layers (390)
[2023.05.17-01.31.28:308][439]LogModuleManager: Shutting down and abandoning module ComponentVisualizers (388)
[2023.05.17-01.31.28:308][439]LogModuleManager: Shutting down and abandoning module DetailCustomizations (386)
[2023.05.17-01.31.28:308][439]LogModuleManager: Shutting down and abandoning module PackagesDialog (384)
[2023.05.17-01.31.28:309][439]LogModuleManager: Shutting down and abandoning module Persona (382)
[2023.05.17-01.31.28:310][439]LogModuleManager: Shutting down and abandoning module AdvancedPreviewScene (381)
[2023.05.17-01.31.28:310][439]LogModuleManager: Shutting down and abandoning module AnimGraph (379)
[2023.05.17-01.31.28:310][439]LogModuleManager: Shutting down and abandoning module Kismet (376)
[2023.05.17-01.31.28:340][439]LogModuleManager: Shutting down and abandoning module ClassViewer (374)
[2023.05.17-01.31.28:342][439]LogModuleManager: Shutting down and abandoning module Toolbox (372)
[2023.05.17-01.31.28:342][439]LogModuleManager: Shutting down and abandoning module ModuleUI (370)
[2023.05.17-01.31.28:342][439]LogModuleManager: Shutting down and abandoning module MovieSceneTools (368)
[2023.05.17-01.31.28:343][439]LogModuleManager: Shutting down and abandoning module OutputLog (366)
[2023.05.17-01.31.28:343][439]LogModuleManager: Shutting down and abandoning module GammaUI (364)
[2023.05.17-01.31.28:343][439]LogModuleManager: Shutting down and abandoning module Documentation (362)
[2023.05.17-01.31.28:343][439]LogModuleManager: Shutting down and abandoning module MovieSceneTracks (360)
[2023.05.17-01.31.28:343][439]LogModuleManager: Shutting down and abandoning module MovieScene (358)
[2023.05.17-01.31.28:343][439]LogModuleManager: Shutting down and abandoning module Niagara (356)
[2023.05.17-01.31.28:343][439]LogModuleManager: Shutting down and abandoning module NiagaraEditor (355)
[2023.05.17-01.31.28:344][439]LogModuleManager: Shutting down and abandoning module StreamingPauseRendering (352)
[2023.05.17-01.31.28:344][439]LogModuleManager: Shutting down and abandoning module LauncherPlatform (350)
[2023.05.17-01.31.28:344][439]LogModuleManager: Shutting down and abandoning module AnalyticsET (348)
[2023.05.17-01.31.28:344][439]LogModuleManager: Shutting down and abandoning module PortalServices (346)
[2023.05.17-01.31.28:344][439]LogModuleManager: Shutting down and abandoning module PortalRpc (344)
[2023.05.17-01.31.28:344][439]LogModuleManager: Shutting down and abandoning module MessagingRpc (342)
[2023.05.17-01.31.28:344][439]LogModuleManager: Shutting down and abandoning module AIModule (340)
[2023.05.17-01.31.28:344][439]LogModuleManager: Shutting down and abandoning module GameplayDebugger (339)
[2023.05.17-01.31.28:344][439]LogModuleManager: Shutting down and abandoning module AITestSuite (337)
[2023.05.17-01.31.28:344][439]LogModuleManager: Shutting down and abandoning module ProfilerService (334)
[2023.05.17-01.31.28:382][439]LogModuleManager: Shutting down and abandoning module TaskGraph (332)
[2023.05.17-01.31.28:382][439]LogModuleManager: Shutting down and abandoning module SteamVRController (330)
[2023.05.17-01.31.28:382][439]LogModuleManager: Shutting down and abandoning module ProceduralMeshComponentEditor (328)
[2023.05.17-01.31.28:382][439]LogModuleManager: Shutting down and abandoning module ProceduralMeshComponent (326)
[2023.05.17-01.31.28:382][439]LogModuleManager: Shutting down and abandoning module OculusInput (324)
[2023.05.17-01.31.28:382][439]LogModuleManager: Shutting down and abandoning module MobilePatchingUtils (322)
[2023.05.17-01.31.28:382][439]LogModuleManager: Shutting down and abandoning module CustomMeshComponent (320)
[2023.05.17-01.31.28:382][439]LogModuleManager: Shutting down and abandoning module CableComponent (318)
[2023.05.17-01.31.28:382][439]LogModuleManager: Shutting down and abandoning module ArchVisCharacter (316)
[2023.05.17-01.31.28:382][439]LogModuleManager: Shutting down and abandoning module AndroidPermission (314)
[2023.05.17-01.31.28:382][439]LogModuleManager: Shutting down and abandoning module MediaPlayerEditor (310)
[2023.05.17-01.31.28:383][439]LogModuleManager: Shutting down and abandoning module HTML5Networking (308)
[2023.05.17-01.31.28:383][439]LogModuleManager: Shutting down and abandoning module AlembicImporter (306)
[2023.05.17-01.31.28:383][439]LogModuleManager: Shutting down and abandoning module AlembicLibrary (305)
[2023.05.17-01.31.28:383][439]LogModuleManager: Shutting down and abandoning module GeometryCache (304)
[2023.05.17-01.31.28:383][439]LogModuleManager: Shutting down and abandoning module GeometryCacheEd (303)
[2023.05.17-01.31.28:383][439]LogModuleManager: Shutting down and abandoning module SpeedTreeImporter (298)
[2023.05.17-01.31.28:383][439]LogModuleManager: Shutting down and abandoning module PluginBrowser (296)
[2023.05.17-01.31.28:383][439]LogModuleManager: Shutting down and abandoning module MobileLauncherProfileWizard (294)
[2023.05.17-01.31.28:383][439]LogModuleManager: Shutting down and abandoning module VisualStudioSourceCodeAccess (292)
[2023.05.17-01.31.28:383][439]LogModuleManager: Shutting down and abandoning module DesktopPlatform (291)
[2023.05.17-01.31.28:383][439]LogModuleManager: Shutting down and abandoning module UObjectPlugin (288)
[2023.05.17-01.31.28:383][439]LogModuleManager: Shutting down and abandoning module SubversionSourceControl (286)
[2023.05.17-01.31.28:383][439]LogModuleManager: Shutting down and abandoning module PerforceSourceControl (284)
[2023.05.17-01.31.28:384][439]LogModuleManager: Shutting down and abandoning module GitSourceControl (282)
[2023.05.17-01.31.28:384][439]LogModuleManager: Shutting down and abandoning module SourceControl (281)
[2023.05.17-01.31.28:384][439]LogModuleManager: Shutting down and abandoning module LightPropagationVolumeEditor (278)
[2023.05.17-01.31.28:384][439]LogModuleManager: Shutting down and abandoning module PaperTiledImporter (276)
[2023.05.17-01.31.28:384][439]LogModuleManager: Shutting down and abandoning module PaperSpriteSheetImporter (274)
[2023.05.17-01.31.28:384][439]LogModuleManager: Shutting down and abandoning module Paper2DEditor (272)
[2023.05.17-01.31.28:384][439]LogModuleManager: Shutting down and abandoning module MeshPaint (271)
[2023.05.17-01.31.28:384][439]LogModuleManager: Shutting down and abandoning module LevelEditor (269)
[2023.05.17-01.31.28:385][439]LogModuleManager: Shutting down and abandoning module PixelInspectorModule (268)
[2023.05.17-01.31.28:385][439]LogModuleManager: Shutting down and abandoning module MainFrame (266)
[2023.05.17-01.31.28:385][439]LogModuleManager: Shutting down and abandoning module HotReload (265)
[2023.05.17-01.31.28:385][439]LogModuleManager: Shutting down and abandoning module RuntimePhysXCooking (260)
[2023.05.17-01.31.28:385][439]LogModuleManager: Shutting down and abandoning module PhysXVehiclesEditor (258)
[2023.05.17-01.31.28:385][439]LogModuleManager: Shutting down and abandoning module PhysXVehicles (256)
[2023.05.17-01.31.28:385][439]LogModuleManager: Shutting down and abandoning module OculusEditor (254)
[2023.05.17-01.31.28:385][439]LogModuleManager: Shutting down and abandoning module LocationServicesBPLibrary (252)
[2023.05.17-01.31.28:385][439]LogModuleManager: Shutting down and abandoning module ImmediatePhysicsEditor (250)
[2023.05.17-01.31.28:385][439]LogModuleManager: Shutting down and abandoning module ImmediatePhysics (248)
[2023.05.17-01.31.28:385][439]LogModuleManager: Shutting down and abandoning module UdpMessaging (246)
[2023.05.17-01.31.28:486][439]LogModuleManager: Shutting down and abandoning module TcpMessaging (244)
[2023.05.17-01.31.28:586][439]LogModuleManager: Shutting down and abandoning module GameplayTagsEditor (242)
[2023.05.17-01.31.28:587][439]LogModuleManager: Shutting down and abandoning module FacialAnimationEditor (240)
[2023.05.17-01.31.28:587][439]LogModuleManager: Shutting down and abandoning module FacialAnimation (238)
[2023.05.17-01.31.28:587][439]LogModuleManager: Shutting down and abandoning module AssetManagerEditor (236)
[2023.05.17-01.31.28:587][439]LogModuleManager: Shutting down and abandoning module GraphEditor (235)
[2023.05.17-01.31.28:587][439]LogModuleManager: Shutting down and abandoning module ContentBrowser (233)
[2023.05.17-01.31.28:589][439]LogModuleManager: Shutting down and abandoning module LightPropagationVolumeRuntime (230)
[2023.05.17-01.31.28:589][439]LogModuleManager: Shutting down and abandoning module Paper2D (228)
[2023.05.17-01.31.28:589][439]LogModuleManager: Shutting down and abandoning module WindowsMoviePlayer (226)
[2023.05.17-01.31.28:589][439]LogModuleManager: Shutting down and abandoning module WmfMedia (224)
[2023.05.17-01.31.28:590][439]LogModuleManager: Shutting down and abandoning module PacketHandler (222)
[2023.05.17-01.31.28:590][439]LogModuleManager: Shutting down and abandoning module ClothingSystemEditor (220)
[2023.05.17-01.31.28:590][439]LogModuleManager: Shutting down and abandoning module ClothingSystemRuntime (218)
[2023.05.17-01.31.28:591][439]LogModuleManager: Shutting down and abandoning module Overlay (216)
[2023.05.17-01.31.28:591][439]LogModuleManager: Shutting down and abandoning module OverlayEditor (215)
[2023.05.17-01.31.28:591][439]LogModuleManager: Shutting down and abandoning module MediaAssets (212)
[2023.05.17-01.31.28:591][439]LogModuleManager: Shutting down and abandoning module VREditor (210)
[2023.05.17-01.31.28:591][439]LogModuleManager: Shutting down and abandoning module StringTableEditor (208)
[2023.05.17-01.31.28:591][439]LogModuleManager: Shutting down and abandoning module GameplayTasksEditor (206)
[2023.05.17-01.31.28:591][439]LogModuleManager: Shutting down and abandoning module BehaviorTreeEditor (204)
[2023.05.17-01.31.28:592][439]LogModuleManager: Shutting down and abandoning module FunctionalTesting (202)
[2023.05.17-01.31.28:592][439]LogModuleManager: Shutting down and abandoning module CollisionAnalyzer (200)
[2023.05.17-01.31.28:592][439]LogModuleManager: Shutting down and abandoning module WorkspaceMenuStructure (199)
[2023.05.17-01.31.28:592][439]LogModuleManager: Shutting down and abandoning module UMG (196)
[2023.05.17-01.31.28:592][439]LogModuleManager: Shutting down and abandoning module UMGEditor (195)
[2023.05.17-01.31.28:592][439]LogModuleManager: Shutting down and abandoning module Sequencer (194)
[2023.05.17-01.31.28:592][439]LogModuleManager: Shutting down and abandoning module MessageLog (191)
[2023.05.17-01.31.28:592][439]LogModuleManager: Shutting down and abandoning module SlateReflector (186)
[2023.05.17-01.31.28:592][439]LogModuleManager: Shutting down and abandoning module Slate (184)
[2023.05.17-01.31.28:592][439]LogModuleManager: Shutting down and abandoning module EditorStyle (182)
[2023.05.17-01.31.28:596][439]LogModuleManager: Shutting down and abandoning module MRMesh (180)
[2023.05.17-01.31.28:596][439]LogModuleManager: Shutting down and abandoning module SourceCodeAccess (178)
[2023.05.17-01.31.28:596][439]LogModuleManager: Shutting down and abandoning module HeadMountedDisplay (176)
[2023.05.17-01.31.28:596][439]LogModuleManager: Shutting down and abandoning module XAudio2 (174)
[2023.05.17-01.31.28:596][439]LogModuleManager: Shutting down and abandoning module Networking (172)
[2023.05.17-01.31.28:596][439]LogModuleManager: Shutting down and abandoning module Core (168)
[2023.05.17-01.31.28:596][439]LogModuleManager: Shutting down and abandoning module KismetCompiler (164)
[2023.05.17-01.31.28:596][439]LogModuleManager: Shutting down and abandoning module LevelSequence (162)
[2023.05.17-01.31.28:596][439]LogModuleManager: Shutting down and abandoning module MeshUtilities (160)
[2023.05.17-01.31.28:597][439]LogModuleManager: Shutting down and abandoning module MeshMergeUtilities (159)
[2023.05.17-01.31.28:597][439]LogModuleManager: Shutting down and abandoning module MeshReductionInterface (158)
[2023.05.17-01.31.28:597][439]LogModuleManager: Shutting down and abandoning module SimplygonSwarm (157)
[2023.05.17-01.31.28:597][439]LogModuleManager: Shutting down and abandoning module SimplygonMeshReduction (155)
[2023.05.17-01.31.28:597][439]LogModuleManager: Shutting down and abandoning module QuadricMeshReduction (153)
[2023.05.17-01.31.28:597][439]LogModuleManager: Shutting down and abandoning module MaterialBaking (149)
[2023.05.17-01.31.28:598][439]LogModuleManager: Shutting down and abandoning module DirectoryWatcher (146)
[2023.05.17-01.31.28:601][439]LogModuleManager: Shutting down and abandoning module DerivedDataCache (144)
[2023.05.17-01.31.28:612][439]LogDerivedDataCache: Shutdown
[2023.05.17-01.31.28:612][439]LogModuleManager: Shutting down and abandoning module TargetPlatform (142)
[2023.05.17-01.31.28:613][439]LogModuleManager: Shutting down and abandoning module VulkanShaderFormat (141)
[2023.05.17-01.31.28:613][439]LogModuleManager: Shutting down and abandoning module ShaderFormatVectorVM (139)
[2023.05.17-01.31.28:613][439]LogModuleManager: Shutting down and abandoning module ShaderFormatOpenGL (137)
[2023.05.17-01.31.28:613][439]LogModuleManager: Shutting down and abandoning module ShaderFormatD3D (135)
[2023.05.17-01.31.28:613][439]LogModuleManager: Shutting down and abandoning module MetalShaderFormat (133)
[2023.05.17-01.31.28:614][439]LogModuleManager: Shutting down and abandoning module TextureFormatUncompressed (131)
[2023.05.17-01.31.28:614][439]LogModuleManager: Shutting down and abandoning module TextureFormatPVR (129)
[2023.05.17-01.31.28:614][439]LogModuleManager: Shutting down and abandoning module TextureFormatDXT (127)
[2023.05.17-01.31.28:614][439]LogModuleManager: Shutting down and abandoning module TextureFormatIntelISPCTexComp (125)
[2023.05.17-01.31.28:614][439]LogModuleManager: Shutting down and abandoning module TextureFormatASTC (123)
[2023.05.17-01.31.28:614][439]LogModuleManager: Shutting down and abandoning module ImageWrapper (122)
[2023.05.17-01.31.28:614][439]LogModuleManager: Shutting down and abandoning module TextureFormatAndroid (119)
[2023.05.17-01.31.28:614][439]LogModuleManager: Shutting down and abandoning module AudioFormatOpus (117)
[2023.05.17-01.31.28:614][439]LogModuleManager: Shutting down and abandoning module AudioFormatOgg (115)
[2023.05.17-01.31.28:614][439]LogModuleManager: Shutting down and abandoning module AudioFormatADPCM (113)
[2023.05.17-01.31.28:614][439]LogModuleManager: Shutting down and abandoning module LinuxTargetPlatform (111)
[2023.05.17-01.31.28:614][439]LogModuleManager: Shutting down and abandoning module LinuxServerTargetPlatform (109)
[2023.05.17-01.31.28:614][439]LogModuleManager: Shutting down and abandoning module LinuxNoEditorTargetPlatform (107)
[2023.05.17-01.31.28:614][439]LogModuleManager: Shutting down and abandoning module LinuxClientTargetPlatform (105)
[2023.05.17-01.31.28:614][439]LogModuleManager: Shutting down and abandoning module TVOSTargetPlatform (103)
[2023.05.17-01.31.28:614][439]LogModuleManager: Shutting down and abandoning module Messaging (101)
[2023.05.17-01.31.28:614][439]LogModuleManager: Shutting down and abandoning module IOSTargetPlatform (99)
[2023.05.17-01.31.28:614][439]LogModuleManager: Shutting down and abandoning module HTML5TargetPlatform (97)
[2023.05.17-01.31.28:614][439]LogModuleManager: Shutting down and abandoning module Android_PVRTCTargetPlatform (95)
[2023.05.17-01.31.28:614][439]LogModuleManager: Shutting down and abandoning module Android_MultiTargetPlatform (93)
[2023.05.17-01.31.28:614][439]LogModuleManager: Shutting down and abandoning module Android_ETC2TargetPlatform (91)
[2023.05.17-01.31.28:614][439]LogModuleManager: Shutting down and abandoning module Android_ETC1TargetPlatform (89)
[2023.05.17-01.31.28:614][439]LogModuleManager: Shutting down and abandoning module Android_DXTTargetPlatform (87)
[2023.05.17-01.31.28:614][439]LogModuleManager: Shutting down and abandoning module Android_ATCTargetPlatform (85)
[2023.05.17-01.31.28:614][439]LogModuleManager: Shutting down and abandoning module Android_ASTCTargetPlatform (83)
[2023.05.17-01.31.28:614][439]LogModuleManager: Shutting down and abandoning module AndroidTargetPlatform (81)
[2023.05.17-01.31.28:614][439]LogModuleManager: Shutting down and abandoning module WindowsTargetPlatform (79)
[2023.05.17-01.31.28:614][439]LogModuleManager: Shutting down and abandoning module WindowsServerTargetPlatform (77)
[2023.05.17-01.31.28:614][439]LogModuleManager: Shutting down and abandoning module WindowsNoEditorTargetPlatform (75)
[2023.05.17-01.31.28:614][439]LogModuleManager: Shutting down and abandoning module WindowsClientTargetPlatform (73)
[2023.05.17-01.31.28:614][439]LogModuleManager: Shutting down and abandoning module MacTargetPlatform (71)
[2023.05.17-01.31.28:614][439]LogModuleManager: Shutting down and abandoning module MacServerTargetPlatform (69)
[2023.05.17-01.31.28:614][439]LogModuleManager: Shutting down and abandoning module MacNoEditorTargetPlatform (67)
[2023.05.17-01.31.28:615][439]LogModuleManager: Shutting down and abandoning module MacClientTargetPlatform (65)
[2023.05.17-01.31.28:615][439]LogModuleManager: Shutting down and abandoning module AllDesktopTargetPlatform (63)
[2023.05.17-01.31.28:615][439]LogModuleManager: Shutting down and abandoning module InputCore (60)
[2023.05.17-01.31.28:615][439]LogModuleManager: Shutting down and abandoning module Settings (58)
[2023.05.17-01.31.28:615][439]LogModuleManager: Shutting down and abandoning module PhysXCooking (56)
[2023.05.17-01.31.28:615][439]LogModuleManager: Shutting down and abandoning module SteamVR (54)
[2023.05.17-01.31.28:615][439]LogModuleManager: Shutting down and abandoning module OculusHMD (52)
[2023.05.17-01.31.28:615][439]LogModuleManager: Shutting down and abandoning module ExampleDeviceProfileSelector (50)
[2023.05.17-01.31.28:615][439]LogModuleManager: Shutting down and abandoning module OnlineBlueprintSupport (48)
[2023.05.17-01.31.28:615][439]LogModuleManager: Shutting down and abandoning module OnlineSubsystem (44)
[2023.05.17-01.31.28:615][439]LogOnline: Display: Unloading online subsystem: NULL
[2023.05.17-01.31.28:615][439]LogModuleManager: Shutting down and abandoning module XMPP (43)
[2023.05.17-01.31.28:616][439]LogModuleManager: Shutting down and abandoning module HTTP (41)
[2023.05.17-01.31.28:616][439]LogHttp: Display: Http module shutting down, but needs to wait on 2 outstanding Http requests:
[2023.05.17-01.31.28:616][439]LogHttp: Display: 	verb=[POST] url=[https://datarouter.ol.epicgames.com/datarouter/api/v1/public/data?SessionID=%7B91489492-44DA-4A15-8230-BD9FBD7DDFBB%7D&AppID=UEEditor.Rocket.Release&AppVersion=4.17.2-3658906%2B%2B%2BUE4%2BRelease-4.17&UserID=025d81ba4313f7ede2e4b5aade24dd58%7C1c396782e3db4fe199491e3a12fa3bc4%7Ce1625542-77cd-48e1-9c3c-790e23bc423d&AppEnvironment=datacollector-binary&UploadType=eteventstream] status=Processing
[2023.05.17-01.31.28:616][439]LogHttp: Display: 	verb=[POST] url=[https://datarouter.ol.epicgames.com/datarouter/api/v1/public/data?SessionID=%7B91489492-44DA-4A15-8230-BD9FBD7DDFBB%7D&AppID=UEEditor.Rocket.Release&AppVersion=4.17.2-3658906%2B%2B%2BUE4%2BRelease-4.17&UserID=025d81ba4313f7ede2e4b5aade24dd58%7C1c396782e3db4fe199491e3a12fa3bc4%7Ce1625542-77cd-48e1-9c3c-790e23bc423d&AppEnvironment=datacollector-binary&UploadType=eteventstream] status=Processing
[2023.05.17-01.31.28:649][439]LogModuleManager: Shutting down and abandoning module SSL (40)
[2023.05.17-01.31.28:650][439]LogModuleManager: Shutting down and abandoning module AnimationModifiers (36)
[2023.05.17-01.31.28:651][439]LogModuleManager: Shutting down and abandoning module PropertyEditor (35)
[2023.05.17-01.31.28:651][439]LogModuleManager: Shutting down and abandoning module AudioEditor (32)
[2023.05.17-01.31.28:651][439]LogModuleManager: Shutting down and abandoning module TextureCompressor (30)
[2023.05.17-01.31.28:651][439]LogModuleManager: Shutting down and abandoning module ShaderCore (28)
[2023.05.17-01.31.28:651][439]LogModuleManager: Shutting down and abandoning module Landscape (26)
[2023.05.17-01.31.28:651][439]LogModuleManager: Shutting down and abandoning module SlateRHIRenderer (24)
[2023.05.17-01.31.28:658][439]LogModuleManager: Shutting down and abandoning module OpenGLDrv (22)
[2023.05.17-01.31.28:658][439]LogModuleManager: Shutting down and abandoning module D3D11RHI (20)
[2023.05.17-01.31.28:658][439]LogModuleManager: Shutting down and abandoning module AnimGraphRuntime (18)
[2023.05.17-01.31.28:658][439]LogModuleManager: Shutting down and abandoning module Renderer (16)
[2023.05.17-01.31.28:658][439]LogModuleManager: Shutting down and abandoning module Engine (14)
[2023.05.17-01.31.28:658][439]LogModuleManager: Shutting down and abandoning module CoreUObject (12)
[2023.05.17-01.31.28:658][439]LogModuleManager: Shutting down and abandoning module NetworkFile (10)
[2023.05.17-01.31.28:658][439]LogModuleManager: Shutting down and abandoning module CookedIterativeFile (8)
[2023.05.17-01.31.28:658][439]LogModuleManager: Shutting down and abandoning module StreamingFile (6)
[2023.05.17-01.31.28:659][439]LogModuleManager: Shutting down and abandoning module SandboxFile (4)
[2023.05.17-01.31.28:659][439]LogModuleManager: Shutting down and abandoning module PakFile (2)
[2023.05.17-01.31.28:663][439]LogExit: Exiting.
[2023.05.17-01.31.28:669][439]Log file closed, 05/17/23 10:31:28
